# Error Report - Muppet v3.21 - Generated by eelias-pr - 2010-09-10 05:12:47 

Error: Subscript indices must either be real positive integers or logicals.
An error occured in function: PlotDataset
File: c:\Delft3D\w32\muppet\bin\muppet_mcr\src\plot\PlotDataset.m
Line: 6
An error occured in function: MakeSubplot
File: c:\Delft3D\w32\muppet\bin\muppet_mcr\src\plot\MakeSubplot.m
Line: 18
An error occured in function: MakeFigure
File: c:\Delft3D\w32\muppet\bin\muppet_mcr\src\plot\MakeFigure.m
Line: 35
An error occured in function: ExportFigure
File: c:\Delft3D\w32\muppet\bin\muppet_mcr\src\plot\ExportFigure.m
Line: 12
An error occured in function: muppet
File: c:\Delft3D\w32\muppet\bin\muppet_mcr\src\muppet.m
Line: 62

# Error Report - Muppet v3.21 - Generated by eelias-pr - 2010-09-10 05:13:31 

Error: Subscript indices must either be real positive integers or logicals.
An error occured in function: PlotDataset
File: C:\Delft3D\w32\muppet\bin\muppet_mcr\src\plot\PlotDataset.m
Line: 6
An error occured in function: MakeSubplot
File: C:\Delft3D\w32\muppet\bin\muppet_mcr\src\plot\MakeSubplot.m
Line: 18
An error occured in function: MakeFigure
File: C:\Delft3D\w32\muppet\bin\muppet_mcr\src\plot\MakeFigure.m
Line: 35
An error occured in function: Preview
File: C:\Delft3D\w32\muppet\bin\muppet_mcr\src\gui\Preview.m
Line: 6
An error occured in function: Preview_Callback
File: C:\Delft3D\w32\muppet\bin\muppet_mcr\src\gui\GUI_Muppet.m
Line: 1918
An error occured in function: gui_mainfcn
File: C:\Program Files\MATLAB\MATLAB Component Runtime\v76\toolbox\matlab\guide\gui_mainfcn.m
Line: 95
An error occured in function: GUI_Muppet
File: C:\Delft3D\w32\muppet\bin\muppet_mcr\src\gui\GUI_Muppet.m
Line: 42

