2019-11-08 08:56:12,675] [INFO] file=C:\Users\hendrik_gt\.conda\envs\brl_py36\lib\site-packages\pywps\app\Service.py line=310 module=Service function=call Request: describeprocess
2019-11-08 08:56:29,890] [ERROR] file=C:\Users\hendrik_gt\.conda\envs\brl_py36\lib\site-packages\pywps\exceptions.py line=45 module=exceptions function=__init__ Exception: code: 400, description: Unknown request executeprocess, locator: ExecuteProcess
NoneType: None
2019-11-08 08:57:05,055] [ERROR] file=C:\Users\hendrik_gt\.conda\envs\brl_py36\lib\site-packages\pywps\exceptions.py line=45 module=exceptions function=__init__ Exception: code: 400, description: Unknown request executeprocess, locator: ExecuteProcess
NoneType: None
2019-11-08 08:57:13,579] [INFO] file=C:\Users\hendrik_gt\.conda\envs\brl_py36\lib\site-packages\pywps\app\Service.py line=310 module=Service function=call Request: execute
2019-11-08 08:57:13,688] [INFO] file=C:\Users\hendrik_gt\.conda\envs\brl_py36\lib\site-packages\pywps\app\Process.py line=303 module=Process function=clean Removing temporary working directory: D:\projecten\datamanagement\rws\BasisRivierbodemLigging\wps_brl_modelling\tmp\pywps_process_b1yf_cjp
2019-11-08 12:56:53,636] [INFO] file=C:\Users\hendrik_gt\.conda\envs\brl_py36\lib\site-packages\pywps\app\Service.py line=310 module=Service function=call Request: execute
2019-11-08 12:56:53,799] [INFO] file=C:\Users\hendrik_gt\.conda\envs\brl_py36\lib\site-packages\pywps\app\Process.py line=303 module=Process function=clean Removing temporary working directory: D:\projecten\datamanagement\rws\BasisRivierbodemLigging\wps_brl_modelling\tmp\pywps_process_zk1q6lsq
2019-11-08 12:57:09,368] [ERROR] file=C:\Users\hendrik_gt\.conda\envs\brl_py36\lib\site-packages\pywps\exceptions.py line=45 module=exceptions function=__init__ Exception: code: 400, description: Unknown request describeprocesses, locator: DescribeProcesses
NoneType: None
2019-11-08 12:57:38,352] [INFO] file=C:\Users\hendrik_gt\.conda\envs\brl_py36\lib\site-packages\pywps\app\Service.py line=310 module=Service function=call Request: describeprocess
2019-11-08 12:58:06,343] [INFO] file=C:\Users\hendrik_gt\.conda\envs\brl_py36\lib\site-packages\pywps\app\Service.py line=310 module=Service function=call Request: execute
2019-11-08 12:58:06,412] [INFO] file=C:\Users\hendrik_gt\.conda\envs\brl_py36\lib\site-packages\pywps\validator\complexvalidator.py line=154 module=complexvalidator function=validatejson validating JSON; Mode: 0
2019-11-08 12:58:06,419] [INFO] file=C:\Users\hendrik_gt\.conda\envs\brl_py36\lib\site-packages\pywps\app\Process.py line=303 module=Process function=clean Removing temporary working directory: D:\projecten\datamanagement\rws\BasisRivierbodemLigging\wps_brl_modelling\tmp\pywps_process_zkknkefw
2019-11-08 13:08:08,487] [INFO] file=C:\Users\hendrik_gt\.conda\envs\brl_py36\lib\site-packages\pywps\app\Service.py line=310 module=Service function=call Request: execute
2019-11-08 13:08:08,546] [INFO] file=C:\Users\hendrik_gt\.conda\envs\brl_py36\lib\site-packages\pywps\validator\complexvalidator.py line=154 module=complexvalidator function=validatejson validating JSON; Mode: 0
2019-11-08 13:08:08,553] [INFO] file=C:\Users\hendrik_gt\.conda\envs\brl_py36\lib\site-packages\pywps\app\Process.py line=303 module=Process function=clean Removing temporary working directory: D:\projecten\datamanagement\rws\BasisRivierbodemLigging\wps_brl_modelling\tmp\pywps_process_5se3op_7
2019-11-08 13:08:38,963] [INFO] file=C:\Users\hendrik_gt\.conda\envs\brl_py36\lib\site-packages\pywps\app\Service.py line=310 module=Service function=call Request: execute
2019-11-08 13:08:39,156] [INFO] file=C:\Users\hendrik_gt\.conda\envs\brl_py36\lib\site-packages\pywps\validator\complexvalidator.py line=154 module=complexvalidator function=validatejson validating JSON; Mode: 0
2019-11-08 13:08:39,164] [INFO] file=C:\Users\hendrik_gt\.conda\envs\brl_py36\lib\site-packages\pywps\app\Process.py line=303 module=Process function=clean Removing temporary working directory: D:\projecten\datamanagement\rws\BasisRivierbodemLigging\wps_brl_modelling\tmp\pywps_process_39i09jyd
2019-11-08 13:08:42,376] [INFO] file=C:\Users\hendrik_gt\.conda\envs\brl_py36\lib\site-packages\pywps\app\Service.py line=310 module=Service function=call Request: execute
2019-11-08 13:08:42,517] [INFO] file=C:\Users\hendrik_gt\.conda\envs\brl_py36\lib\site-packages\pywps\validator\complexvalidator.py line=154 module=complexvalidator function=validatejson validating JSON; Mode: 0
2019-11-08 13:08:42,521] [INFO] file=C:\Users\hendrik_gt\.conda\envs\brl_py36\lib\site-packages\pywps\app\Process.py line=303 module=Process function=clean Removing temporary working directory: D:\projecten\datamanagement\rws\BasisRivierbodemLigging\wps_brl_modelling\tmp\pywps_process_dxawogzy
2019-11-08 13:08:43,316] [INFO] file=C:\Users\hendrik_gt\.conda\envs\brl_py36\lib\site-packages\pywps\app\Service.py line=310 module=Service function=call Request: execute
2019-11-08 13:08:43,465] [INFO] file=C:\Users\hendrik_gt\.conda\envs\brl_py36\lib\site-packages\pywps\validator\complexvalidator.py line=154 module=complexvalidator function=validatejson validating JSON; Mode: 0
2019-11-08 13:08:43,469] [INFO] file=C:\Users\hendrik_gt\.conda\envs\brl_py36\lib\site-packages\pywps\app\Process.py line=303 module=Process function=clean Removing temporary working directory: D:\projecten\datamanagement\rws\BasisRivierbodemLigging\wps_brl_modelling\tmp\pywps_process_0bxt2yby
2019-11-08 13:08:43,600] [INFO] file=C:\Users\hendrik_gt\.conda\envs\brl_py36\lib\site-packages\pywps\app\Service.py line=310 module=Service function=call Request: execute
2019-11-08 13:08:43,661] [INFO] file=C:\Users\hendrik_gt\.conda\envs\brl_py36\lib\site-packages\pywps\validator\complexvalidator.py line=154 module=complexvalidator function=validatejson validating JSON; Mode: 0
2019-11-08 13:08:43,667] [INFO] file=C:\Users\hendrik_gt\.conda\envs\brl_py36\lib\site-packages\pywps\app\Process.py line=303 module=Process function=clean Removing temporary working directory: D:\projecten\datamanagement\rws\BasisRivierbodemLigging\wps_brl_modelling\tmp\pywps_process_jaukfle_
2019-11-08 13:08:43,865] [INFO] file=C:\Users\hendrik_gt\.conda\envs\brl_py36\lib\site-packages\pywps\app\Service.py line=310 module=Service function=call Request: execute
2019-11-08 13:08:44,000] [INFO] file=C:\Users\hendrik_gt\.conda\envs\brl_py36\lib\site-packages\pywps\validator\complexvalidator.py line=154 module=complexvalidator function=validatejson validating JSON; Mode: 0
2019-11-08 13:08:44,008] [INFO] file=C:\Users\hendrik_gt\.conda\envs\brl_py36\lib\site-packages\pywps\app\Process.py line=303 module=Process function=clean Removing temporary working directory: D:\projecten\datamanagement\rws\BasisRivierbodemLigging\wps_brl_modelling\tmp\pywps_process_1qnh9b38
2019-11-08 13:08:44,084] [INFO] file=C:\Users\hendrik_gt\.conda\envs\brl_py36\lib\site-packages\pywps\app\Service.py line=310 module=Service function=call Request: execute
2019-11-08 13:08:44,272] [INFO] file=C:\Users\hendrik_gt\.conda\envs\brl_py36\lib\site-packages\pywps\validator\complexvalidator.py line=154 module=complexvalidator function=validatejson validating JSON; Mode: 0
2019-11-08 13:08:44,283] [INFO] file=C:\Users\hendrik_gt\.conda\envs\brl_py36\lib\site-packages\pywps\app\Process.py line=303 module=Process function=clean Removing temporary working directory: D:\projecten\datamanagement\rws\BasisRivierbodemLigging\wps_brl_modelling\tmp\pywps_process__k0wqfxq
2019-11-08 13:37:38,024] [INFO] file=C:\Users\hendrik_gt\.conda\envs\brl_py36\lib\site-packages\pywps\app\Service.py line=310 module=Service function=call Request: execute
2019-11-08 13:37:38,530] [INFO] file=C:\Users\hendrik_gt\.conda\envs\brl_py36\lib\site-packages\pywps\validator\complexvalidator.py line=154 module=complexvalidator function=validatejson validating JSON; Mode: 0
2019-11-08 13:37:38,535] [INFO] file=C:\Users\hendrik_gt\.conda\envs\brl_py36\lib\site-packages\pywps\app\Process.py line=303 module=Process function=clean Removing temporary working directory: D:\projecten\datamanagement\rws\BasisRivierbodemLigging\wps_brl_modelling\tmp\pywps_process_x6_xb60x
2019-11-08 13:41:50,356] [INFO] file=C:\Users\hendrik_gt\.conda\envs\brl_py36\lib\site-packages\pywps\app\Service.py line=310 module=Service function=call Request: execute
2019-11-08 13:41:50,710] [INFO] file=C:\Users\hendrik_gt\.conda\envs\brl_py36\lib\site-packages\pywps\validator\complexvalidator.py line=154 module=complexvalidator function=validatejson validating JSON; Mode: 0
2019-11-08 13:41:50,716] [INFO] file=C:\Users\hendrik_gt\.conda\envs\brl_py36\lib\site-packages\pywps\app\Process.py line=303 module=Process function=clean Removing temporary working directory: D:\projecten\datamanagement\rws\BasisRivierbodemLigging\wps_brl_modelling\tmp\pywps_process_v5ny1w1i
2019-11-08 13:42:42,879] [INFO] file=C:\Users\hendrik_gt\.conda\envs\brl_py36\lib\site-packages\pywps\app\Service.py line=310 module=Service function=call Request: execute
2019-11-08 13:42:43,112] [INFO] file=C:\Users\hendrik_gt\.conda\envs\brl_py36\lib\site-packages\pywps\validator\complexvalidator.py line=154 module=complexvalidator function=validatejson validating JSON; Mode: 0
2019-11-08 13:42:43,121] [INFO] file=C:\Users\hendrik_gt\.conda\envs\brl_py36\lib\site-packages\pywps\app\Process.py line=303 module=Process function=clean Removing temporary working directory: D:\projecten\datamanagement\rws\BasisRivierbodemLigging\wps_brl_modelling\tmp\pywps_process_jppcs32m
2019-11-08 13:44:15,106] [INFO] file=C:\Users\hendrik_gt\.conda\envs\brl_py36\lib\site-packages\pywps\app\Service.py line=310 module=Service function=call Request: execute
2019-11-08 13:44:15,232] [INFO] file=C:\Users\hendrik_gt\.conda\envs\brl_py36\lib\site-packages\pywps\validator\complexvalidator.py line=154 module=complexvalidator function=validatejson validating JSON; Mode: 0
2019-11-08 13:44:15,238] [INFO] file=C:\Users\hendrik_gt\.conda\envs\brl_py36\lib\site-packages\pywps\app\Process.py line=303 module=Process function=clean Removing temporary working directory: D:\projecten\datamanagement\rws\BasisRivierbodemLigging\wps_brl_modelling\tmp\pywps_process_pxj4nllq
2019-11-08 13:57:12,973] [INFO] file=C:\Users\hendrik_gt\.conda\envs\brl_py36\lib\site-packages\pywps\app\Service.py line=310 module=Service function=call Request: execute
2019-11-08 13:57:13,135] [INFO] file=C:\Users\hendrik_gt\.conda\envs\brl_py36\lib\site-packages\pywps\validator\complexvalidator.py line=154 module=complexvalidator function=validatejson validating JSON; Mode: 0
2019-11-08 13:57:13,143] [INFO] file=C:\Users\hendrik_gt\.conda\envs\brl_py36\lib\site-packages\pywps\app\Process.py line=303 module=Process function=clean Removing temporary working directory: D:\projecten\datamanagement\rws\BasisRivierbodemLigging\wps_brl_modelling\tmp\pywps_process_4_g0sx8e
2019-11-08 13:58:01,762] [INFO] file=C:\Users\hendrik_gt\.conda\envs\brl_py36\lib\site-packages\pywps\app\Service.py line=310 module=Service function=call Request: execute
2019-11-08 13:58:01,849] [INFO] file=C:\Users\hendrik_gt\.conda\envs\brl_py36\lib\site-packages\pywps\validator\complexvalidator.py line=154 module=complexvalidator function=validatejson validating JSON; Mode: 0
2019-11-08 13:58:01,855] [INFO] file=C:\Users\hendrik_gt\.conda\envs\brl_py36\lib\site-packages\pywps\app\Service.py line=310 module=Service function=call Request: execute
2019-11-08 13:58:01,861] [ERROR] file=C:\Users\hendrik_gt\.conda\envs\brl_py36\lib\site-packages\pywps\exceptions.py line=45 module=exceptions function=__init__ Exception: code: 500, description: No applicable error code, please check error log., locator: 
Traceback (most recent call last):
  File "C:\Users\hendrik_gt\.conda\envs\brl_py36\lib\site-packages\sqlalchemy\engine\base.py", line 761, in _commit_impl
    self.engine.dialect.do_commit(self.connection)
  File "C:\Users\hendrik_gt\.conda\envs\brl_py36\lib\site-packages\sqlalchemy\engine\default.py", line 533, in do_commit
    dbapi_connection.commit()
sqlite3.OperationalError: cannot commit - no transaction is active

The above exception was the direct cause of the following exception:

Traceback (most recent call last):
  File "C:\Users\hendrik_gt\.conda\envs\brl_py36\lib\site-packages\pywps\app\Service.py", line 314, in call
    log_request(request_uuid, wps_request)
  File "C:\Users\hendrik_gt\.conda\envs\brl_py36\lib\site-packages\pywps\dblog.py", line 77, in log_request
    session.commit()
  File "C:\Users\hendrik_gt\.conda\envs\brl_py36\lib\site-packages\sqlalchemy\orm\session.py", line 1027, in commit
    self.transaction.commit()
  File "C:\Users\hendrik_gt\.conda\envs\brl_py36\lib\site-packages\sqlalchemy\orm\session.py", line 498, in commit
    t[1].commit()
  File "C:\Users\hendrik_gt\.conda\envs\brl_py36\lib\site-packages\sqlalchemy\engine\base.py", line 1724, in commit
    self._do_commit()
  File "C:\Users\hendrik_gt\.conda\envs\brl_py36\lib\site-packages\sqlalchemy\engine\base.py", line 1755, in _do_commit
    self.connection._commit_impl()
  File "C:\Users\hendrik_gt\.conda\envs\brl_py36\lib\site-packages\sqlalchemy\engine\base.py", line 763, in _commit_impl
    self._handle_dbapi_exception(e, None, None, None, None)
  File "C:\Users\hendrik_gt\.conda\envs\brl_py36\lib\site-packages\sqlalchemy\engine\base.py", line 1473, in _handle_dbapi_exception
    util.raise_from_cause(sqlalchemy_exception, exc_info)
  File "C:\Users\hendrik_gt\.conda\envs\brl_py36\lib\site-packages\sqlalchemy\util\compat.py", line 398, in raise_from_cause
    reraise(type(exception), exception, tb=exc_tb, cause=cause)
  File "C:\Users\hendrik_gt\.conda\envs\brl_py36\lib\site-packages\sqlalchemy\util\compat.py", line 152, in reraise
    raise value.with_traceback(tb)
  File "C:\Users\hendrik_gt\.conda\envs\brl_py36\lib\site-packages\sqlalchemy\engine\base.py", line 761, in _commit_impl
    self.engine.dialect.do_commit(self.connection)
  File "C:\Users\hendrik_gt\.conda\envs\brl_py36\lib\site-packages\sqlalchemy\engine\default.py", line 533, in do_commit
    dbapi_connection.commit()
sqlalchemy.exc.OperationalError: (sqlite3.OperationalError) cannot commit - no transaction is active
(Background on this error at: http://sqlalche.me/e/e3q8)
2019-11-08 13:58:01,863] [INFO] file=C:\Users\hendrik_gt\.conda\envs\brl_py36\lib\site-packages\pywps\app\Process.py line=303 module=Process function=clean Removing temporary working directory: D:\projecten\datamanagement\rws\BasisRivierbodemLigging\wps_brl_modelling\tmp\pywps_process_m1b1m408
2019-11-08 14:02:44,746] [INFO] file=C:\Users\hendrik_gt\.conda\envs\brl_py36\lib\site-packages\pywps\app\Service.py line=310 module=Service function=call Request: execute
2019-11-08 14:02:44,959] [INFO] file=C:\Users\hendrik_gt\.conda\envs\brl_py36\lib\site-packages\pywps\validator\complexvalidator.py line=154 module=complexvalidator function=validatejson validating JSON; Mode: 0
2019-11-08 14:02:44,967] [INFO] file=C:\Users\hendrik_gt\.conda\envs\brl_py36\lib\site-packages\pywps\app\Process.py line=303 module=Process function=clean Removing temporary working directory: D:\projecten\datamanagement\rws\BasisRivierbodemLigging\wps_brl_modelling\tmp\pywps_process_h5aslldv
2019-11-11 10:06:47,165] [INFO] file=C:\Users\hendrik_gt\.conda\envs\brl_py36\lib\site-packages\pywps\app\Service.py line=310 module=Service function=call Request: describeprocess
2019-11-11 10:07:07,481] [INFO] file=C:\Users\hendrik_gt\.conda\envs\brl_py36\lib\site-packages\pywps\app\Service.py line=310 module=Service function=call Request: execute
2019-11-11 10:07:07,658] [INFO] file=C:\Users\hendrik_gt\.conda\envs\brl_py36\lib\site-packages\pywps\app\Process.py line=303 module=Process function=clean Removing temporary working directory: D:\projecten\datamanagement\rws\BasisRivierbodemLigging\wps_brl_modelling\tmp\pywps_process__cn32zod
2019-11-11 14:45:46,453] [INFO] file=C:\Users\hendrik_gt\.conda\envs\brl_py36\lib\site-packages\pywps\app\Service.py line=310 module=Service function=call Request: describeprocess
2019-11-11 14:48:40,594] [WARNING] file=C:\Users\hendrik_gt\.conda\envs\brl_py36\lib\site-packages\pywps\app\WPSRequest.py line=519 module=WPSRequest function=get_data_from_kvp too many values to unpack (expected 2)
2019-11-11 14:48:40,595] [INFO] file=C:\Users\hendrik_gt\.conda\envs\brl_py36\lib\site-packages\pywps\app\Service.py line=310 module=Service function=call Request: execute
2019-11-11 14:48:41,038] [INFO] file=C:\Users\hendrik_gt\.conda\envs\brl_py36\lib\site-packages\pywps\validator\complexvalidator.py line=154 module=complexvalidator function=validatejson validating JSON; Mode: 0
2019-11-11 14:48:41,044] [INFO] file=C:\Users\hendrik_gt\.conda\envs\brl_py36\lib\site-packages\pywps\app\Process.py line=303 module=Process function=clean Removing temporary working directory: D:\projecten\datamanagement\rws\BasisRivierbodemLigging\wps_brl_modelling\tmp\pywps_process_j6ph2eat
2019-11-11 14:54:40,367] [INFO] file=C:\Users\hendrik_gt\.conda\envs\brl_py36\lib\site-packages\pywps\app\Service.py line=310 module=Service function=call Request: describeprocess
2019-11-11 14:54:52,471] [INFO] file=C:\Users\hendrik_gt\.conda\envs\brl_py36\lib\site-packages\pywps\app\Service.py line=310 module=Service function=call Request: describeprocess
2019-11-11 16:35:05,739] [INFO] file=C:\Users\hendrik_gt\.conda\envs\brl_py36\lib\site-packages\pywps\app\Service.py line=310 module=Service function=call Request: describeprocess
2019-11-12 08:50:05,998] [INFO] file=C:\Users\hendrik_gt\.conda\envs\brl_py36\lib\site-packages\pywps\app\Service.py line=310 module=Service function=call Request: describeprocess
2019-11-12 08:50:49,862] [INFO] file=C:\Users\hendrik_gt\.conda\envs\brl_py36\lib\site-packages\pywps\app\Service.py line=310 module=Service function=call Request: describeprocess
2019-11-12 08:51:33,799] [WARNING] file=C:\Users\hendrik_gt\.conda\envs\brl_py36\lib\site-packages\pywps\app\WPSRequest.py line=519 module=WPSRequest function=get_data_from_kvp too many values to unpack (expected 2)
2019-11-12 08:51:33,800] [INFO] file=C:\Users\hendrik_gt\.conda\envs\brl_py36\lib\site-packages\pywps\app\Service.py line=310 module=Service function=call Request: execute
2019-11-12 08:51:33,810] [ERROR] file=C:\Users\hendrik_gt\.conda\envs\brl_py36\lib\site-packages\pywps\app\Service.py line=136 module=Service function=_parse_and_execute Missing parameter value: waters_identifier
2019-11-12 08:51:33,811] [ERROR] file=C:\Users\hendrik_gt\.conda\envs\brl_py36\lib\site-packages\pywps\exceptions.py line=45 module=exceptions function=__init__ Exception: code: 400, description: waters_identifier, locator: waters_identifier
NoneType: None
2019-11-12 08:51:49,547] [WARNING] file=C:\Users\hendrik_gt\.conda\envs\brl_py36\lib\site-packages\pywps\app\WPSRequest.py line=519 module=WPSRequest function=get_data_from_kvp too many values to unpack (expected 2)
2019-11-12 08:51:49,548] [INFO] file=C:\Users\hendrik_gt\.conda\envs\brl_py36\lib\site-packages\pywps\app\Service.py line=310 module=Service function=call Request: execute
2019-11-12 08:51:49,556] [ERROR] file=C:\Users\hendrik_gt\.conda\envs\brl_py36\lib\site-packages\pywps\app\Service.py line=136 module=Service function=_parse_and_execute Missing parameter value: waters_identifier
2019-11-12 08:51:49,557] [ERROR] file=C:\Users\hendrik_gt\.conda\envs\brl_py36\lib\site-packages\pywps\exceptions.py line=45 module=exceptions function=__init__ Exception: code: 400, description: waters_identifier, locator: waters_identifier
NoneType: None
2019-11-12 08:52:00,935] [WARNING] file=C:\Users\hendrik_gt\.conda\envs\brl_py36\lib\site-packages\pywps\app\WPSRequest.py line=519 module=WPSRequest function=get_data_from_kvp too many values to unpack (expected 2)
2019-11-12 08:52:00,938] [INFO] file=C:\Users\hendrik_gt\.conda\envs\brl_py36\lib\site-packages\pywps\app\Service.py line=310 module=Service function=call Request: execute
2019-11-12 08:52:00,945] [ERROR] file=C:\Users\hendrik_gt\.conda\envs\brl_py36\lib\site-packages\pywps\app\Service.py line=136 module=Service function=_parse_and_execute Missing parameter value: waters_identifier
2019-11-12 08:52:00,945] [ERROR] file=C:\Users\hendrik_gt\.conda\envs\brl_py36\lib\site-packages\pywps\exceptions.py line=45 module=exceptions function=__init__ Exception: code: 400, description: waters_identifier, locator: waters_identifier
NoneType: None
2019-11-12 08:52:13,361] [WARNING] file=C:\Users\hendrik_gt\.conda\envs\brl_py36\lib\site-packages\pywps\app\WPSRequest.py line=519 module=WPSRequest function=get_data_from_kvp too many values to unpack (expected 2)
2019-11-12 08:52:13,362] [INFO] file=C:\Users\hendrik_gt\.conda\envs\brl_py36\lib\site-packages\pywps\app\Service.py line=310 module=Service function=call Request: execute
2019-11-12 08:52:13,408] [ERROR] file=C:\Users\hendrik_gt\.conda\envs\brl_py36\lib\site-packages\pywps\app\Service.py line=136 module=Service function=_parse_and_execute Missing parameter value: waters_identifier
2019-11-12 08:52:13,409] [ERROR] file=C:\Users\hendrik_gt\.conda\envs\brl_py36\lib\site-packages\pywps\exceptions.py line=45 module=exceptions function=__init__ Exception: code: 400, description: waters_identifier, locator: waters_identifier
NoneType: None
2019-11-12 08:52:38,421] [WARNING] file=C:\Users\hendrik_gt\.conda\envs\brl_py36\lib\site-packages\pywps\app\WPSRequest.py line=519 module=WPSRequest function=get_data_from_kvp too many values to unpack (expected 2)
2019-11-12 08:52:38,422] [INFO] file=C:\Users\hendrik_gt\.conda\envs\brl_py36\lib\site-packages\pywps\app\Service.py line=310 module=Service function=call Request: execute
2019-11-12 08:52:38,430] [ERROR] file=C:\Users\hendrik_gt\.conda\envs\brl_py36\lib\site-packages\pywps\app\Service.py line=136 module=Service function=_parse_and_execute Missing parameter value: waters_identifier
2019-11-12 08:52:38,430] [ERROR] file=C:\Users\hendrik_gt\.conda\envs\brl_py36\lib\site-packages\pywps\exceptions.py line=45 module=exceptions function=__init__ Exception: code: 400, description: waters_identifier, locator: waters_identifier
NoneType: None
2019-11-12 08:53:26,495] [WARNING] file=C:\Users\hendrik_gt\.conda\envs\brl_py36\lib\site-packages\pywps\app\WPSRequest.py line=519 module=WPSRequest function=get_data_from_kvp too many values to unpack (expected 2)
2019-11-12 08:53:26,495] [INFO] file=C:\Users\hendrik_gt\.conda\envs\brl_py36\lib\site-packages\pywps\app\Service.py line=310 module=Service function=call Request: execute
2019-11-12 08:53:26,505] [ERROR] file=C:\Users\hendrik_gt\.conda\envs\brl_py36\lib\site-packages\pywps\app\Service.py line=136 module=Service function=_parse_and_execute Missing parameter value: waters_identifier
2019-11-12 08:53:26,506] [ERROR] file=C:\Users\hendrik_gt\.conda\envs\brl_py36\lib\site-packages\pywps\exceptions.py line=45 module=exceptions function=__init__ Exception: code: 400, description: waters_identifier, locator: waters_identifier
NoneType: None
2019-11-12 08:54:38,022] [WARNING] file=C:\Users\hendrik_gt\.conda\envs\brl_py36\lib\site-packages\pywps\app\WPSRequest.py line=519 module=WPSRequest function=get_data_from_kvp too many values to unpack (expected 2)
2019-11-12 08:54:38,022] [INFO] file=C:\Users\hendrik_gt\.conda\envs\brl_py36\lib\site-packages\pywps\app\Service.py line=310 module=Service function=call Request: execute
2019-11-12 08:54:38,025] [ERROR] file=C:\Users\hendrik_gt\.conda\envs\brl_py36\lib\site-packages\pywps\app\Service.py line=136 module=Service function=_parse_and_execute Missing parameter value: waters_identifier
2019-11-12 08:54:38,025] [ERROR] file=C:\Users\hendrik_gt\.conda\envs\brl_py36\lib\site-packages\pywps\exceptions.py line=45 module=exceptions function=__init__ Exception: code: 400, description: waters_identifier, locator: waters_identifier
NoneType: None
2019-11-12 09:00:09,129] [INFO] file=C:\Users\hendrik_gt\.conda\envs\brl_py36\lib\site-packages\pywps\app\Service.py line=310 module=Service function=call Request: execute
2019-11-12 09:00:09,458] [INFO] file=C:\Users\hendrik_gt\.conda\envs\brl_py36\lib\site-packages\pywps\validator\complexvalidator.py line=154 module=complexvalidator function=validatejson validating JSON; Mode: 0
2019-11-12 09:00:09,642] [INFO] file=C:\Users\hendrik_gt\.conda\envs\brl_py36\lib\site-packages\pywps\validator\complexvalidator.py line=154 module=complexvalidator function=validatejson validating JSON; Mode: 0
2019-11-12 09:00:09,655] [INFO] file=C:\Users\hendrik_gt\.conda\envs\brl_py36\lib\site-packages\pywps\app\Process.py line=303 module=Process function=clean Removing temporary working directory: D:\projecten\datamanagement\rws\BasisRivierbodemLigging\wps_brl_modelling\tmp\pywps_process_vq2xee47
2019-11-12 09:06:48,512] [INFO] file=C:\Users\hendrik_gt\.conda\envs\brl_py36\lib\site-packages\pywps\app\Service.py line=310 module=Service function=call Request: execute
2019-11-12 09:06:48,570] [INFO] file=C:\Users\hendrik_gt\.conda\envs\brl_py36\lib\site-packages\pywps\validator\complexvalidator.py line=154 module=complexvalidator function=validatejson validating JSON; Mode: 0
2019-11-12 09:06:49,053] [INFO] file=C:\Users\hendrik_gt\.conda\envs\brl_py36\lib\site-packages\pywps\validator\complexvalidator.py line=154 module=complexvalidator function=validatejson validating JSON; Mode: 0
2019-11-12 09:06:49,053] [INFO] file=C:\Users\hendrik_gt\.conda\envs\brl_py36\lib\site-packages\pywps\validator\complexvalidator.py line=154 module=complexvalidator function=validatejson validating JSON; Mode: 0
2019-11-12 09:06:49,057] [INFO] file=C:\Users\hendrik_gt\.conda\envs\brl_py36\lib\site-packages\pywps\app\Process.py line=303 module=Process function=clean Removing temporary working directory: D:\projecten\datamanagement\rws\BasisRivierbodemLigging\wps_brl_modelling\tmp\pywps_process_in5zqu7z
2019-11-12 09:08:07,314] [INFO] file=C:\Users\hendrik_gt\.conda\envs\brl_py36\lib\site-packages\pywps\app\Service.py line=310 module=Service function=call Request: execute
2019-11-12 09:08:07,379] [INFO] file=C:\Users\hendrik_gt\.conda\envs\brl_py36\lib\site-packages\pywps\validator\complexvalidator.py line=154 module=complexvalidator function=validatejson validating JSON; Mode: 0
2019-11-12 09:08:07,892] [INFO] file=C:\Users\hendrik_gt\.conda\envs\brl_py36\lib\site-packages\pywps\validator\complexvalidator.py line=154 module=complexvalidator function=validatejson validating JSON; Mode: 0
2019-11-12 09:08:07,893] [INFO] file=C:\Users\hendrik_gt\.conda\envs\brl_py36\lib\site-packages\pywps\validator\complexvalidator.py line=154 module=complexvalidator function=validatejson validating JSON; Mode: 0
2019-11-12 09:08:07,893] [INFO] file=C:\Users\hendrik_gt\.conda\envs\brl_py36\lib\site-packages\pywps\validator\complexvalidator.py line=154 module=complexvalidator function=validatejson validating JSON; Mode: 0
2019-11-12 09:08:07,897] [INFO] file=C:\Users\hendrik_gt\.conda\envs\brl_py36\lib\site-packages\pywps\app\Process.py line=303 module=Process function=clean Removing temporary working directory: D:\projecten\datamanagement\rws\BasisRivierbodemLigging\wps_brl_modelling\tmp\pywps_process_cxih8yiw
2019-11-12 09:18:10,380] [INFO] file=C:\Users\hendrik_gt\.conda\envs\brl_py36\lib\site-packages\pywps\app\Service.py line=310 module=Service function=call Request: execute
2019-11-12 09:18:10,383] [ERROR] file=C:\Users\hendrik_gt\.conda\envs\brl_py36\lib\site-packages\pywps\app\Service.py line=136 module=Service function=_parse_and_execute Missing parameter value: model_setup
2019-11-12 09:18:10,383] [ERROR] file=C:\Users\hendrik_gt\.conda\envs\brl_py36\lib\site-packages\pywps\exceptions.py line=45 module=exceptions function=__init__ Exception: code: 400, description: model_setup, locator: model_setup
NoneType: None
2019-11-12 09:18:27,575] [INFO] file=C:\Users\hendrik_gt\.conda\envs\brl_py36\lib\site-packages\pywps\app\Service.py line=310 module=Service function=call Request: execute
2019-11-12 09:18:27,585] [ERROR] file=C:\Users\hendrik_gt\.conda\envs\brl_py36\lib\site-packages\pywps\app\Service.py line=136 module=Service function=_parse_and_execute Missing parameter value: waters_identifier
2019-11-12 09:18:27,586] [ERROR] file=C:\Users\hendrik_gt\.conda\envs\brl_py36\lib\site-packages\pywps\exceptions.py line=45 module=exceptions function=__init__ Exception: code: 400, description: waters_identifier, locator: waters_identifier
NoneType: None
2019-11-12 09:18:36,743] [INFO] file=C:\Users\hendrik_gt\.conda\envs\brl_py36\lib\site-packages\pywps\app\Service.py line=310 module=Service function=call Request: execute
2019-11-12 09:18:36,752] [INFO] file=C:\Users\hendrik_gt\.conda\envs\brl_py36\lib\site-packages\pywps\validator\complexvalidator.py line=154 module=complexvalidator function=validatejson validating JSON; Mode: 0
2019-11-12 09:18:36,893] [INFO] file=C:\Users\hendrik_gt\.conda\envs\brl_py36\lib\site-packages\pywps\validator\complexvalidator.py line=154 module=complexvalidator function=validatejson validating JSON; Mode: 0
2019-11-12 09:18:36,894] [INFO] file=C:\Users\hendrik_gt\.conda\envs\brl_py36\lib\site-packages\pywps\validator\complexvalidator.py line=154 module=complexvalidator function=validatejson validating JSON; Mode: 0
2019-11-12 09:18:36,894] [INFO] file=C:\Users\hendrik_gt\.conda\envs\brl_py36\lib\site-packages\pywps\validator\complexvalidator.py line=154 module=complexvalidator function=validatejson validating JSON; Mode: 0
2019-11-12 09:18:36,899] [INFO] file=C:\Users\hendrik_gt\.conda\envs\brl_py36\lib\site-packages\pywps\app\Process.py line=303 module=Process function=clean Removing temporary working directory: D:\projecten\datamanagement\rws\BasisRivierbodemLigging\wps_brl_modelling\tmp\pywps_process_oa9l2_e7
2019-11-12 09:20:18,577] [INFO] file=C:\Users\hendrik_gt\.conda\envs\brl_py36\lib\site-packages\pywps\app\Service.py line=310 module=Service function=call Request: execute
2019-11-12 09:20:18,643] [INFO] file=C:\Users\hendrik_gt\.conda\envs\brl_py36\lib\site-packages\pywps\validator\complexvalidator.py line=154 module=complexvalidator function=validatejson validating JSON; Mode: 0
2019-11-12 09:20:19,115] [INFO] file=C:\Users\hendrik_gt\.conda\envs\brl_py36\lib\site-packages\pywps\validator\complexvalidator.py line=154 module=complexvalidator function=validatejson validating JSON; Mode: 0
2019-11-12 09:20:19,119] [INFO] file=C:\Users\hendrik_gt\.conda\envs\brl_py36\lib\site-packages\pywps\app\Process.py line=303 module=Process function=clean Removing temporary working directory: D:\projecten\datamanagement\rws\BasisRivierbodemLigging\wps_brl_modelling\tmp\pywps_process_87f8sfwx
2019-11-12 09:22:16,115] [INFO] file=C:\Users\hendrik_gt\.conda\envs\brl_py36\lib\site-packages\pywps\app\Service.py line=310 module=Service function=call Request: execute
2019-11-12 09:22:16,174] [INFO] file=C:\Users\hendrik_gt\.conda\envs\brl_py36\lib\site-packages\pywps\validator\complexvalidator.py line=154 module=complexvalidator function=validatejson validating JSON; Mode: 0
2019-11-12 09:22:16,822] [INFO] file=C:\Users\hendrik_gt\.conda\envs\brl_py36\lib\site-packages\pywps\validator\complexvalidator.py line=154 module=complexvalidator function=validatejson validating JSON; Mode: 0
2019-11-12 09:22:16,826] [INFO] file=C:\Users\hendrik_gt\.conda\envs\brl_py36\lib\site-packages\pywps\app\Process.py line=303 module=Process function=clean Removing temporary working directory: D:\projecten\datamanagement\rws\BasisRivierbodemLigging\wps_brl_modelling\tmp\pywps_process_uo_8obc1
2019-11-12 09:22:54,368] [INFO] file=C:\Users\hendrik_gt\.conda\envs\brl_py36\lib\site-packages\pywps\app\Service.py line=310 module=Service function=call Request: execute
2019-11-12 09:22:54,373] [INFO] file=C:\Users\hendrik_gt\.conda\envs\brl_py36\lib\site-packages\pywps\validator\complexvalidator.py line=154 module=complexvalidator function=validatejson validating JSON; Mode: 0
2019-11-12 09:22:54,443] [INFO] file=C:\Users\hendrik_gt\.conda\envs\brl_py36\lib\site-packages\pywps\validator\complexvalidator.py line=154 module=complexvalidator function=validatejson validating JSON; Mode: 0
2019-11-12 09:22:54,450] [INFO] file=C:\Users\hendrik_gt\.conda\envs\brl_py36\lib\site-packages\pywps\app\Process.py line=303 module=Process function=clean Removing temporary working directory: D:\projecten\datamanagement\rws\BasisRivierbodemLigging\wps_brl_modelling\tmp\pywps_process_cclczyc6
2019-11-12 09:25:14,073] [INFO] file=C:\Users\hendrik_gt\.conda\envs\brl_py36\lib\site-packages\pywps\app\Service.py line=310 module=Service function=call Request: execute
2019-11-12 09:25:14,084] [INFO] file=C:\Users\hendrik_gt\.conda\envs\brl_py36\lib\site-packages\pywps\validator\complexvalidator.py line=154 module=complexvalidator function=validatejson validating JSON; Mode: 0
2019-11-12 09:25:14,200] [INFO] file=C:\Users\hendrik_gt\.conda\envs\brl_py36\lib\site-packages\pywps\validator\complexvalidator.py line=154 module=complexvalidator function=validatejson validating JSON; Mode: 0
2019-11-12 09:25:14,206] [INFO] file=C:\Users\hendrik_gt\.conda\envs\brl_py36\lib\site-packages\pywps\app\Process.py line=303 module=Process function=clean Removing temporary working directory: D:\projecten\datamanagement\rws\BasisRivierbodemLigging\wps_brl_modelling\tmp\pywps_process_va7e5dyt
2019-11-12 09:25:33,439] [INFO] file=C:\Users\hendrik_gt\.conda\envs\brl_py36\lib\site-packages\pywps\app\Service.py line=310 module=Service function=call Request: execute
2019-11-12 09:25:33,449] [INFO] file=C:\Users\hendrik_gt\.conda\envs\brl_py36\lib\site-packages\pywps\validator\complexvalidator.py line=154 module=complexvalidator function=validatejson validating JSON; Mode: 0
2019-11-12 09:25:33,568] [INFO] file=C:\Users\hendrik_gt\.conda\envs\brl_py36\lib\site-packages\pywps\validator\complexvalidator.py line=154 module=complexvalidator function=validatejson validating JSON; Mode: 0
2019-11-12 09:25:33,574] [INFO] file=C:\Users\hendrik_gt\.conda\envs\brl_py36\lib\site-packages\pywps\app\Process.py line=303 module=Process function=clean Removing temporary working directory: D:\projecten\datamanagement\rws\BasisRivierbodemLigging\wps_brl_modelling\tmp\pywps_process_r89jgfo9
2019-11-12 09:30:21,514] [INFO] file=C:\Users\hendrik_gt\.conda\envs\brl_py36\lib\site-packages\pywps\app\Service.py line=310 module=Service function=call Request: execute
2019-11-12 09:30:21,522] [INFO] file=C:\Users\hendrik_gt\.conda\envs\brl_py36\lib\site-packages\pywps\validator\complexvalidator.py line=154 module=complexvalidator function=validatejson validating JSON; Mode: 0
2019-11-12 09:30:21,640] [INFO] file=C:\Users\hendrik_gt\.conda\envs\brl_py36\lib\site-packages\pywps\validator\complexvalidator.py line=154 module=complexvalidator function=validatejson validating JSON; Mode: 0
2019-11-12 09:30:21,649] [INFO] file=C:\Users\hendrik_gt\.conda\envs\brl_py36\lib\site-packages\pywps\app\Process.py line=303 module=Process function=clean Removing temporary working directory: D:\projecten\datamanagement\rws\BasisRivierbodemLigging\wps_brl_modelling\tmp\pywps_process_q3rwyt5c
2019-11-12 09:30:33,971] [INFO] file=C:\Users\hendrik_gt\.conda\envs\brl_py36\lib\site-packages\pywps\app\Service.py line=310 module=Service function=call Request: execute
2019-11-12 09:30:33,981] [INFO] file=C:\Users\hendrik_gt\.conda\envs\brl_py36\lib\site-packages\pywps\validator\complexvalidator.py line=154 module=complexvalidator function=validatejson validating JSON; Mode: 0
2019-11-12 09:30:34,118] [INFO] file=C:\Users\hendrik_gt\.conda\envs\brl_py36\lib\site-packages\pywps\validator\complexvalidator.py line=154 module=complexvalidator function=validatejson validating JSON; Mode: 0
2019-11-12 09:30:34,130] [INFO] file=C:\Users\hendrik_gt\.conda\envs\brl_py36\lib\site-packages\pywps\app\Process.py line=303 module=Process function=clean Removing temporary working directory: D:\projecten\datamanagement\rws\BasisRivierbodemLigging\wps_brl_modelling\tmp\pywps_process_t28k2e_m
2019-11-12 09:31:25,269] [INFO] file=C:\Users\hendrik_gt\.conda\envs\brl_py36\lib\site-packages\pywps\app\Service.py line=310 module=Service function=call Request: execute
2019-11-12 09:31:25,277] [ERROR] file=C:\Users\hendrik_gt\.conda\envs\brl_py36\lib\site-packages\pywps\app\Service.py line=136 module=Service function=_parse_and_execute Missing parameter value: model_setup
2019-11-12 09:31:25,278] [ERROR] file=C:\Users\hendrik_gt\.conda\envs\brl_py36\lib\site-packages\pywps\exceptions.py line=45 module=exceptions function=__init__ Exception: code: 400, description: model_setup, locator: model_setup
NoneType: None
2019-11-12 09:32:22,687] [INFO] file=C:\Users\hendrik_gt\.conda\envs\brl_py36\lib\site-packages\pywps\app\Service.py line=310 module=Service function=call Request: execute
2019-11-12 09:32:22,696] [INFO] file=C:\Users\hendrik_gt\.conda\envs\brl_py36\lib\site-packages\pywps\validator\complexvalidator.py line=154 module=complexvalidator function=validatejson validating JSON; Mode: 0
2019-11-12 09:32:22,830] [INFO] file=C:\Users\hendrik_gt\.conda\envs\brl_py36\lib\site-packages\pywps\validator\complexvalidator.py line=154 module=complexvalidator function=validatejson validating JSON; Mode: 0
2019-11-12 09:32:22,840] [INFO] file=C:\Users\hendrik_gt\.conda\envs\brl_py36\lib\site-packages\pywps\app\Process.py line=303 module=Process function=clean Removing temporary working directory: D:\projecten\datamanagement\rws\BasisRivierbodemLigging\wps_brl_modelling\tmp\pywps_process_rob1qinh
2019-11-12 09:33:13,138] [INFO] file=C:\Users\hendrik_gt\.conda\envs\brl_py36\lib\site-packages\pywps\app\Service.py line=310 module=Service function=call Request: execute
2019-11-12 09:33:13,202] [INFO] file=C:\Users\hendrik_gt\.conda\envs\brl_py36\lib\site-packages\pywps\validator\complexvalidator.py line=154 module=complexvalidator function=validatejson validating JSON; Mode: 0
2019-11-12 09:33:13,749] [INFO] file=C:\Users\hendrik_gt\.conda\envs\brl_py36\lib\site-packages\pywps\validator\complexvalidator.py line=154 module=complexvalidator function=validatejson validating JSON; Mode: 0
2019-11-12 09:33:13,753] [INFO] file=C:\Users\hendrik_gt\.conda\envs\brl_py36\lib\site-packages\pywps\app\Process.py line=303 module=Process function=clean Removing temporary working directory: D:\projecten\datamanagement\rws\BasisRivierbodemLigging\wps_brl_modelling\tmp\pywps_process_bkrrj_b3
2019-11-12 09:34:25,246] [INFO] file=C:\Users\hendrik_gt\.conda\envs\brl_py36\lib\site-packages\pywps\app\Service.py line=310 module=Service function=call Request: execute
2019-11-12 09:34:25,302] [INFO] file=C:\Users\hendrik_gt\.conda\envs\brl_py36\lib\site-packages\pywps\validator\complexvalidator.py line=154 module=complexvalidator function=validatejson validating JSON; Mode: 0
2019-11-12 09:34:25,770] [INFO] file=C:\Users\hendrik_gt\.conda\envs\brl_py36\lib\site-packages\pywps\validator\complexvalidator.py line=154 module=complexvalidator function=validatejson validating JSON; Mode: 0
2019-11-12 09:34:25,780] [INFO] file=C:\Users\hendrik_gt\.conda\envs\brl_py36\lib\site-packages\pywps\app\Process.py line=303 module=Process function=clean Removing temporary working directory: D:\projecten\datamanagement\rws\BasisRivierbodemLigging\wps_brl_modelling\tmp\pywps_process_yxqnebht
2019-11-12 09:36:48,750] [INFO] file=C:\Users\hendrik_gt\.conda\envs\brl_py36\lib\site-packages\pywps\app\Service.py line=310 module=Service function=call Request: execute
2019-11-12 09:36:48,761] [INFO] file=C:\Users\hendrik_gt\.conda\envs\brl_py36\lib\site-packages\pywps\validator\complexvalidator.py line=154 module=complexvalidator function=validatejson validating JSON; Mode: 0
2019-11-12 09:36:48,899] [INFO] file=C:\Users\hendrik_gt\.conda\envs\brl_py36\lib\site-packages\pywps\validator\complexvalidator.py line=154 module=complexvalidator function=validatejson validating JSON; Mode: 0
2019-11-12 09:36:48,919] [INFO] file=C:\Users\hendrik_gt\.conda\envs\brl_py36\lib\site-packages\pywps\app\Process.py line=303 module=Process function=clean Removing temporary working directory: D:\projecten\datamanagement\rws\BasisRivierbodemLigging\wps_brl_modelling\tmp\pywps_process_r9vanrra
2019-11-12 09:37:07,855] [INFO] file=C:\Users\hendrik_gt\.conda\envs\brl_py36\lib\site-packages\pywps\app\Service.py line=310 module=Service function=call Request: execute
2019-11-12 09:37:07,921] [INFO] file=C:\Users\hendrik_gt\.conda\envs\brl_py36\lib\site-packages\pywps\validator\complexvalidator.py line=154 module=complexvalidator function=validatejson validating JSON; Mode: 0
2019-11-12 09:37:08,404] [INFO] file=C:\Users\hendrik_gt\.conda\envs\brl_py36\lib\site-packages\pywps\validator\complexvalidator.py line=154 module=complexvalidator function=validatejson validating JSON; Mode: 0
2019-11-12 09:37:08,409] [INFO] file=C:\Users\hendrik_gt\.conda\envs\brl_py36\lib\site-packages\pywps\app\Process.py line=303 module=Process function=clean Removing temporary working directory: D:\projecten\datamanagement\rws\BasisRivierbodemLigging\wps_brl_modelling\tmp\pywps_process_g0_6zgei
2019-11-12 09:42:04,074] [INFO] file=C:\Users\hendrik_gt\.conda\envs\brl_py36\lib\site-packages\pywps\app\Service.py line=310 module=Service function=call Request: execute
2019-11-12 09:42:04,083] [INFO] file=C:\Users\hendrik_gt\.conda\envs\brl_py36\lib\site-packages\pywps\validator\complexvalidator.py line=154 module=complexvalidator function=validatejson validating JSON; Mode: 0
2019-11-12 09:42:04,222] [INFO] file=C:\Users\hendrik_gt\.conda\envs\brl_py36\lib\site-packages\pywps\validator\complexvalidator.py line=154 module=complexvalidator function=validatejson validating JSON; Mode: 0
2019-11-12 09:42:04,248] [INFO] file=C:\Users\hendrik_gt\.conda\envs\brl_py36\lib\site-packages\pywps\app\Process.py line=303 module=Process function=clean Removing temporary working directory: D:\projecten\datamanagement\rws\BasisRivierbodemLigging\wps_brl_modelling\tmp\pywps_process_q9qgm1fr
2019-11-12 09:43:00,741] [INFO] file=C:\Users\hendrik_gt\.conda\envs\brl_py36\lib\site-packages\pywps\app\Service.py line=310 module=Service function=call Request: execute
2019-11-12 09:43:00,745] [INFO] file=C:\Users\hendrik_gt\.conda\envs\brl_py36\lib\site-packages\pywps\validator\complexvalidator.py line=154 module=complexvalidator function=validatejson validating JSON; Mode: 0
2019-11-12 09:43:00,801] [INFO] file=C:\Users\hendrik_gt\.conda\envs\brl_py36\lib\site-packages\pywps\validator\complexvalidator.py line=154 module=complexvalidator function=validatejson validating JSON; Mode: 0
2019-11-12 09:43:00,807] [INFO] file=C:\Users\hendrik_gt\.conda\envs\brl_py36\lib\site-packages\pywps\app\Process.py line=303 module=Process function=clean Removing temporary working directory: D:\projecten\datamanagement\rws\BasisRivierbodemLigging\wps_brl_modelling\tmp\pywps_process_pa0kf48w
2019-11-12 09:43:19,252] [WARNING] file=C:\Users\hendrik_gt\.conda\envs\brl_py36\lib\site-packages\pywps\app\WPSRequest.py line=519 module=WPSRequest function=get_data_from_kvp not enough values to unpack (expected 2, got 1)
2019-11-12 09:43:19,253] [WARNING] file=C:\Users\hendrik_gt\.conda\envs\brl_py36\lib\site-packages\pywps\app\WPSRequest.py line=519 module=WPSRequest function=get_data_from_kvp not enough values to unpack (expected 2, got 1)
2019-11-12 09:43:19,253] [INFO] file=C:\Users\hendrik_gt\.conda\envs\brl_py36\lib\site-packages\pywps\app\Service.py line=310 module=Service function=call Request: execute
2019-11-12 09:43:19,263] [INFO] file=C:\Users\hendrik_gt\.conda\envs\brl_py36\lib\site-packages\pywps\validator\complexvalidator.py line=154 module=complexvalidator function=validatejson validating JSON; Mode: 0
2019-11-12 09:43:19,414] [INFO] file=C:\Users\hendrik_gt\.conda\envs\brl_py36\lib\site-packages\pywps\validator\complexvalidator.py line=154 module=complexvalidator function=validatejson validating JSON; Mode: 0
2019-11-12 09:43:19,437] [INFO] file=C:\Users\hendrik_gt\.conda\envs\brl_py36\lib\site-packages\pywps\app\Process.py line=303 module=Process function=clean Removing temporary working directory: D:\projecten\datamanagement\rws\BasisRivierbodemLigging\wps_brl_modelling\tmp\pywps_process_tswbjobo
2019-11-12 09:43:42,753] [INFO] file=C:\Users\hendrik_gt\.conda\envs\brl_py36\lib\site-packages\pywps\app\Service.py line=310 module=Service function=call Request: execute
2019-11-12 09:43:42,763] [INFO] file=C:\Users\hendrik_gt\.conda\envs\brl_py36\lib\site-packages\pywps\validator\complexvalidator.py line=154 module=complexvalidator function=validatejson validating JSON; Mode: 0
2019-11-12 09:43:42,906] [INFO] file=C:\Users\hendrik_gt\.conda\envs\brl_py36\lib\site-packages\pywps\validator\complexvalidator.py line=154 module=complexvalidator function=validatejson validating JSON; Mode: 0
2019-11-12 09:43:42,920] [INFO] file=C:\Users\hendrik_gt\.conda\envs\brl_py36\lib\site-packages\pywps\app\Process.py line=303 module=Process function=clean Removing temporary working directory: D:\projecten\datamanagement\rws\BasisRivierbodemLigging\wps_brl_modelling\tmp\pywps_process_5n0j075y
2019-11-12 09:51:39,026] [INFO] file=C:\Users\hendrik_gt\.conda\envs\brl_py36\lib\site-packages\pywps\app\Service.py line=310 module=Service function=call Request: execute
2019-11-12 09:51:39,029] [INFO] file=C:\Users\hendrik_gt\.conda\envs\brl_py36\lib\site-packages\pywps\validator\complexvalidator.py line=154 module=complexvalidator function=validatejson validating JSON; Mode: 0
2019-11-12 09:51:39,078] [INFO] file=C:\Users\hendrik_gt\.conda\envs\brl_py36\lib\site-packages\pywps\validator\complexvalidator.py line=154 module=complexvalidator function=validatejson validating JSON; Mode: 0
2019-11-12 09:51:39,087] [INFO] file=C:\Users\hendrik_gt\.conda\envs\brl_py36\lib\site-packages\pywps\app\Process.py line=303 module=Process function=clean Removing temporary working directory: D:\projecten\datamanagement\rws\BasisRivierbodemLigging\wps_brl_modelling\tmp\pywps_process_4y6dzcz6
2019-11-12 09:53:24,516] [INFO] file=C:\Users\hendrik_gt\.conda\envs\brl_py36\lib\site-packages\pywps\app\Service.py line=310 module=Service function=call Request: execute
2019-11-12 09:53:24,577] [INFO] file=C:\Users\hendrik_gt\.conda\envs\brl_py36\lib\site-packages\pywps\validator\complexvalidator.py line=154 module=complexvalidator function=validatejson validating JSON; Mode: 0
2019-11-12 09:53:24,965] [INFO] file=C:\Users\hendrik_gt\.conda\envs\brl_py36\lib\site-packages\pywps\validator\complexvalidator.py line=154 module=complexvalidator function=validatejson validating JSON; Mode: 0
2019-11-12 09:53:24,970] [INFO] file=C:\Users\hendrik_gt\.conda\envs\brl_py36\lib\site-packages\pywps\app\Process.py line=303 module=Process function=clean Removing temporary working directory: D:\projecten\datamanagement\rws\BasisRivierbodemLigging\wps_brl_modelling\tmp\pywps_process_am_y5pa3
2019-11-12 09:53:48,080] [INFO] file=C:\Users\hendrik_gt\.conda\envs\brl_py36\lib\site-packages\pywps\app\Service.py line=310 module=Service function=call Request: execute
2019-11-12 09:53:48,087] [INFO] file=C:\Users\hendrik_gt\.conda\envs\brl_py36\lib\site-packages\pywps\validator\complexvalidator.py line=154 module=complexvalidator function=validatejson validating JSON; Mode: 0
2019-11-12 09:53:48,249] [INFO] file=C:\Users\hendrik_gt\.conda\envs\brl_py36\lib\site-packages\pywps\validator\complexvalidator.py line=154 module=complexvalidator function=validatejson validating JSON; Mode: 0
2019-11-12 09:53:48,276] [INFO] file=C:\Users\hendrik_gt\.conda\envs\brl_py36\lib\site-packages\pywps\app\Process.py line=303 module=Process function=clean Removing temporary working directory: D:\projecten\datamanagement\rws\BasisRivierbodemLigging\wps_brl_modelling\tmp\pywps_process_sl3rgs7b
