# Error Report - Muppet v3.21 - Generated by eelias - 2010-11-17 15:14:55 

Error: Error using ==> wldep>Local_depread at 120
Cannot open se_1925_2009neg.dep.
An error occured in function: Local_depread
File: C:\Delft3D\w32\muppet\bin\muppet_mcr\src\wl\wl_fileio\wldep.m
Line: 120
An error occured in function: wldep
File: C:\Delft3D\w32\muppet\bin\muppet_mcr\src\wl\wl_fileio\wldep.m
Line: 59
An error occured in function: ImportD3DDepth
File: C:\Delft3D\w32\muppet\bin\muppet_mcr\src\import\ImportD3DDepth.m
Line: 4
An error occured in function: ImportDatasets
File: C:\Delft3D\w32\muppet\bin\muppet_mcr\src\import\ImportDatasets.m
Line: 30
An error occured in function: MenuOpen_Callback
File: C:\Delft3D\w32\muppet\bin\muppet_mcr\src\gui\GUI_Muppet.m
Line: 586
An error occured in function: gui_mainfcn
File: C:\Program Files\MATLAB\MATLAB Component Runtime\v76\toolbox\matlab\guide\gui_mainfcn.m
Line: 95
An error occured in function: GUI_Muppet
File: C:\Delft3D\w32\muppet\bin\muppet_mcr\src\gui\GUI_Muppet.m
Line: 42

