# Error Report - Muppet v3.21 - Generated by eelias-pr - 2010-09-10 01:39:00 

Error: Error using ==> tekal>Local_open_file at 86
Cannot open file ...
An error occured in function: Local_open_file
File: C:\Delft3D\w32\muppet\bin\muppet_mcr\src\SuperTrans\general\tekal.m
Line: 86
An error occured in function: tekal
File: C:\Delft3D\w32\muppet\bin\muppet_mcr\src\SuperTrans\general\tekal.m
Line: 45
An error occured in function: Local_read_file
File: C:\Delft3D\w32\muppet\bin\muppet_mcr\src\general\landboundary.m
Line: 60
An error occured in function: landboundary
File: C:\Delft3D\w32\muppet\bin\muppet_mcr\src\general\landboundary.m
Line: 33
An error occured in function: ImportLandboundary
File: C:\Delft3D\w32\muppet\bin\muppet_mcr\src\import\ImportLandboundary.m
Line: 3
An error occured in function: ImportDatasets
File: C:\Delft3D\w32\muppet\bin\muppet_mcr\src\import\ImportDatasets.m
Line: 32
An error occured in function: MenuOpen_Callback
File: C:\Delft3D\w32\muppet\bin\muppet_mcr\src\gui\GUI_Muppet.m
Line: 586
An error occured in function: gui_mainfcn
File: C:\Program Files\MATLAB\MATLAB Component Runtime\v76\toolbox\matlab\guide\gui_mainfcn.m
Line: 95
An error occured in function: GUI_Muppet
File: C:\Delft3D\w32\muppet\bin\muppet_mcr\src\gui\GUI_Muppet.m
Line: 42

# Error Report - Muppet v3.21 - Generated by eelias-pr - 2010-09-10 01:39:03 

Error: Reference to non-existent field 'x'.
An error occured in function: Plot2DSurface
File: C:\Delft3D\w32\muppet\bin\muppet_mcr\src\plot\Plot2DSurface.m
Line: 9
An error occured in function: PlotDataset
File: C:\Delft3D\w32\muppet\bin\muppet_mcr\src\plot\PlotDataset.m
Line: 24
An error occured in function: MakeSubplot
File: C:\Delft3D\w32\muppet\bin\muppet_mcr\src\plot\MakeSubplot.m
Line: 18
An error occured in function: MakeFigure
File: C:\Delft3D\w32\muppet\bin\muppet_mcr\src\plot\MakeFigure.m
Line: 35
An error occured in function: Preview
File: C:\Delft3D\w32\muppet\bin\muppet_mcr\src\gui\Preview.m
Line: 6
An error occured in function: Preview_Callback
File: C:\Delft3D\w32\muppet\bin\muppet_mcr\src\gui\GUI_Muppet.m
Line: 1918
An error occured in function: gui_mainfcn
File: C:\Program Files\MATLAB\MATLAB Component Runtime\v76\toolbox\matlab\guide\gui_mainfcn.m
Line: 95
An error occured in function: GUI_Muppet
File: C:\Delft3D\w32\muppet\bin\muppet_mcr\src\gui\GUI_Muppet.m
Line: 42

# Error Report - Muppet v3.21 - Generated by eelias-pr - 2010-09-10 01:46:03 

Error: Error using ==> tekal>Local_open_file at 86
Cannot open file ...
An error occured in function: Local_open_file
File: C:\Delft3D\w32\muppet\bin\muppet_mcr\src\SuperTrans\general\tekal.m
Line: 86
An error occured in function: tekal
File: C:\Delft3D\w32\muppet\bin\muppet_mcr\src\SuperTrans\general\tekal.m
Line: 45
An error occured in function: Local_read_file
File: C:\Delft3D\w32\muppet\bin\muppet_mcr\src\general\landboundary.m
Line: 60
An error occured in function: landboundary
File: C:\Delft3D\w32\muppet\bin\muppet_mcr\src\general\landboundary.m
Line: 33
An error occured in function: ImportLandboundary
File: C:\Delft3D\w32\muppet\bin\muppet_mcr\src\import\ImportLandboundary.m
Line: 3
An error occured in function: ImportDatasets
File: C:\Delft3D\w32\muppet\bin\muppet_mcr\src\import\ImportDatasets.m
Line: 32
An error occured in function: MenuOpen_Callback
File: C:\Delft3D\w32\muppet\bin\muppet_mcr\src\gui\GUI_Muppet.m
Line: 586
An error occured in function: gui_mainfcn
File: C:\Program Files\MATLAB\MATLAB Component Runtime\v76\toolbox\matlab\guide\gui_mainfcn.m
Line: 95
An error occured in function: GUI_Muppet
File: C:\Delft3D\w32\muppet\bin\muppet_mcr\src\gui\GUI_Muppet.m
Line: 42

# Error Report - Muppet v3.21 - Generated by eelias-pr - 2010-09-10 01:46:08 

Error: Reference to non-existent field 'x'.
An error occured in function: Plot2DSurface
File: C:\Delft3D\w32\muppet\bin\muppet_mcr\src\plot\Plot2DSurface.m
Line: 9
An error occured in function: PlotDataset
File: C:\Delft3D\w32\muppet\bin\muppet_mcr\src\plot\PlotDataset.m
Line: 24
An error occured in function: MakeSubplot
File: C:\Delft3D\w32\muppet\bin\muppet_mcr\src\plot\MakeSubplot.m
Line: 18
An error occured in function: MakeFigure
File: C:\Delft3D\w32\muppet\bin\muppet_mcr\src\plot\MakeFigure.m
Line: 35
An error occured in function: Preview
File: C:\Delft3D\w32\muppet\bin\muppet_mcr\src\gui\Preview.m
Line: 6
An error occured in function: Preview_Callback
File: C:\Delft3D\w32\muppet\bin\muppet_mcr\src\gui\GUI_Muppet.m
Line: 1918
An error occured in function: gui_mainfcn
File: C:\Program Files\MATLAB\MATLAB Component Runtime\v76\toolbox\matlab\guide\gui_mainfcn.m
Line: 95
An error occured in function: GUI_Muppet
File: C:\Delft3D\w32\muppet\bin\muppet_mcr\src\gui\GUI_Muppet.m
Line: 42

