This file contains any messages produced by compilers while
running configure, to aid debugging if configure makes a mistake.

It was created by bedcomposition_module configure v1, which was
generated by GNU Autoconf 2.69.  Invocation command line was

  $ ./configure --no-create --no-recursion

## --------- ##
## Platform. ##
## --------- ##

hostname = Bass-MacBook-Pro.local
uname -m = x86_64
uname -r = 12.5.0
uname -s = Darwin
uname -v = Darwin Kernel Version 12.5.0: Sun Sep 29 13:33:47 PDT 2013; root:xnu-2050.48.12~1/RELEASE_X86_64

/usr/bin/uname -p = i386
/bin/uname -X     = unknown

/bin/arch              = unknown
/usr/bin/arch -k       = unknown
/usr/convex/getsysinfo = unknown
/usr/bin/hostinfo      = Mach kernel version:
	 Darwin Kernel Version 12.5.0: Sun Sep 29 13:33:47 PDT 2013; root:xnu-2050.48.12~1/RELEASE_X86_64
Kernel configured for up to 4 processors.
2 processors are physically available.
4 processors are logically available.
Processor type: i486 (Intel 80486)
Processors active: 0 1 2 3
Primary memory available: 8.00 gigabytes
Default processor set: 132 tasks, 757 threads, 4 processors
Load average: 1.82, Mach factor: 2.17
/bin/machine           = unknown
/usr/bin/oslevel       = unknown
/bin/universe          = unknown

PATH: /opt/local/bin
PATH: /opt/local/sbin
PATH: /opt/local/Library/Frameworks/Python.framework/Versions/2.7/bin
PATH: /usr/bin
PATH: /bin
PATH: /usr/sbin
PATH: /sbin
PATH: /usr/local/bin


## ----------- ##
## Core tests. ##
## ----------- ##

configure:2344: checking build system type
configure:2358: result: x86_64-apple-darwin12.5.0
configure:2378: checking host system type
configure:2391: result: x86_64-apple-darwin12.5.0
configure:2432: checking how to print strings
configure:2459: result: printf
configure:2531: checking for gcc
configure:2547: found /usr/bin/gcc
configure:2558: result: gcc
configure:2787: checking for C compiler version
configure:2796: gcc --version >&5
i686-apple-darwin11-llvm-gcc-4.2 (GCC) 4.2.1 (Based on Apple Inc. build 5658) (LLVM build 2336.11.00)
Copyright (C) 2007 Free Software Foundation, Inc.
This is free software; see the source for copying conditions.  There is NO
warranty; not even for MERCHANTABILITY or FITNESS FOR A PARTICULAR PURPOSE.

configure:2807: $? = 0
configure:2796: gcc -v >&5
Using built-in specs.
Target: i686-apple-darwin11
Configured with: /private/var/tmp/llvmgcc42/llvmgcc42-2336.11~182/src/configure --disable-checking --enable-werror --prefix=/Applications/Xcode.app/Contents/Developer/usr/llvm-gcc-4.2 --mandir=/share/man --enable-languages=c,objc,c++,obj-c++ --program-prefix=llvm- --program-transform-name=/^[cg][^.-]*$/s/$/-4.2/ --with-slibdir=/usr/lib --build=i686-apple-darwin11 --enable-llvm=/private/var/tmp/llvmgcc42/llvmgcc42-2336.11~182/dst-llvmCore/Developer/usr/local --program-prefix=i686-apple-darwin11- --host=x86_64-apple-darwin11 --target=i686-apple-darwin11 --with-gxx-include-dir=/usr/include/c++/4.2.1
Thread model: posix
gcc version 4.2.1 (Based on Apple Inc. build 5658) (LLVM build 2336.11.00)
configure:2807: $? = 0
configure:2796: gcc -V >&5
llvm-gcc-4.2: argument to `-V' is missing
configure:2807: $? = 1
configure:2796: gcc -qversion >&5
i686-apple-darwin11-llvm-gcc-4.2: no input files
configure:2807: $? = 1
configure:2827: checking whether the C compiler works
configure:2849: gcc    conftest.c  >&5
configure:2853: $? = 0
configure:2901: result: yes
configure:2904: checking for C compiler default output file name
configure:2906: result: a.out
configure:2912: checking for suffix of executables
configure:2919: gcc -o conftest    conftest.c  >&5
configure:2923: $? = 0
configure:2945: result: 
configure:2967: checking whether we are cross compiling
configure:2975: gcc -o conftest    conftest.c  >&5
configure:2979: $? = 0
configure:2986: ./conftest
configure:2990: $? = 0
configure:3005: result: no
configure:3010: checking for suffix of object files
configure:3032: gcc -c   conftest.c >&5
configure:3036: $? = 0
configure:3057: result: o
configure:3061: checking whether we are using the GNU C compiler
configure:3080: gcc -c   conftest.c >&5
configure:3080: $? = 0
configure:3089: result: yes
configure:3098: checking whether gcc accepts -g
configure:3118: gcc -c -g  conftest.c >&5
configure:3118: $? = 0
configure:3159: result: yes
configure:3176: checking for gcc option to accept ISO C89
configure:3239: gcc  -c -g -O2  conftest.c >&5
configure:3239: $? = 0
configure:3252: result: none needed
configure:3277: checking whether gcc understands -c and -o together
configure:3299: gcc -c conftest.c -o conftest2.o
configure:3302: $? = 0
configure:3299: gcc -c conftest.c -o conftest2.o
configure:3302: $? = 0
configure:3314: result: yes
configure:3331: checking for a sed that does not truncate output
configure:3395: result: /usr/bin/sed
configure:3413: checking for grep that handles long lines and -e
configure:3471: result: /usr/bin/grep
configure:3476: checking for egrep
configure:3538: result: /usr/bin/grep -E
configure:3543: checking for fgrep
configure:3605: result: /usr/bin/grep -F
configure:3640: checking for ld used by gcc
configure:3707: result: /usr/llvm-gcc-4.2/libexec/gcc/i686-apple-darwin11/4.2.1/ld
configure:3714: checking if the linker (/usr/llvm-gcc-4.2/libexec/gcc/i686-apple-darwin11/4.2.1/ld) is GNU ld
configure:3729: result: no
configure:3741: checking for BSD- or MS-compatible name lister (nm)
configure:3790: result: /opt/local/bin/nm
configure:3920: checking the name lister (/opt/local/bin/nm) interface
configure:3927: gcc -c -g -O2  conftest.c >&5
configure:3930: /opt/local/bin/nm "conftest.o"
configure:3933: output
0000000000000200 S _some_variable
configure:3940: result: BSD nm
configure:3943: checking whether ln -s works
configure:3947: result: yes
configure:3955: checking the maximum length of command line arguments
configure:4085: result: 196608
configure:4102: checking whether the shell understands some XSI constructs
configure:4112: result: yes
configure:4116: checking whether the shell understands "+="
configure:4122: result: yes
configure:4157: checking how to convert x86_64-apple-darwin12.5.0 file names to x86_64-apple-darwin12.5.0 format
configure:4197: result: func_convert_file_noop
configure:4204: checking how to convert x86_64-apple-darwin12.5.0 file names to toolchain format
configure:4224: result: func_convert_file_noop
configure:4231: checking for /usr/llvm-gcc-4.2/libexec/gcc/i686-apple-darwin11/4.2.1/ld option to reload object files
configure:4238: result: -r
configure:4312: checking for objdump
configure:4342: result: no
configure:4371: checking how to recognize dependent libraries
configure:4573: result: pass_all
configure:4658: checking for dlltool
configure:4688: result: no
configure:4718: checking how to associate runtime and link libraries
configure:4745: result: printf %s\n
configure:4806: checking for ar
configure:4822: found /opt/local/bin/ar
configure:4833: result: ar
configure:4870: checking for archiver @FILE support
configure:4887: gcc -c -g -O2  conftest.c >&5
configure:4887: $? = 0
configure:4890: ar cru libconftest.a @conftest.lst >&5
ar: @conftest.lst: No such file or directory
configure:4893: $? = 1
configure:4913: result: no
configure:4971: checking for strip
configure:4987: found /opt/local/bin/strip
configure:4998: result: strip
configure:5070: checking for ranlib
configure:5086: found /opt/local/bin/ranlib
configure:5097: result: ranlib
configure:5174: checking for gawk
configure:5204: result: no
configure:5174: checking for mawk
configure:5204: result: no
configure:5174: checking for nawk
configure:5204: result: no
configure:5174: checking for awk
configure:5190: found /usr/bin/awk
configure:5201: result: awk
configure:5241: checking command to parse /opt/local/bin/nm output from gcc object
configure:5361: gcc -c -g -O2  conftest.c >&5
configure:5364: $? = 0
configure:5368: /opt/local/bin/nm conftest.o \| sed -n -e 's/^.*[ ]\([BCDEGRST][BCDEGRST]*\)[ ][ ]*\([_A-Za-z][_A-Za-z0-9]*\)$/\1 \2 \2/p' | sed '/ __gnu_lto/d' \> conftest.nm
configure:5371: $? = 0
cannot find nm_test_var in conftest.nm
configure:5361: gcc -c -g -O2  conftest.c >&5
configure:5364: $? = 0
configure:5368: /opt/local/bin/nm conftest.o \| sed -n -e 's/^.*[ ]\([BCDEGRST][BCDEGRST]*\)[ ][ ]*_\([_A-Za-z][_A-Za-z0-9]*\)$/\1 _\2 \2/p' | sed '/ __gnu_lto/d' \> conftest.nm
configure:5371: $? = 0
configure:5437: gcc -o conftest -g -O2   conftest.c conftstm.o >&5
configure:5440: $? = 0
configure:5478: result: ok
configure:5515: checking for sysroot
configure:5545: result: no
configure:5801: checking for mt
configure:5831: result: no
configure:5851: checking if : is a manifest tool
configure:5857: : '-?'
configure:5865: result: no
configure:5921: checking for dsymutil
configure:5937: found /usr/bin/dsymutil
configure:5948: result: dsymutil
configure:6013: checking for nmedit
configure:6029: found /opt/local/bin/nmedit
configure:6040: result: nmedit
configure:6105: checking for lipo
configure:6121: found /opt/local/bin/lipo
configure:6132: result: lipo
configure:6197: checking for otool
configure:6213: found /opt/local/bin/otool
configure:6224: result: otool
configure:6289: checking for otool64
configure:6319: result: no
configure:6364: checking for -single_module linker flag
gcc -g -O2  -o libconftest.dylib -dynamiclib -Wl,-single_module conftest.c
configure:6397: result: yes
configure:6400: checking for -exported_symbols_list linker flag
configure:6420: gcc -o conftest -g -O2   -Wl,-exported_symbols_list,conftest.sym conftest.c  >&5
configure:6420: $? = 0
configure:6430: result: yes
configure:6433: checking for -force_load linker flag
gcc -g -O2 -c -o conftest.o conftest.c
ar cru libconftest.a conftest.o
ranlib libconftest.a
gcc -g -O2  -o conftest conftest.c -Wl,-force_load,./libconftest.a
configure:6465: result: yes
configure:6507: checking how to run the C preprocessor
configure:6538: gcc -E  conftest.c
configure:6538: $? = 0
configure:6552: gcc -E  conftest.c
conftest.c:9:28: error: ac_nonexistent.h: No such file or directory
configure:6552: $? = 1
configure: failed program was:
| /* confdefs.h */
| #define PACKAGE_NAME "bedcomposition_module"
| #define PACKAGE_TARNAME "bedcomposition_module"
| #define PACKAGE_VERSION "v1"
| #define PACKAGE_STRING "bedcomposition_module v1"
| #define PACKAGE_BUGREPORT "bas.hoonhout@deltares.nl"
| #define PACKAGE_URL ""
| /* end confdefs.h.  */
| #include <ac_nonexistent.h>
configure:6577: result: gcc -E
configure:6597: gcc -E  conftest.c
configure:6597: $? = 0
configure:6611: gcc -E  conftest.c
conftest.c:9:28: error: ac_nonexistent.h: No such file or directory
configure:6611: $? = 1
configure: failed program was:
| /* confdefs.h */
| #define PACKAGE_NAME "bedcomposition_module"
| #define PACKAGE_TARNAME "bedcomposition_module"
| #define PACKAGE_VERSION "v1"
| #define PACKAGE_STRING "bedcomposition_module v1"
| #define PACKAGE_BUGREPORT "bas.hoonhout@deltares.nl"
| #define PACKAGE_URL ""
| /* end confdefs.h.  */
| #include <ac_nonexistent.h>
configure:6640: checking for ANSI C header files
configure:6660: gcc -c -g -O2  conftest.c >&5
configure:6660: $? = 0
configure:6733: gcc -o conftest -g -O2   conftest.c  >&5
configure:6733: $? = 0
configure:6733: ./conftest
configure:6733: $? = 0
configure:6744: result: yes
configure:6757: checking for sys/types.h
configure:6757: gcc -c -g -O2  conftest.c >&5
configure:6757: $? = 0
configure:6757: result: yes
configure:6757: checking for sys/stat.h
configure:6757: gcc -c -g -O2  conftest.c >&5
configure:6757: $? = 0
configure:6757: result: yes
configure:6757: checking for stdlib.h
configure:6757: gcc -c -g -O2  conftest.c >&5
configure:6757: $? = 0
configure:6757: result: yes
configure:6757: checking for string.h
configure:6757: gcc -c -g -O2  conftest.c >&5
configure:6757: $? = 0
configure:6757: result: yes
configure:6757: checking for memory.h
configure:6757: gcc -c -g -O2  conftest.c >&5
configure:6757: $? = 0
configure:6757: result: yes
configure:6757: checking for strings.h
configure:6757: gcc -c -g -O2  conftest.c >&5
configure:6757: $? = 0
configure:6757: result: yes
configure:6757: checking for inttypes.h
configure:6757: gcc -c -g -O2  conftest.c >&5
configure:6757: $? = 0
configure:6757: result: yes
configure:6757: checking for stdint.h
configure:6757: gcc -c -g -O2  conftest.c >&5
configure:6757: $? = 0
configure:6757: result: yes
configure:6757: checking for unistd.h
configure:6757: gcc -c -g -O2  conftest.c >&5
configure:6757: $? = 0
configure:6757: result: yes
configure:6771: checking for dlfcn.h
configure:6771: gcc -c -g -O2  conftest.c >&5
configure:6771: $? = 0
configure:6771: result: yes
configure:6917: checking for objdir
configure:6932: result: .libs
configure:7199: checking if gcc supports -fno-rtti -fno-exceptions
configure:7217: gcc -c -g -O2  -fno-rtti -fno-exceptions conftest.c >&5
cc1: warning: command line option "-fno-rtti" is valid for C++/ObjC++ but not for C
configure:7221: $? = 0
configure:7234: result: no
configure:7561: checking for gcc option to produce PIC
configure:7568: result: -fno-common -DPIC
configure:7576: checking if gcc PIC flag -fno-common -DPIC works
configure:7594: gcc -c -g -O2  -fno-common -DPIC -DPIC conftest.c >&5
configure:7598: $? = 0
configure:7611: result: yes
configure:7640: checking if gcc static flag -static works
configure:7668: result: no
configure:7683: checking if gcc supports -c -o file.o
configure:7704: gcc -c -g -O2  -o out/conftest2.o conftest.c >&5
configure:7708: $? = 0
configure:7730: result: yes
configure:7738: checking if gcc supports -c -o file.o
configure:7785: result: yes
configure:7818: checking whether the gcc linker (/usr/llvm-gcc-4.2/libexec/gcc/i686-apple-darwin11/4.2.1/ld) supports shared libraries
configure:8971: result: yes
configure:9211: checking dynamic linker characteristics
configure:9944: result: darwin12.5.0 dyld
configure:10051: checking how to hardcode library paths into programs
configure:10076: result: immediate
configure:10616: checking whether stripping libraries is possible
configure:10630: result: yes
configure:10656: checking if libtool supports shared libraries
configure:10658: result: yes
configure:10661: checking whether to build shared libraries
configure:10682: result: yes
configure:10685: checking whether to build static libraries
configure:10689: result: no
configure:10743: checking for a BSD-compatible install
configure:10811: result: /opt/local/bin/ginstall -c
configure:10822: checking whether build environment is sane
configure:10877: result: yes
configure:11025: checking for a thread-safe mkdir -p
configure:11064: result: /opt/local/bin/gmkdir -p
configure:11067: checking whether make sets $(MAKE)
configure:11089: result: yes
configure:11119: checking for style of include used by make
configure:11147: result: GNU
configure:11181: checking whether make supports nested variables
configure:11198: result: yes
configure:11283: checking dependency style of gcc
configure:11394: result: none
configure:11506: checking for gfortran
configure:11522: found /usr/local/bin/gfortran
configure:11533: result: gfortran
configure:11559: checking for Fortran compiler version
configure:11568: gfortran --version >&5
GNU Fortran (GCC) 4.8.1
Copyright (C) 2013 Free Software Foundation, Inc.

GNU Fortran comes with NO WARRANTY, to the extent permitted by law.
You may redistribute copies of GNU Fortran
under the terms of the GNU General Public License.
For more information about these matters, see the file named COPYING

configure:11579: $? = 0
configure:11568: gfortran -v >&5
Using built-in specs.
COLLECT_GCC=gfortran
COLLECT_LTO_WRAPPER=/usr/local/libexec/gcc/x86_64-apple-darwin12.4.0/4.8.1/lto-wrapper
Target: x86_64-apple-darwin12.4.0
Configured with: ../gcc-4.8.1/configure --enable-languages=fortran,c++
Thread model: posix
gcc version 4.8.1 (GCC) 
configure:11579: $? = 0
configure:11568: gfortran -V >&5
gfortran: error: unrecognized command line option '-V'
gfortran: fatal error: no input files
compilation terminated.
configure:11579: $? = 1
configure:11568: gfortran -qversion >&5
gfortran: error: unrecognized command line option '-qversion'
gfortran: fatal error: no input files
compilation terminated.
configure:11579: $? = 1
configure:11588: checking whether we are using the GNU Fortran compiler
configure:11601: gfortran -c   conftest.F >&5
configure:11601: $? = 0
configure:11610: result: yes
configure:11616: checking whether gfortran accepts -g
configure:11627: gfortran -c -g  conftest.f >&5
configure:11627: $? = 0
configure:11635: result: yes
configure:11784: checking if libtool supports shared libraries
configure:11786: result: yes
configure:11789: checking whether to build shared libraries
configure:11809: result: yes
configure:11812: checking whether to build static libraries
configure:11816: result: no
configure:11850: gfortran -c -g -O2  conftest.f >&5
configure:11853: $? = 0
configure:12300: checking for gfortran option to produce PIC
configure:12307: result: -fno-common
configure:12315: checking if gfortran PIC flag -fno-common works
configure:12333: gfortran -c -g -O2 -fno-common  conftest.f >&5
configure:12337: $? = 0
configure:12350: result: yes
configure:12373: checking if gfortran static flag -static works
configure:12401: result: no
configure:12413: checking if gfortran supports -c -o file.o
configure:12434: gfortran -c -g -O2 -o out/conftest2.o  conftest.f >&5
configure:12438: $? = 0
configure:12460: result: yes
configure:12465: checking if gfortran supports -c -o file.o
configure:12512: result: yes
configure:12542: checking whether the gfortran linker (/usr/llvm-gcc-4.2/libexec/gcc/i686-apple-darwin11/4.2.1/ld) supports shared libraries
configure:13645: result: yes
configure:13786: checking dynamic linker characteristics
configure:14447: result: darwin12.5.0 dyld
configure:14500: checking how to hardcode library paths into programs
configure:14525: result: immediate
configure:14562: checking for Fortran flag needed to accept free-form source
configure:14581: gfortran -c -g -O2  conftest.f >&5
conftest.f:2.3:

  program freeform                                                      
   1
Error: Non-numeric character in statement label at (1)
conftest.f:2.3:

  program freeform                                                      
   1
Error: Unclassifiable statement at (1)
conftest.f:4.26:

       print *, 'Hello ', &                                             
                          1
Error: Expected expression in PRINT statement at (1)
conftest.f:5.11:

          'world.'                                                      
           1
Error: Invalid character in name at (1)
configure:14581: $? = 1
configure: failed program was:
| 
|   program freeform
|        ! FIXME: how to best confuse non-freeform compilers?
|        print *, 'Hello ', &
|           'world.'
|        end
configure:14581: gfortran -c -g -O2 -ffree-form  conftest.f >&5
configure:14581: $? = 0
configure:14590: result: -ffree-form
configure:14616: checking for Fortran flag needed to accept unlimited column source lines
configure:14636: gfortran -c -g -O2 -ffree-form  conftest.f >&5
conftest.f:2.132:

,arg6,arg7,arg8,arg9,arg10,arg11,arg12,arg13,arg14,arg15,arg16,arg17,arg18,
                                                                           1
Error: Invalid character in name at (1)
conftest.f:3.9:

      end subroutine
         1
Error: Expecting END PROGRAM statement at (1)
configure:14636: $? = 1
configure: failed program was:
| 
|       subroutine longer_than_132(arg1,arg2,arg3,arg4,arg5,arg6,arg7,arg8,arg9,arg10,arg11,arg12,arg13,arg14,arg15,arg16,arg17,arg18,arg19)
|       end subroutine
configure:14636: gfortran -c -g -O2 -ffree-form -ffree-line-length-none  conftest.f >&5
configure:14636: $? = 0
configure:14645: result: -ffree-line-length-none
configure:14718: checking for pkg-config
configure:14736: found /opt/local/bin/pkg-config
configure:14748: result: /opt/local/bin/pkg-config
configure:14773: checking pkg-config is at least version 0.9.0
configure:14776: result: yes
configure:14903: checking that generated files are newer than configure
configure:14909: result: done
configure:14932: creating ./config.status

## ---------------- ##
## Cache variables. ##
## ---------------- ##

ac_cv_build=x86_64-apple-darwin12.5.0
ac_cv_c_compiler_gnu=yes
ac_cv_env_CC_set=
ac_cv_env_CC_value=
ac_cv_env_CFLAGS_set=
ac_cv_env_CFLAGS_value=
ac_cv_env_CPPFLAGS_set=
ac_cv_env_CPPFLAGS_value=
ac_cv_env_CPP_set=
ac_cv_env_CPP_value=
ac_cv_env_FCFLAGS_set=
ac_cv_env_FCFLAGS_value=
ac_cv_env_FC_set=
ac_cv_env_FC_value=
ac_cv_env_LDFLAGS_set=
ac_cv_env_LDFLAGS_value=
ac_cv_env_LIBS_set=
ac_cv_env_LIBS_value=
ac_cv_env_PKG_CONFIG_LIBDIR_set=
ac_cv_env_PKG_CONFIG_LIBDIR_value=
ac_cv_env_PKG_CONFIG_PATH_set=
ac_cv_env_PKG_CONFIG_PATH_value=
ac_cv_env_PKG_CONFIG_set=
ac_cv_env_PKG_CONFIG_value=
ac_cv_env_build_alias_set=
ac_cv_env_build_alias_value=
ac_cv_env_host_alias_set=
ac_cv_env_host_alias_value=
ac_cv_env_target_alias_set=
ac_cv_env_target_alias_value=
ac_cv_fc_compiler_gnu=yes
ac_cv_fc_freeform=-ffree-form
ac_cv_fc_line_length=-ffree-line-length-none
ac_cv_header_dlfcn_h=yes
ac_cv_header_inttypes_h=yes
ac_cv_header_memory_h=yes
ac_cv_header_stdc=yes
ac_cv_header_stdint_h=yes
ac_cv_header_stdlib_h=yes
ac_cv_header_string_h=yes
ac_cv_header_strings_h=yes
ac_cv_header_sys_stat_h=yes
ac_cv_header_sys_types_h=yes
ac_cv_header_unistd_h=yes
ac_cv_host=x86_64-apple-darwin12.5.0
ac_cv_objext=o
ac_cv_path_EGREP='/usr/bin/grep -E'
ac_cv_path_FGREP='/usr/bin/grep -F'
ac_cv_path_GREP=/usr/bin/grep
ac_cv_path_SED=/usr/bin/sed
ac_cv_path_ac_pt_PKG_CONFIG=/opt/local/bin/pkg-config
ac_cv_path_install='/opt/local/bin/ginstall -c'
ac_cv_path_mkdir=/opt/local/bin/gmkdir
ac_cv_prog_AWK=awk
ac_cv_prog_CPP='gcc -E'
ac_cv_prog_ac_ct_AR=ar
ac_cv_prog_ac_ct_CC=gcc
ac_cv_prog_ac_ct_DSYMUTIL=dsymutil
ac_cv_prog_ac_ct_FC=gfortran
ac_cv_prog_ac_ct_LIPO=lipo
ac_cv_prog_ac_ct_NMEDIT=nmedit
ac_cv_prog_ac_ct_OTOOL=otool
ac_cv_prog_ac_ct_RANLIB=ranlib
ac_cv_prog_ac_ct_STRIP=strip
ac_cv_prog_cc_c89=
ac_cv_prog_cc_g=yes
ac_cv_prog_fc_g=yes
ac_cv_prog_make_make_set=yes
am_cv_CC_dependencies_compiler_type=none
am_cv_make_support_nested_variables=yes
am_cv_prog_cc_c_o=yes
lt_cv_apple_cc_single_mod=yes
lt_cv_ar_at_file=no
lt_cv_deplibs_check_method=pass_all
lt_cv_file_magic_cmd='$MAGIC_CMD'
lt_cv_file_magic_test_file=
lt_cv_ld_exported_symbols_list=yes
lt_cv_ld_force_load=yes
lt_cv_ld_reload_flag=-r
lt_cv_nm_interface='BSD nm'
lt_cv_objdir=.libs
lt_cv_path_LD=/usr/llvm-gcc-4.2/libexec/gcc/i686-apple-darwin11/4.2.1/ld
lt_cv_path_NM=/opt/local/bin/nm
lt_cv_path_mainfest_tool=no
lt_cv_prog_compiler_c_o=yes
lt_cv_prog_compiler_c_o_FC=yes
lt_cv_prog_compiler_pic='-fno-common -DPIC'
lt_cv_prog_compiler_pic_FC=-fno-common
lt_cv_prog_compiler_pic_works=yes
lt_cv_prog_compiler_pic_works_FC=yes
lt_cv_prog_compiler_rtti_exceptions=no
lt_cv_prog_compiler_static_works=no
lt_cv_prog_compiler_static_works_FC=no
lt_cv_prog_gnu_ld=no
lt_cv_sharedlib_from_linklib_cmd='printf %s\n'
lt_cv_sys_global_symbol_pipe='sed -n -e '\''s/^.*[	 ]\([BCDEGRST][BCDEGRST]*\)[	 ][	 ]*_\([_A-Za-z][_A-Za-z0-9]*\)$/\1 _\2 \2/p'\'' | sed '\''/ __gnu_lto/d'\'''
lt_cv_sys_global_symbol_to_c_name_address='sed -n -e '\''s/^: \([^ ]*\)[ ]*$/  {\"\1\", (void *) 0},/p'\'' -e '\''s/^[BCDEGRST]* \([^ ]*\) \([^ ]*\)$/  {"\2", (void *) \&\2},/p'\'''
lt_cv_sys_global_symbol_to_c_name_address_lib_prefix='sed -n -e '\''s/^: \([^ ]*\)[ ]*$/  {\"\1\", (void *) 0},/p'\'' -e '\''s/^[BCDEGRST]* \([^ ]*\) \(lib[^ ]*\)$/  {"\2", (void *) \&\2},/p'\'' -e '\''s/^[BCDEGRST]* \([^ ]*\) \([^ ]*\)$/  {"lib\2", (void *) \&\2},/p'\'''
lt_cv_sys_global_symbol_to_cdecl='sed -n -e '\''s/^T .* \(.*\)$/extern int \1();/p'\'' -e '\''s/^[BCDEGRST]* .* \(.*\)$/extern char \1;/p'\'''
lt_cv_sys_max_cmd_len=196608
lt_cv_to_host_file_cmd=func_convert_file_noop
lt_cv_to_tool_file_cmd=func_convert_file_noop

## ----------------- ##
## Output variables. ##
## ----------------- ##

ACLOCAL='${SHELL} /Users/hoonhout/Checkouts/OpenEarthTools/trunk/programs/SandMudBedModule/02_Matlab/fortran/config/missing aclocal-1.14'
AMDEPBACKSLASH='\'
AMDEP_FALSE='#'
AMDEP_TRUE=''
AMTAR='$${TAR-tar}'
AM_BACKSLASH='\'
AM_DEFAULT_V='$(AM_DEFAULT_VERBOSITY)'
AM_DEFAULT_VERBOSITY='1'
AM_V='$(V)'
AR='ar'
AUTOCONF='${SHELL} /Users/hoonhout/Checkouts/OpenEarthTools/trunk/programs/SandMudBedModule/02_Matlab/fortran/config/missing autoconf'
AUTOHEADER='${SHELL} /Users/hoonhout/Checkouts/OpenEarthTools/trunk/programs/SandMudBedModule/02_Matlab/fortran/config/missing autoheader'
AUTOMAKE='${SHELL} /Users/hoonhout/Checkouts/OpenEarthTools/trunk/programs/SandMudBedModule/02_Matlab/fortran/config/missing automake-1.14'
AWK='awk'
CC='gcc'
CCDEPMODE='depmode=none'
CFLAGS='-g -O2'
CPP='gcc -E'
CPPFLAGS=''
CYGPATH_W='echo'
DEFS='-DHAVE_CONFIG_H'
DEPDIR='.deps'
DLLTOOL='false'
DSYMUTIL='dsymutil'
DUMPBIN=''
ECHO_C='\c'
ECHO_N=''
ECHO_T=''
EGREP='/usr/bin/grep -E'
EXEEXT=''
FC='gfortran'
FCFLAGS='-g -O2 -ffree-form -ffree-line-length-none'
FGREP='/usr/bin/grep -F'
GREP='/usr/bin/grep'
INSTALL_DATA='${INSTALL} -m 644'
INSTALL_PROGRAM='${INSTALL}'
INSTALL_SCRIPT='${INSTALL}'
INSTALL_STRIP_PROGRAM='$(install_sh) -c -s'
LD='/usr/llvm-gcc-4.2/libexec/gcc/i686-apple-darwin11/4.2.1/ld'
LDFLAGS=''
LIBOBJS=''
LIBS=''
LIBTOOL='$(SHELL) $(top_builddir)/libtool'
LIPO='lipo'
LN_S='ln -s'
LTLIBOBJS=''
MAKEINFO='${SHELL} /Users/hoonhout/Checkouts/OpenEarthTools/trunk/programs/SandMudBedModule/02_Matlab/fortran/config/missing makeinfo'
MANIFEST_TOOL=':'
MKDIR_P='/opt/local/bin/gmkdir -p'
NM='/opt/local/bin/nm'
NMEDIT='nmedit'
OBJDUMP='false'
OBJEXT='o'
OTOOL64=':'
OTOOL='otool'
PACKAGE='bedcomposition_module'
PACKAGE_BUGREPORT='bas.hoonhout@deltares.nl'
PACKAGE_NAME='bedcomposition_module'
PACKAGE_STRING='bedcomposition_module v1'
PACKAGE_TARNAME='bedcomposition_module'
PACKAGE_URL=''
PACKAGE_VERSION='v1'
PATH_SEPARATOR=':'
PKG_CONFIG='/opt/local/bin/pkg-config'
PKG_CONFIG_LIBDIR=''
PKG_CONFIG_PATH=''
RANLIB='ranlib'
SED='/usr/bin/sed'
SET_MAKE=''
SHELL='/bin/sh'
STRIP='strip'
VERSION='v1'
ac_ct_AR='ar'
ac_ct_CC='gcc'
ac_ct_DUMPBIN=''
ac_ct_FC='gfortran'
am__EXEEXT_FALSE=''
am__EXEEXT_TRUE='#'
am__fastdepCC_FALSE=''
am__fastdepCC_TRUE='#'
am__include='include'
am__isrc=''
am__leading_dot='.'
am__nodep='_no'
am__quote=''
am__tar='$${TAR-tar} chof - "$$tardir"'
am__untar='$${TAR-tar} xf -'
bindir='${exec_prefix}/bin'
build='x86_64-apple-darwin12.5.0'
build_alias=''
build_cpu='x86_64'
build_os='darwin12.5.0'
build_vendor='apple'
datadir='${datarootdir}'
datarootdir='${prefix}/share'
docdir='${datarootdir}/doc/${PACKAGE_TARNAME}'
dvidir='${docdir}'
exec_prefix='${prefix}'
host='x86_64-apple-darwin12.5.0'
host_alias=''
host_cpu='x86_64'
host_os='darwin12.5.0'
host_vendor='apple'
htmldir='${docdir}'
includedir='${prefix}/include'
infodir='${datarootdir}/info'
install_sh='${SHELL} /Users/hoonhout/Checkouts/OpenEarthTools/trunk/programs/SandMudBedModule/02_Matlab/fortran/config/install-sh'
libdir='${exec_prefix}/lib'
libexecdir='${exec_prefix}/libexec'
localedir='${datarootdir}/locale'
localstatedir='${prefix}/var'
mandir='${datarootdir}/man'
mkdir_p='$(MKDIR_P)'
oldincludedir='/usr/include'
pdfdir='${docdir}'
prefix='/usr/local'
program_transform_name='s,x,x,'
psdir='${docdir}'
sbindir='${exec_prefix}/sbin'
sharedstatedir='${prefix}/com'
sysconfdir='${prefix}/etc'
target_alias=''

## ----------- ##
## confdefs.h. ##
## ----------- ##

/* confdefs.h */
#define PACKAGE_NAME "bedcomposition_module"
#define PACKAGE_TARNAME "bedcomposition_module"
#define PACKAGE_VERSION "v1"
#define PACKAGE_STRING "bedcomposition_module v1"
#define PACKAGE_BUGREPORT "bas.hoonhout@deltares.nl"
#define PACKAGE_URL ""
#define STDC_HEADERS 1
#define HAVE_SYS_TYPES_H 1
#define HAVE_SYS_STAT_H 1
#define HAVE_STDLIB_H 1
#define HAVE_STRING_H 1
#define HAVE_MEMORY_H 1
#define HAVE_STRINGS_H 1
#define HAVE_INTTYPES_H 1
#define HAVE_STDINT_H 1
#define HAVE_UNISTD_H 1
#define HAVE_DLFCN_H 1
#define LT_OBJDIR ".libs/"
#define PACKAGE "bedcomposition_module"
#define VERSION "v1"

configure: exit 0

## ---------------------- ##
## Running config.status. ##
## ---------------------- ##

This file was extended by bedcomposition_module config.status v1, which was
generated by GNU Autoconf 2.69.  Invocation command line was

  CONFIG_FILES    = 
  CONFIG_HEADERS  = 
  CONFIG_LINKS    = 
  CONFIG_COMMANDS = 
  $ ./config.status 

on Bass-MacBook-Pro.local

config.status:1140: creating Makefile
config.status:1140: creating src/Makefile
config.status:1140: creating config.h
config.status:1321: config.h is unchanged
config.status:1369: executing libtool commands
config.status:1369: executing depfiles commands

## ---------------------- ##
## Running config.status. ##
## ---------------------- ##

This file was extended by bedcomposition_module config.status v1, which was
generated by GNU Autoconf 2.69.  Invocation command line was

  CONFIG_FILES    = 
  CONFIG_HEADERS  = 
  CONFIG_LINKS    = 
  CONFIG_COMMANDS = 
  $ ./config.status config.h

on Bass-MacBook-Pro.local

config.status:1140: creating config.h
config.status:1321: config.h is unchanged
