This file contains any messages produced by compilers while
running configure, to aid debugging if configure makes a mistake.

It was created by netCDF configure 4.0.1, which was
generated by GNU Autoconf 2.62.  Invocation command line was

  $ ./configure --prefix=/cygdrive/D/dam_ar/opt/netcdf --disable-netcdf-4 --disable-shared

## --------- ##
## Platform. ##
## --------- ##

hostname = l00022
uname -m = i686
uname -r = 1.5.25(0.156/4/2)
uname -s = CYGWIN_NT-5.1
uname -v = 2008-06-12 19:34

/usr/bin/uname -p = unknown
/bin/uname -X     = unknown

/bin/arch              = i686
/usr/bin/arch -k       = unknown
/usr/convex/getsysinfo = unknown
/usr/bin/hostinfo      = unknown
/bin/machine           = unknown
/usr/bin/oslevel       = unknown
/bin/universe          = unknown

PATH: /usr/local/bin
PATH: /usr/bin
PATH: /bin
PATH: /usr/X11R6/bin
PATH: /cygdrive/c/Program Files/Intel/Compiler/11.0/072/fortran/lib/ia32
PATH: /cygdrive/c/Program Files/Intel/Compiler/11.0/072/fortran/mkl/ia32/bin
PATH: /cygdrive/c/WINDOWS/system32
PATH: /cygdrive/c/WINDOWS
PATH: /cygdrive/c/WINDOWS/System32/Wbem
PATH: /cygdrive/c/opt/bin
PATH: /cygdrive/c/Program Files/Intel/WiFi/bin/
PATH: /cygdrive/c/Program Files/TortoiseSVN/bin
PATH: /cygdrive/c/Program Files/VisualSVN/bin
PATH: /cygdrive/c/Program Files/NTRU Cryptosystems/NTRU TCG Software Stack/bin/
PATH: /cygdrive/c/Program Files/Wave Systems Corp/Gemalto/Access Client/v5/
PATH: /cygdrive/c/Program Files/Intel/Compiler/11.0/072/fortran/lib/ia32
PATH: /cygdrive/c/Program Files/Intel/Compiler/11.0/072/fortran/mkl/ia32/bin
PATH: /cygdrive/c/WINDOWS/system32
PATH: /cygdrive/c/WINDOWS
PATH: /cygdrive/c/WINDOWS/System32/Wbem
PATH: /cygdrive/c/opt/bin
PATH: /cygdrive/c/Program Files/Intel/WiFi/bin/
PATH: /cygdrive/c/Program Files/TortoiseSVN/bin
PATH: /cygdrive/c/Program Files/VisualSVN/bin
PATH: /cygdrive/c/Program Files/NTRU Cryptosystems/NTRU TCG Software Stack/bin/
PATH: /cygdrive/c/Program Files/Wave Systems Corp/Gemalto/Access Client/v5/
PATH: /usr/bin
PATH: /usr/bin
PATH: /usr/local/bin
PATH: /usr/lib
PATH: /usr/lib
PATH: /cygdrive/c/PROGRA~1/Delft3D/w32/lib
PATH: /cygdrive/c/Program Files/Graphviz/bin
PATH: /cygdrive/c/Program Files/doxygen/bin
PATH: /cygdrive/d/dam_ar/ds_trunk_src/third_party/netcdf4/bin
PATH: /cygdrive/d/dam_ar/ds_trunk_src/third_party/netcdf4/lib/win32/release
PATH: /cygdrive/d/dam_ar/ds_trunk_src/third_party/hdf5/dll
PATH: /cygdrive/d/dam_ar/ds_trunk_src/third_party/hdf5/bin
PATH: /cygdrive/d/dam_ar/ds_trunk_src/third_party/szip/dll
PATH: /cygdrive/d/dam_ar/ds_trunk_src/third_party/zlib/dll
PATH: /usr/lib/lapack
PATH: /cygdrive/c/Program Files/Intel/Compiler/11.0/072/fortran/Bin/IA32


## ----------- ##
## Core tests. ##
## ----------- ##

configure:2291: netCDF 4.0.1
configure:2335: checking build system type
configure:2353: result: i686-pc-cygwin
configure:2375: checking host system type
configure:2390: result: i686-pc-cygwin
configure:2437: checking for a BSD-compatible install
configure:2505: result: /usr/bin/install -c
configure:2516: checking whether build environment is sane
configure:2559: result: yes
configure:2584: checking for a thread-safe mkdir -p
configure:2623: result: /usr/bin/mkdir -p
configure:2636: checking for gawk
configure:2652: found /usr/bin/gawk
configure:2663: result: gawk
configure:2674: checking whether make sets $(MAKE)
configure:2696: result: yes
configure:2888: checking user options
configure:2931: checking whether CXX is set to ''
configure:2935: result: no
configure:2939: checking whether FC is set to ''
configure:2943: result: no
configure:2947: checking whether F90 is set to ''
configure:2951: result: no
configure:2955: checking whether a NCIO_MINBLOCKSIZE was specified
configure:2965: result: 256
configure:2975: checking whether this is a netCDF-4.x build
configure:2983: result: yes
configure:2987: checking whether extra valgrind tests should be run
configure:2995: result: no
configure:3001: Processing NetCDF-4 options.
configure:3006: checking whether netCDF-4 is to be built
configure:3014: result: no
configure:3030: checking whether new netCDF-4 C++ API is to be built
configure:3038: result: no
configure:3042: checking whether HDF5 should do data conversions
configure:3050: result: no
configure:3061: checking whether extra example tests should be run
configure:3069: result: no
configure:3073: checking whether parallel IO tests should be run
configure:3081: result: no
configure:3085: checking whether a location for the HDF5 library was specified
configure:3093: result: 
configure:3099: checking whether a location for the ZLIB library was specified
configure:3107: result: 
configure:3113: checking whether a location for the SZLIB library was specified
configure:3121: result: 
configure:3127: checking whether a default cache size for HDF5 was specified
configure:3137: result: 32000000
configure:3146: checking whether a default cache maximum number of elements for HDF5 was specified
configure:3156: result: 1000
configure:3165: checking whether a default cache preemption for HDF5 was specified
configure:3175: result: 0.75
configure:3184: checking whether netCDF-4 logging is enabled
configure:3192: result: no
configure:3212: checking whether DAP client is to be built
configure:3220: result: no
configure:3246: checking whether dap remote testing should be enabled
configure:3254: result: no
configure:3357: checking whether netCDF extra tests should be run (developers only)
configure:3365: result: no
configure:3384: checking whether documentation is to be installed
configure:3392: result: no
configure:3404: checking whether Fortran compiler(s) should be tested during configure
configure:3412: result: yes
configure:3416: checking whether FFIO will be used
configure:3424: result: no
configure:3440: checking whether to skip C++, F77, or F90 APIs if compiler is broken
configure:3448: result: yes
configure:3452: checking whether only the C library is desired
configure:3460: result: no
configure:3479: checking whether examples should be built
configure:3487: result: yes
configure:3491: checking whether F77 API is desired
configure:3500: result: yes
configure:3505: checking whether F90 API is desired
configure:3515: result: yes
configure:3519: checking whether fortran type sizes should be checked
configure:3527: result: yes
configure:3533: checking whether C API is desired
configure:3541: result: yes
configure:3548: checking where to get netCDF C-only library for separate fortran libraries
configure:3564: result: 
configure:3579: checking whether CXX API is desired
configure:3588: result: yes
configure:3599: checking whether v2 netCDF API should be built
configure:3607: result: yes
configure:3626: checking whether the ncgen/ncdump should be built
configure:3635: result: yes
configure:3647: checking whether large file (> 2GB) tests should be run
configure:3655: result: no
configure:3674: checking whether benchmaks should be run (experimental)
configure:3682: result: no
configure:3694: checking whether extreme numbers should be used in tests
configure:3709: result: yes
configure:3723: checking where to put large temp files if large file tests are run
configure:3732: result: .
configure:3743: checking whether a win32 DLL is desired
configure:3751: result: no
configure:3775: checking whether separate fortran libs are desired
configure:3784: result: no
configure:3854: finding C compiler
configure:3911: checking for xlc
configure:3941: result: no
configure:3911: checking for cc
configure:3927: found /usr/bin/cc
configure:3938: result: cc
configure:3974: checking for C compiler version
configure:3982: cc --version >&5
cc (GCC) 3.4.4 (cygming special, gdc 0.12, using dmd 0.125)
Copyright (C) 2004 Free Software Foundation, Inc.
This is free software; see the source for copying conditions.  There is NO
warranty; not even for MERCHANTABILITY or FITNESS FOR A PARTICULAR PURPOSE.

configure:3986: $? = 0
configure:3993: cc -v >&5
Reading specs from /usr/lib/gcc/i686-pc-cygwin/3.4.4/specs
Configured with: /managed/gcc-build/final-v3-bootstrap/gcc-3.4.4-999/configure --verbose --program-suffix=-3 --prefix=/usr --exec-prefix=/usr --sysconfdir=/etc --libdir=/usr/lib --libexecdir=/usr/lib --mandir=/usr/share/man --infodir=/usr/share/info --enable-languages=c,ada,c++,d,f77,pascal,java,objc --enable-nls --without-included-gettext --enable-version-specific-runtime-libs --without-x --enable-libgcj --disable-java-awt --with-system-zlib --enable-interpreter --disable-libgcj-debug --enable-threads=posix --enable-java-gc=boehm --disable-win32-registry --enable-sjlj-exceptions --enable-hash-synchronization --enable-libstdcxx-debug
Thread model: posix
gcc version 3.4.4 (cygming special, gdc 0.12, using dmd 0.125)
configure:3997: $? = 0
configure:4004: cc -V >&5
cc: `-V' option must have argument
configure:4008: $? = 1
configure:4031: checking for C compiler default output file name
configure:4053: cc    conftest.c  >&5
configure:4057: $? = 0
configure:4095: result: a.exe
configure:4112: checking whether the C compiler works
configure:4122: ./a.exe
configure:4126: $? = 0
configure:4143: result: yes
configure:4150: checking whether we are cross compiling
configure:4152: result: no
configure:4155: checking for suffix of executables
configure:4162: cc -o conftest.exe    conftest.c  >&5
configure:4166: $? = 0
configure:4190: result: .exe
configure:4196: checking for suffix of object files
configure:4222: cc -c   conftest.c >&5
configure:4226: $? = 0
configure:4249: result: o
configure:4253: checking whether we are using the GNU C compiler
configure:4282: cc -c   conftest.c >&5
configure:4289: $? = 0
configure:4306: result: yes
configure:4315: checking whether cc accepts -g
configure:4345: cc -c -g  conftest.c >&5
configure:4352: $? = 0
configure:4453: result: yes
configure:4470: checking for cc option to accept ISO C89
configure:4544: cc  -c -g -O2  conftest.c >&5
configure:4551: $? = 0
configure:4574: result: none needed
configure:4603: checking for style of include used by make
configure:4631: result: GNU
configure:4656: checking dependency style of cc
configure:4747: result: gcc3
configure:4766: checking whether cc understands -c and -o together
configure:4798: cc -c conftest.c -o conftest2.o >&5
configure:4802: $? = 0
configure:4808: cc -c conftest.c -o conftest2.o >&5
configure:4812: $? = 0
configure:4867: result: yes
configure:4894: checking for an ANSI C-conforming const
configure:4969: cc -c -g -O2  conftest.c >&5
configure:4976: $? = 0
configure:4991: result: yes
configure:5022: finding Fortran compiler (will not be used if Fortran API is not desired)
configure:5418: checking for Fortran compiler version
configure:5426: gfortran --version >&5
GNU Fortran (GCC) 4.3.2 20080827 (beta) 2
Copyright (C) 2008 Free Software Foundation, Inc.

GNU Fortran comes with NO WARRANTY, to the extent permitted by law.
You may redistribute copies of GNU Fortran
under the terms of the GNU General Public License.
For more information about these matters, see the file named COPYING

configure:5430: $? = 0
configure:5437: gfortran -v >&5
Using built-in specs.
Target: i686-pc-cygwin
Configured with: /gnu/gcc/package/gcc4-4.3.2-2/src/gcc-4.3.2/configure --srcdir=/gnu/gcc/package/gcc4-4.3.2-2/src/gcc-4.3.2 --prefix=/usr --exec-prefix=/usr --bindir=/usr/bin --sbindir=/usr/sbin --libexecdir=/usr/sbin --datadir=/usr/share --localstatedir=/var --sysconfdir=/etc --infodir=/usr/share/info --mandir=/usr/share/man --datadir=/usr/share --infodir=/usr/share/info --mandir=/usr/share/man -v --with-gmp=/usr --with-mpfr=/usr --enable-bootstrap --enable-version-specific-runtime-libs --with-slibdir=/usr/bin --libexecdir=/usr/lib --enable-static --enable-shared --enable-shared-libgcc --enable-__cxa_atexit --with-gnu-ld --with-gnu-as --with-dwarf2 --disable-sjlj-exceptions --enable-languages=ada,c,c++,fortran,java,objc,obj-c++ --disable-symvers --enable-libjava --program-suffix=-4 --enable-libgomp --enable-libssp --enable-libada --enable-threads=posix AS=/opt/gcc-tools/bin/as.exe AS_FOR_TARGET=/opt/gcc-tools/bin/as.exe LD=/opt/gcc-tools/bin/ld.exe LD_FOR_TARGET=/opt/gcc-tools/bin/ld.exe
Thread model: posix
gcc version 4.3.2 20080827 (beta) 2 (GCC) 
configure:5441: $? = 0
configure:5448: gfortran -V >&5
gfortran: '-V' option must have argument
configure:5452: $? = 1
configure:5460: checking whether we are using the GNU Fortran compiler
configure:5479: gfortran -c   conftest.F >&5
configure:5486: $? = 0
configure:5503: result: yes
configure:5509: checking whether gfortran accepts -g
configure:5526: gfortran -c -g  conftest.f >&5
configure:5533: $? = 0
configure:5549: result: yes
configure:5699: checking for Fortran 77 compiler version
configure:5707: gfortran --version >&5
GNU Fortran (GCC) 4.3.2 20080827 (beta) 2
Copyright (C) 2008 Free Software Foundation, Inc.

GNU Fortran comes with NO WARRANTY, to the extent permitted by law.
You may redistribute copies of GNU Fortran
under the terms of the GNU General Public License.
For more information about these matters, see the file named COPYING

configure:5711: $? = 0
configure:5718: gfortran -v >&5
Using built-in specs.
Target: i686-pc-cygwin
Configured with: /gnu/gcc/package/gcc4-4.3.2-2/src/gcc-4.3.2/configure --srcdir=/gnu/gcc/package/gcc4-4.3.2-2/src/gcc-4.3.2 --prefix=/usr --exec-prefix=/usr --bindir=/usr/bin --sbindir=/usr/sbin --libexecdir=/usr/sbin --datadir=/usr/share --localstatedir=/var --sysconfdir=/etc --infodir=/usr/share/info --mandir=/usr/share/man --datadir=/usr/share --infodir=/usr/share/info --mandir=/usr/share/man -v --with-gmp=/usr --with-mpfr=/usr --enable-bootstrap --enable-version-specific-runtime-libs --with-slibdir=/usr/bin --libexecdir=/usr/lib --enable-static --enable-shared --enable-shared-libgcc --enable-__cxa_atexit --with-gnu-ld --with-gnu-as --with-dwarf2 --disable-sjlj-exceptions --enable-languages=ada,c,c++,fortran,java,objc,obj-c++ --disable-symvers --enable-libjava --program-suffix=-4 --enable-libgomp --enable-libssp --enable-libada --enable-threads=posix AS=/opt/gcc-tools/bin/as.exe AS_FOR_TARGET=/opt/gcc-tools/bin/as.exe LD=/opt/gcc-tools/bin/ld.exe LD_FOR_TARGET=/opt/gcc-tools/bin/ld.exe
Thread model: posix
gcc version 4.3.2 20080827 (beta) 2 (GCC) 
configure:5722: $? = 0
configure:5729: gfortran -V >&5
gfortran: '-V' option must have argument
configure:5733: $? = 1
configure:5741: checking whether we are using the GNU Fortran 77 compiler
configure:5760: gfortran -c  conftest.F >&5
configure:5767: $? = 0
configure:5784: result: yes
configure:5790: checking whether gfortran accepts -g
configure:5807: gfortran -c -g conftest.f >&5
configure:5814: $? = 0
configure:5830: result: yes
configure:5878: setting up Fortran 90
configure:5897: checking for Fortran flag to compile .f90 files
configure:5919: gfortran -c -g -O2  conftest.f90 >&5
configure:5926: $? = 0
configure:5945: result: none
configure:5975: checking fortran 90 modules inclusion flag
configure:6006: gfortran -c -g -O2  conftest.f90 >&5
configure:6013: $? = 0
configure:6046: gfortran -c -g -O2 -Itmpdir_0  conftest.f90 >&5
configure:6053: $? = 0
configure:6084: result: -I
configure:6096: checking if Fortran compiler can handle Fortran-90
configure:6104: gfortran  -g -O2  conftest.f90
configure:6107: $? = 0
configure:6121: result: yes
configure:6130: finding C++ compiler (will not be used if C++ API is not desired)
configure:6198: checking for g++
configure:6214: found /usr/bin/g++
configure:6225: result: g++
configure:6256: checking for C++ compiler version
configure:6264: g++ --version >&5
g++ (GCC) 3.4.4 (cygming special, gdc 0.12, using dmd 0.125)
Copyright (C) 2004 Free Software Foundation, Inc.
This is free software; see the source for copying conditions.  There is NO
warranty; not even for MERCHANTABILITY or FITNESS FOR A PARTICULAR PURPOSE.

configure:6268: $? = 0
configure:6275: g++ -v >&5
Reading specs from /usr/lib/gcc/i686-pc-cygwin/3.4.4/specs
Configured with: /managed/gcc-build/final-v3-bootstrap/gcc-3.4.4-999/configure --verbose --program-suffix=-3 --prefix=/usr --exec-prefix=/usr --sysconfdir=/etc --libdir=/usr/lib --libexecdir=/usr/lib --mandir=/usr/share/man --infodir=/usr/share/info --enable-languages=c,ada,c++,d,f77,pascal,java,objc --enable-nls --without-included-gettext --enable-version-specific-runtime-libs --without-x --enable-libgcj --disable-java-awt --with-system-zlib --enable-interpreter --disable-libgcj-debug --enable-threads=posix --enable-java-gc=boehm --disable-win32-registry --enable-sjlj-exceptions --enable-hash-synchronization --enable-libstdcxx-debug
Thread model: posix
gcc version 3.4.4 (cygming special, gdc 0.12, using dmd 0.125)
configure:6279: $? = 0
configure:6286: g++ -V >&5
g++: `-V' option must have argument
configure:6290: $? = 1
configure:6293: checking whether we are using the GNU C++ compiler
configure:6322: g++ -c   conftest.cpp >&5
configure:6329: $? = 0
configure:6346: result: yes
configure:6355: checking whether g++ accepts -g
configure:6385: g++ -c -g  conftest.cpp >&5
configure:6392: $? = 0
configure:6493: result: yes
configure:6518: checking dependency style of g++
configure:6609: result: gcc3
configure:6682: setting up libtool
configure:6711: checking for a sed that does not truncate output
configure:6777: result: /usr/bin/sed
configure:6795: checking for grep that handles long lines and -e
configure:6855: result: /usr/bin/grep
configure:6860: checking for egrep
configure:6924: result: /usr/bin/grep -E
configure:6929: checking for fgrep
configure:6993: result: /usr/bin/grep -F
configure:7028: checking for ld used by cc
configure:7095: result: /usr/i686-pc-cygwin/bin/ld.exe
configure:7104: checking if the linker (/usr/i686-pc-cygwin/bin/ld.exe) is GNU ld
configure:7119: result: yes
configure:7131: checking for BSD- or MS-compatible name lister (nm)
configure:7180: result: /usr/bin/nm -B
configure:7302: checking the name lister (/usr/bin/nm -B) interface
configure:7309: cc -c -g -O2  conftest.c >&5
configure:7312: /usr/bin/nm -B "conftest.o"
configure:7315: output
00000000 b .bss
00000000 d .data
00000000 N .stab
00000000 N .stabstr
00000000 t .text
00000000 B _some_variable
configure:7322: result: BSD nm
configure:7325: checking whether ln -s works
configure:7329: result: yes
configure:7337: checking the maximum length of command line arguments
configure:7457: result: 8192
configure:7474: checking whether the shell understands some XSI constructs
configure:7484: result: yes
configure:7488: checking whether the shell understands "+="
configure:7494: result: yes
configure:7529: checking for /usr/i686-pc-cygwin/bin/ld.exe option to reload object files
configure:7536: result: -r
configure:7563: checking how to recognize dependent libraries
configure:7753: result: file_magic ^x86 archive import|^x86 DLL
configure:7813: checking for ar
configure:7829: found /usr/bin/ar
configure:7840: result: ar
configure:7922: checking for strip
configure:7938: found /usr/bin/strip
configure:7949: result: strip
configure:8025: checking for ranlib
configure:8041: found /usr/bin/ranlib
configure:8052: result: ranlib
configure:8146: checking command to parse /usr/bin/nm -B output from cc object
configure:8264: cc -c -g -O2  conftest.c >&5
configure:8267: $? = 0
configure:8271: /usr/bin/nm -B conftest.o \| sed -n -e 's/^.*[	 ]\([ABCDGIRSTW][ABCDGIRSTW]*\)[	 ][	 ]*\([_A-Za-z][_A-Za-z0-9]*\)$/\1 \2 \2/p' \> conftest.nm
configure:8274: $? = 0
cannot find nm_test_var in conftest.nm
configure:8264: cc -c -g -O2  conftest.c >&5
configure:8267: $? = 0
configure:8271: /usr/bin/nm -B conftest.o \| sed -n -e 's/^.*[	 ]\([ABCDGIRSTW][ABCDGIRSTW]*\)[	 ][	 ]*_\([_A-Za-z][_A-Za-z0-9]*\)$/\1 _\2 \2/p' \> conftest.nm
configure:8274: $? = 0
configure:8328: cc -o conftest.exe -g -O2   conftest.c conftstm.o >&5
configure:8331: $? = 0
configure:8369: result: ok
configure:9255: checking how to run the C preprocessor
configure:9295: cc -E  conftest.c
configure:9302: $? = 0
configure:9333: cc -E  conftest.c
conftest.c:16:28: ac_nonexistent.h: No such file or directory
configure:9340: $? = 1
configure: failed program was:
| /* confdefs.h.  */
| #define PACKAGE_NAME "netCDF"
| #define PACKAGE_TARNAME "netcdf"
| #define PACKAGE_VERSION "4.0.1"
| #define PACKAGE_STRING "netCDF 4.0.1"
| #define PACKAGE_BUGREPORT "support@unidata.ucar.edu"
| #define PACKAGE "netcdf"
| #define VERSION "4.0.1"
| #define NCIO_MINBLOCKSIZE 256
| #define CHUNK_CACHE_SIZE 32000000
| #define CHUNK_CACHE_NELEMS 1000
| #define CHUNK_CACHE_PREEMPTION 0.75
| #define USE_EXTREME_NUMBERS 1
| #define TEMP_LARGE "."
| /* end confdefs.h.  */
| #include <ac_nonexistent.h>
configure:9373: result: cc -E
configure:9402: cc -E  conftest.c
configure:9409: $? = 0
configure:9440: cc -E  conftest.c
conftest.c:16:28: ac_nonexistent.h: No such file or directory
configure:9447: $? = 1
configure: failed program was:
| /* confdefs.h.  */
| #define PACKAGE_NAME "netCDF"
| #define PACKAGE_TARNAME "netcdf"
| #define PACKAGE_VERSION "4.0.1"
| #define PACKAGE_STRING "netCDF 4.0.1"
| #define PACKAGE_BUGREPORT "support@unidata.ucar.edu"
| #define PACKAGE "netcdf"
| #define VERSION "4.0.1"
| #define NCIO_MINBLOCKSIZE 256
| #define CHUNK_CACHE_SIZE 32000000
| #define CHUNK_CACHE_NELEMS 1000
| #define CHUNK_CACHE_PREEMPTION 0.75
| #define USE_EXTREME_NUMBERS 1
| #define TEMP_LARGE "."
| /* end confdefs.h.  */
| #include <ac_nonexistent.h>
configure:9485: checking for ANSI C header files
configure:9515: cc -c -g -O2  conftest.c >&5
configure:9522: $? = 0
configure:9621: cc -o conftest.exe -g -O2   conftest.c  >&5
configure:9625: $? = 0
configure:9631: ./conftest.exe
configure:9635: $? = 0
configure:9653: result: yes
configure:9677: checking for sys/types.h
configure:9698: cc -c -g -O2  conftest.c >&5
configure:9705: $? = 0
configure:9722: result: yes
configure:9677: checking for sys/stat.h
configure:9698: cc -c -g -O2  conftest.c >&5
configure:9705: $? = 0
configure:9722: result: yes
configure:9677: checking for stdlib.h
configure:9698: cc -c -g -O2  conftest.c >&5
configure:9705: $? = 0
configure:9722: result: yes
configure:9677: checking for string.h
configure:9698: cc -c -g -O2  conftest.c >&5
configure:9705: $? = 0
configure:9722: result: yes
configure:9677: checking for memory.h
configure:9698: cc -c -g -O2  conftest.c >&5
configure:9705: $? = 0
configure:9722: result: yes
configure:9677: checking for strings.h
configure:9698: cc -c -g -O2  conftest.c >&5
configure:9705: $? = 0
configure:9722: result: yes
configure:9677: checking for inttypes.h
configure:9698: cc -c -g -O2  conftest.c >&5
configure:9705: $? = 0
configure:9722: result: yes
configure:9677: checking for stdint.h
configure:9698: cc -c -g -O2  conftest.c >&5
configure:9705: $? = 0
configure:9722: result: yes
configure:9677: checking for unistd.h
configure:9698: cc -c -g -O2  conftest.c >&5
configure:9705: $? = 0
configure:9722: result: yes
configure:9739: checking for dlfcn.h
configure:9760: cc -c -g -O2  conftest.c >&5
configure:9767: $? = 0
configure:9784: result: yes
configure:9914: checking for C++ compiler version
configure:9922: g++ --version >&5
g++ (GCC) 3.4.4 (cygming special, gdc 0.12, using dmd 0.125)
Copyright (C) 2004 Free Software Foundation, Inc.
This is free software; see the source for copying conditions.  There is NO
warranty; not even for MERCHANTABILITY or FITNESS FOR A PARTICULAR PURPOSE.

configure:9926: $? = 0
configure:9933: g++ -v >&5
Reading specs from /usr/lib/gcc/i686-pc-cygwin/3.4.4/specs
Configured with: /managed/gcc-build/final-v3-bootstrap/gcc-3.4.4-999/configure --verbose --program-suffix=-3 --prefix=/usr --exec-prefix=/usr --sysconfdir=/etc --libdir=/usr/lib --libexecdir=/usr/lib --mandir=/usr/share/man --infodir=/usr/share/info --enable-languages=c,ada,c++,d,f77,pascal,java,objc --enable-nls --without-included-gettext --enable-version-specific-runtime-libs --without-x --enable-libgcj --disable-java-awt --with-system-zlib --enable-interpreter --disable-libgcj-debug --enable-threads=posix --enable-java-gc=boehm --disable-win32-registry --enable-sjlj-exceptions --enable-hash-synchronization --enable-libstdcxx-debug
Thread model: posix
gcc version 3.4.4 (cygming special, gdc 0.12, using dmd 0.125)
configure:9937: $? = 0
configure:9944: g++ -V >&5
g++: `-V' option must have argument
configure:9948: $? = 1
configure:9951: checking whether we are using the GNU C++ compiler
configure:10004: result: yes
configure:10013: checking whether g++ accepts -g
configure:10151: result: yes
configure:10176: checking dependency style of g++
configure:10267: result: gcc3
configure:10290: checking how to run the C++ preprocessor
configure:10326: g++ -E  conftest.cpp
configure:10333: $? = 0
configure:10364: g++ -E  conftest.cpp
conftest.cpp:27:28: ac_nonexistent.h: No such file or directory
configure:10371: $? = 1
configure: failed program was:
| /* confdefs.h.  */
| #define PACKAGE_NAME "netCDF"
| #define PACKAGE_TARNAME "netcdf"
| #define PACKAGE_VERSION "4.0.1"
| #define PACKAGE_STRING "netCDF 4.0.1"
| #define PACKAGE_BUGREPORT "support@unidata.ucar.edu"
| #define PACKAGE "netcdf"
| #define VERSION "4.0.1"
| #define NCIO_MINBLOCKSIZE 256
| #define CHUNK_CACHE_SIZE 32000000
| #define CHUNK_CACHE_NELEMS 1000
| #define CHUNK_CACHE_PREEMPTION 0.75
| #define USE_EXTREME_NUMBERS 1
| #define TEMP_LARGE "."
| #define STDC_HEADERS 1
| #define HAVE_SYS_TYPES_H 1
| #define HAVE_SYS_STAT_H 1
| #define HAVE_STDLIB_H 1
| #define HAVE_STRING_H 1
| #define HAVE_MEMORY_H 1
| #define HAVE_STRINGS_H 1
| #define HAVE_INTTYPES_H 1
| #define HAVE_STDINT_H 1
| #define HAVE_UNISTD_H 1
| #define HAVE_DLFCN_H 1
| /* end confdefs.h.  */
| #include <ac_nonexistent.h>
configure:10404: result: g++ -E
configure:10433: g++ -E  conftest.cpp
configure:10440: $? = 0
configure:10471: g++ -E  conftest.cpp
conftest.cpp:27:28: ac_nonexistent.h: No such file or directory
configure:10478: $? = 1
configure: failed program was:
| /* confdefs.h.  */
| #define PACKAGE_NAME "netCDF"
| #define PACKAGE_TARNAME "netcdf"
| #define PACKAGE_VERSION "4.0.1"
| #define PACKAGE_STRING "netCDF 4.0.1"
| #define PACKAGE_BUGREPORT "support@unidata.ucar.edu"
| #define PACKAGE "netcdf"
| #define VERSION "4.0.1"
| #define NCIO_MINBLOCKSIZE 256
| #define CHUNK_CACHE_SIZE 32000000
| #define CHUNK_CACHE_NELEMS 1000
| #define CHUNK_CACHE_PREEMPTION 0.75
| #define USE_EXTREME_NUMBERS 1
| #define TEMP_LARGE "."
| #define STDC_HEADERS 1
| #define HAVE_SYS_TYPES_H 1
| #define HAVE_SYS_STAT_H 1
| #define HAVE_STDLIB_H 1
| #define HAVE_STRING_H 1
| #define HAVE_MEMORY_H 1
| #define HAVE_STRINGS_H 1
| #define HAVE_INTTYPES_H 1
| #define HAVE_STDINT_H 1
| #define HAVE_UNISTD_H 1
| #define HAVE_DLFCN_H 1
| /* end confdefs.h.  */
| #include <ac_nonexistent.h>
configure:10629: checking for Fortran 77 compiler version
configure:10637: gfortran --version >&5
GNU Fortran (GCC) 4.3.2 20080827 (beta) 2
Copyright (C) 2008 Free Software Foundation, Inc.

GNU Fortran comes with NO WARRANTY, to the extent permitted by law.
You may redistribute copies of GNU Fortran
under the terms of the GNU General Public License.
For more information about these matters, see the file named COPYING

configure:10641: $? = 0
configure:10648: gfortran -v >&5
Using built-in specs.
Target: i686-pc-cygwin
Configured with: /gnu/gcc/package/gcc4-4.3.2-2/src/gcc-4.3.2/configure --srcdir=/gnu/gcc/package/gcc4-4.3.2-2/src/gcc-4.3.2 --prefix=/usr --exec-prefix=/usr --bindir=/usr/bin --sbindir=/usr/sbin --libexecdir=/usr/sbin --datadir=/usr/share --localstatedir=/var --sysconfdir=/etc --infodir=/usr/share/info --mandir=/usr/share/man --datadir=/usr/share --infodir=/usr/share/info --mandir=/usr/share/man -v --with-gmp=/usr --with-mpfr=/usr --enable-bootstrap --enable-version-specific-runtime-libs --with-slibdir=/usr/bin --libexecdir=/usr/lib --enable-static --enable-shared --enable-shared-libgcc --enable-__cxa_atexit --with-gnu-ld --with-gnu-as --with-dwarf2 --disable-sjlj-exceptions --enable-languages=ada,c,c++,fortran,java,objc,obj-c++ --disable-symvers --enable-libjava --program-suffix=-4 --enable-libgomp --enable-libssp --enable-libada --enable-threads=posix AS=/opt/gcc-tools/bin/as.exe AS_FOR_TARGET=/opt/gcc-tools/bin/as.exe LD=/opt/gcc-tools/bin/ld.exe LD_FOR_TARGET=/opt/gcc-tools/bin/ld.exe
Thread model: posix
gcc version 4.3.2 20080827 (beta) 2 (GCC) 
configure:10652: $? = 0
configure:10659: gfortran -V >&5
gfortran: '-V' option must have argument
configure:10663: $? = 1
configure:10671: checking whether we are using the GNU Fortran 77 compiler
configure:10714: result: yes
configure:10720: checking whether gfortran accepts -g
configure:10760: result: yes
configure:10907: checking for Fortran compiler version
configure:10915: gfortran --version >&5
GNU Fortran (GCC) 4.3.2 20080827 (beta) 2
Copyright (C) 2008 Free Software Foundation, Inc.

GNU Fortran comes with NO WARRANTY, to the extent permitted by law.
You may redistribute copies of GNU Fortran
under the terms of the GNU General Public License.
For more information about these matters, see the file named COPYING

configure:10919: $? = 0
configure:10926: gfortran -v >&5
Using built-in specs.
Target: i686-pc-cygwin
Configured with: /gnu/gcc/package/gcc4-4.3.2-2/src/gcc-4.3.2/configure --srcdir=/gnu/gcc/package/gcc4-4.3.2-2/src/gcc-4.3.2 --prefix=/usr --exec-prefix=/usr --bindir=/usr/bin --sbindir=/usr/sbin --libexecdir=/usr/sbin --datadir=/usr/share --localstatedir=/var --sysconfdir=/etc --infodir=/usr/share/info --mandir=/usr/share/man --datadir=/usr/share --infodir=/usr/share/info --mandir=/usr/share/man -v --with-gmp=/usr --with-mpfr=/usr --enable-bootstrap --enable-version-specific-runtime-libs --with-slibdir=/usr/bin --libexecdir=/usr/lib --enable-static --enable-shared --enable-shared-libgcc --enable-__cxa_atexit --with-gnu-ld --with-gnu-as --with-dwarf2 --disable-sjlj-exceptions --enable-languages=ada,c,c++,fortran,java,objc,obj-c++ --disable-symvers --enable-libjava --program-suffix=-4 --enable-libgomp --enable-libssp --enable-libada --enable-threads=posix AS=/opt/gcc-tools/bin/as.exe AS_FOR_TARGET=/opt/gcc-tools/bin/as.exe LD=/opt/gcc-tools/bin/ld.exe LD_FOR_TARGET=/opt/gcc-tools/bin/ld.exe
Thread model: posix
gcc version 4.3.2 20080827 (beta) 2 (GCC) 
configure:10930: $? = 0
configure:10937: gfortran -V >&5
gfortran: '-V' option must have argument
configure:10941: $? = 1
configure:10949: checking whether we are using the GNU Fortran compiler
configure:10992: result: yes
configure:10998: checking whether gfortran accepts -g
configure:11038: result: yes
configure:11210: checking for objdir
configure:11225: result: .libs
configure:11521: checking if cc supports -fno-rtti -fno-exceptions
configure:11539: cc -c -g -O2  -fno-rtti -fno-exceptions conftest.c >&5
cc1: warning: command line option "-fno-rtti" is valid for C++/ObjC++ but not for C
configure:11543: $? = 0
configure:11556: result: no
configure:11576: checking for cc option to produce PIC
configure:11833: result: -DDLL_EXPORT -DPIC
configure:11845: checking if cc PIC flag -DDLL_EXPORT -DPIC works
configure:11863: cc -c -g -O2  -DDLL_EXPORT -DPIC -DPIC conftest.c >&5
configure:11867: $? = 0
configure:11880: result: yes
configure:11904: checking if cc static flag -static works
configure:11932: result: yes
configure:11947: checking if cc supports -c -o file.o
configure:11968: cc -c -g -O2  -o out/conftest2.o conftest.c >&5
configure:11972: $? = 0
configure:11994: result: yes
configure:12002: checking if cc supports -c -o file.o
configure:12049: result: yes
configure:12082: checking whether the cc linker (/usr/i686-pc-cygwin/bin/ld.exe) supports shared libraries
configure:13148: result: yes
configure:13387: checking dynamic linker characteristics
configure:14070: result: Win32 ld.exe
configure:14172: checking how to hardcode library paths into programs
configure:14197: result: immediate
configure:15038: checking whether stripping libraries is possible
configure:15043: result: yes
configure:15078: checking if libtool supports shared libraries
configure:15080: result: yes
configure:15083: checking whether to build shared libraries
configure:15104: result: no
configure:15107: checking whether to build static libraries
configure:15111: result: yes
configure:15261: checking for ld used by g++
configure:15328: result: /usr/i686-pc-cygwin/bin/ld.exe
configure:15337: checking if the linker (/usr/i686-pc-cygwin/bin/ld.exe) is GNU ld
configure:15352: result: yes
configure:15407: checking whether the g++ linker (/usr/i686-pc-cygwin/bin/ld.exe) supports shared libraries
configure:16377: result: yes
configure:16405: g++ -c -g -O2  conftest.cpp >&5
configure:16408: $? = 0
configure:16590: checking for g++ option to produce PIC
configure:16899: result: -DDLL_EXPORT -DPIC
configure:16908: checking if g++ PIC flag -DDLL_EXPORT -DPIC works
configure:16926: g++ -c -g -O2  -DDLL_EXPORT -DPIC -DPIC conftest.cpp >&5
configure:16930: $? = 0
configure:16943: result: yes
configure:16964: checking if g++ static flag -static works
configure:16992: result: yes
configure:17004: checking if g++ supports -c -o file.o
configure:17025: g++ -c -g -O2  -o out/conftest2.o conftest.cpp >&5
configure:17029: $? = 0
configure:17051: result: yes
configure:17056: checking if g++ supports -c -o file.o
configure:17103: result: yes
configure:17133: checking whether the g++ linker (/usr/i686-pc-cygwin/bin/ld.exe) supports shared libraries
configure:17159: result: yes
configure:17296: checking dynamic linker characteristics
configure:17927: result: Win32 ld.exe
configure:17978: checking how to hardcode library paths into programs
configure:18003: result: immediate
configure:18144: checking if libtool supports shared libraries
configure:18146: result: yes
configure:18149: checking whether to build shared libraries
configure:18169: result: no
configure:18172: checking whether to build static libraries
configure:18176: result: yes
configure:18190: checking for gfortran option to produce PIC
configure:18447: result: -DDLL_EXPORT
configure:18456: checking if gfortran PIC flag -DDLL_EXPORT works
configure:18474: gfortran -c -g -O2 -DDLL_EXPORT conftest.f >&5
configure:18478: $? = 0
configure:18491: result: yes
configure:18512: checking if gfortran static flag -static works
configure:18540: result: yes
configure:18552: checking if gfortran supports -c -o file.o
configure:18573: gfortran -c -g -O2 -o out/conftest2.o conftest.f >&5
configure:18577: $? = 0
configure:18599: result: yes
configure:18604: checking if gfortran supports -c -o file.o
configure:18651: result: yes
configure:18681: checking whether the gfortran linker (/usr/i686-pc-cygwin/bin/ld.exe) supports shared libraries
configure:19727: result: yes
configure:19864: checking dynamic linker characteristics
configure:20485: result: Win32 ld.exe
configure:20536: checking how to hardcode library paths into programs
configure:20561: result: immediate
configure:20697: checking if libtool supports shared libraries
configure:20699: result: yes
configure:20702: checking whether to build shared libraries
configure:20722: result: no
configure:20725: checking whether to build static libraries
configure:20729: result: yes
configure:20755: gfortran -c -g -O2  conftest.f90 >&5
configure:20758: $? = 0
configure:20868: checking for gfortran option to produce PIC
configure:21125: result: -DDLL_EXPORT
configure:21134: checking if gfortran PIC flag -DDLL_EXPORT works
configure:21152: gfortran -c -g -O2 -DDLL_EXPORT  conftest.f90 >&5
configure:21156: $? = 0
configure:21169: result: yes
configure:21190: checking if gfortran static flag -static works
configure:21218: result: yes
configure:21230: checking if gfortran supports -c -o file.o
configure:21251: gfortran -c -g -O2 -o out/conftest2.o  conftest.f90 >&5
configure:21255: $? = 0
configure:21277: result: yes
configure:21282: checking if gfortran supports -c -o file.o
configure:21329: result: yes
configure:21359: checking whether the gfortran linker (/usr/i686-pc-cygwin/bin/ld.exe) supports shared libraries
configure:22405: result: yes
configure:22542: checking dynamic linker characteristics
configure:23163: result: Win32 ld.exe
configure:23214: checking how to hardcode library paths into programs
configure:23239: result: immediate
configure:23287: finding other utilities
configure:23304: checking for a BSD-compatible install
configure:23372: result: /usr/bin/install -c
configure:23385: trying to set fortran flags for this platform
configure:23503: checking if we need to set _LARGE_FILES despite results of previous tests
configure:23534: result: _LARGE_FILES=
configure:23544: checking for special C compiler options needed for large files
configure:23639: result: no
configure:23645: checking for _FILE_OFFSET_BITS value needed for large files
configure:23680: cc -c -g -O2  conftest.c >&5
configure:23687: $? = 0
configure:23756: result: no
configure:23894: displaying some results
configure:23900: checking CPPFLAGS
configure:23902: result: 
configure:23904: checking CC CFLAGS
configure:23906: result: cc -g -O2
configure:23909: checking type cc
configure:23911: result: cc is /usr/bin/cc
configure:23914: checking CXX
configure:23917: result: g++
configure:23919: checking CXXFLAGS
configure:23921: result: -g -O2
configure:23924: checking type g++
configure:23926: result: g++ is /usr/bin/g++
configure:23933: checking FC
configure:23936: result: gfortran
configure:23938: checking FFLAGS
configure:23940: result: -g -O2
configure:23943: checking type gfortran
configure:23945: result: gfortran is /usr/bin/gfortran
configure:23952: checking F90
configure:23955: result: gfortran
configure:23957: checking FCFLAGS
configure:23959: result: -g -O2
configure:23962: checking type gfortran
configure:23964: result: gfortran is /usr/bin/gfortran
configure:23971: checking AR
configure:23974: result: ar
configure:23976: checking AR_FLAGS
configure:23978: result: cru
configure:23981: checking type ar
configure:23983: result: ar is /usr/bin/ar
configure:23990: checking NM
configure:23993: result: /usr/bin/nm -B
configure:23995: checking NMFLAGS
configure:23997: result: 
configure:24069: checking for /usr/bin/nm
configure:24096: result: /usr/bin/nm -B
configure:24109: checking nm flags
configure:24114: result: 
configure:24126: checking for C-equivalent to Fortran routine "SUB"
configure:24133: gfortran -c -g -O2 conftest.f
configure:24136: $? = 0
configure:24148: result: sub_
configure:24170: checking for Fortran "byte"
configure:24178: gfortran -c -g -O2 conftest.f
configure:24181: $? = 0
configure:24183: result: yes
configure:24201: checking for Fortran "integer*2"
configure:24209: gfortran -c -g -O2 conftest.f
configure:24212: $? = 0
configure:24214: result: yes
configure:24241: checking if Fortran "byte" is C "signed char"
configure:24251: cc -c  -g -O2 conftest.c
configure:24254: $? = 0
configure:24257: gfortran -g -O2 -c conftestf.f
configure:24260: $? = 0
configure:24263: gfortran -o conftest -g -O2  conftestf.o conftest.o  
configure:24266: $? = 0
configure:24269: ./conftest
configure:24272: $? = 0
configure:24274: result: yes
configure:24314: checking if Fortran "byte" is C "short"
configure:24324: cc -c  -g -O2 conftest.c
configure:24327: $? = 0
configure:24330: gfortran -g -O2 -c conftestf.f
configure:24333: $? = 0
configure:24336: gfortran -o conftest -g -O2  conftestf.o conftest.o  
configure:24339: $? = 0
configure:24342: ./conftest
configure:24345: $? = 1
configure:24358: result: no
configure:24387: checking if Fortran "byte" is C "int"
configure:24397: cc -c  -g -O2 conftest.c
configure:24400: $? = 0
configure:24403: gfortran -g -O2 -c conftestf.f
configure:24406: $? = 0
configure:24409: gfortran -o conftest -g -O2  conftestf.o conftest.o  
configure:24412: $? = 0
configure:24415: ./conftest
configure:24418: $? = 1
configure:24431: result: no
configure:24460: checking if Fortran "byte" is C "long"
configure:24470: cc -c  -g -O2 conftest.c
configure:24473: $? = 0
configure:24476: gfortran -g -O2 -c conftestf.f
configure:24479: $? = 0
configure:24482: gfortran -o conftest -g -O2  conftestf.o conftest.o  
configure:24485: $? = 0
configure:24488: ./conftest
configure:24491: $? = 1
configure:24504: result: no
configure:24537: checking if Fortran "integer*2" is C "short"
configure:24547: cc -c  -g -O2 conftest.c
configure:24550: $? = 0
configure:24553: gfortran -g -O2 -c conftestf.f
configure:24556: $? = 0
configure:24559: gfortran -o conftest -g -O2  conftestf.o conftest.o  
configure:24562: $? = 0
configure:24565: ./conftest
configure:24568: $? = 0
configure:24570: result: yes
configure:24610: checking if Fortran "integer*2" is C "int"
configure:24620: cc -c  -g -O2 conftest.c
configure:24623: $? = 0
configure:24626: gfortran -g -O2 -c conftestf.f
configure:24629: $? = 0
configure:24632: gfortran -o conftest -g -O2  conftestf.o conftest.o  
configure:24635: $? = 0
configure:24638: ./conftest
configure:24641: $? = 1
configure:24654: result: no
configure:24683: checking if Fortran "integer*2" is C "long"
configure:24693: cc -c  -g -O2 conftest.c
configure:24696: $? = 0
configure:24699: gfortran -g -O2 -c conftestf.f
configure:24702: $? = 0
configure:24705: gfortran -o conftest -g -O2  conftestf.o conftest.o  
configure:24708: $? = 0
configure:24711: ./conftest
configure:24714: $? = 1
configure:24727: result: no
configure:24758: checking if Fortran "integer" is C "int"
configure:24768: cc -c  -g -O2 conftest.c
configure:24771: $? = 0
configure:24774: gfortran -g -O2 -c conftestf.f
configure:24777: $? = 0
configure:24780: gfortran -o conftest -g -O2  conftestf.o conftest.o  
configure:24783: $? = 0
configure:24786: ./conftest
configure:24789: $? = 0
configure:24791: result: yes
configure:24831: checking if Fortran "real" is C "float"
configure:24841: cc -c  -g -O2 conftest.c
configure:24844: $? = 0
configure:24847: gfortran -g -O2 -c conftestf.f
configure:24850: $? = 0
configure:24853: gfortran -o conftest -g -O2  conftestf.o conftest.o  
configure:24856: $? = 0
configure:24859: ./conftest
configure:24862: $? = 0
configure:24864: result: yes
configure:24904: checking if Fortran "doubleprecision" is C "double"
configure:24914: cc -c  -g -O2 conftest.c
configure:24917: $? = 0
configure:24920: gfortran -g -O2 -c conftestf.f
configure:24923: $? = 0
configure:24926: gfortran -o conftest -g -O2  conftestf.o conftest.o  
configure:24929: $? = 0
configure:24932: ./conftest
configure:24935: $? = 0
configure:24937: result: yes
configure:24971: checking for Fortran-equivalent to netCDF "byte"
configure:24979: gfortran -c -g -O2 conftest.f
configure:24982: $? = 0
configure:24993: result: byte
configure:24999: checking for Fortran-equivalent to netCDF "short"
configure:25007: gfortran -c -g -O2 conftest.f
configure:25010: $? = 0
configure:25021: result: integer*2
configure:25088: checking if Fortran 90 compiler capitalizes .mod filenames
configure:25095: gfortran  conftest.f90 >&5
/usr/lib/gcc/i686-pc-cygwin/4.3.2/libgfortranbegin.a(fmain.o): In function `main':
/gnu/gcc/package/gcc4-4.3.2-2/src/gcc-4.3.2/libgfortran/fmain.c:21: undefined reference to `_MAIN__'
collect2: ld returned 1 exit status
configure:25098: $? = 1
configure:25106: result: yes
configure:25127: checking types, headers, and functions
configure:25131: checking for stdlib.h
configure:25136: result: yes
configure:25274: checking for sys/types.h
configure:25279: result: yes
configure:25432: checking locale.h usability
configure:25453: cc -c -g -O2  conftest.c >&5
configure:25460: $? = 0
configure:25474: result: yes
configure:25478: checking locale.h presence
configure:25493: cc -E  conftest.c
configure:25500: $? = 0
configure:25514: result: yes
configure:25547: checking for locale.h
configure:25556: result: yes
configure:25572: checking for stdbool.h that conforms to C99
configure:25667: cc -c -g -O2  conftest.c >&5
configure:25674: $? = 0
configure:25689: result: yes
configure:25691: checking for _Bool
configure:25719: cc -c -g -O2  conftest.c >&5
configure:25726: $? = 0
configure:25753: cc -c -g -O2  conftest.c >&5
conftest.c: In function `main':
conftest.c:75: error: parse error before ')' token
configure:25760: $? = 1
configure: failed program was:
| /* confdefs.h.  */
| #define PACKAGE_NAME "netCDF"
| #define PACKAGE_TARNAME "netcdf"
| #define PACKAGE_VERSION "4.0.1"
| #define PACKAGE_STRING "netCDF 4.0.1"
| #define PACKAGE_BUGREPORT "support@unidata.ucar.edu"
| #define PACKAGE "netcdf"
| #define VERSION "4.0.1"
| #define NCIO_MINBLOCKSIZE 256
| #define CHUNK_CACHE_SIZE 32000000
| #define CHUNK_CACHE_NELEMS 1000
| #define CHUNK_CACHE_PREEMPTION 0.75
| #define USE_EXTREME_NUMBERS 1
| #define TEMP_LARGE "."
| #define STDC_HEADERS 1
| #define HAVE_SYS_TYPES_H 1
| #define HAVE_SYS_STAT_H 1
| #define HAVE_STDLIB_H 1
| #define HAVE_STRING_H 1
| #define HAVE_MEMORY_H 1
| #define HAVE_STRINGS_H 1
| #define HAVE_INTTYPES_H 1
| #define HAVE_STDINT_H 1
| #define HAVE_UNISTD_H 1
| #define HAVE_DLFCN_H 1
| #define LT_OBJDIR ".libs/"
| #define pgiFortran 1
| #define NF_INT1_T byte
| #define NF_INT2_T integer*2
| #define NF_INT1_IS_C_SIGNED_CHAR 1
| #define NF_INT2_IS_C_SHORT 1
| #define NF_INT_IS_C_INT 1
| #define NF_REAL_IS_C_FLOAT 1
| #define NF_DOUBLEPRECISION_IS_C_DOUBLE 1
| #define NCBYTE_T byte
| #define NCSHORT_T integer*2
| #define HAVE_LOCALE_H 1
| /* end confdefs.h.  */
| #include <stdio.h>
| #ifdef HAVE_SYS_TYPES_H
| # include <sys/types.h>
| #endif
| #ifdef HAVE_SYS_STAT_H
| # include <sys/stat.h>
| #endif
| #ifdef STDC_HEADERS
| # include <stdlib.h>
| # include <stddef.h>
| #else
| # ifdef HAVE_STDLIB_H
| #  include <stdlib.h>
| # endif
| #endif
| #ifdef HAVE_STRING_H
| # if !defined STDC_HEADERS && defined HAVE_MEMORY_H
| #  include <memory.h>
| # endif
| # include <string.h>
| #endif
| #ifdef HAVE_STRINGS_H
| # include <strings.h>
| #endif
| #ifdef HAVE_INTTYPES_H
| # include <inttypes.h>
| #endif
| #ifdef HAVE_STDINT_H
| # include <stdint.h>
| #endif
| #ifdef HAVE_UNISTD_H
| # include <unistd.h>
| #endif
| int
| main ()
| {
| if (sizeof ((_Bool)))
| 	  return 0;
|   ;
|   return 0;
| }
configure:25783: result: yes
configure:25810: checking for strlcat
configure:25866: cc -o conftest.exe -g -O2   conftest.c  >&5
configure:25873: $? = 0
configure:25895: result: yes
configure:25810: checking for strerror
configure:25866: cc -o conftest.exe -g -O2   conftest.c  >&5
configure:25873: $? = 0
configure:25895: result: yes
configure:25810: checking for snprintf
configure:25866: cc -o conftest.exe -g -O2   conftest.c  >&5
conftest.c:66: warning: conflicting types for built-in function 'snprintf'
configure:25873: $? = 0
configure:25895: result: yes
configure:25908: checking for working alloca.h
configure:25935: cc -o conftest.exe -g -O2   conftest.c  >&5
configure:25942: $? = 0
configure:25962: result: yes
configure:25972: checking for alloca
configure:26019: cc -o conftest.exe -g -O2   conftest.c  >&5
configure:26026: $? = 0
configure:26046: result: yes
configure:26282: checking whether isnan is declared
configure:26312: cc -c -g -O2  conftest.c >&5
configure:26319: $? = 0
configure:26334: result: yes
configure:26350: checking whether isinf is declared
configure:26380: cc -c -g -O2  conftest.c >&5
configure:26387: $? = 0
configure:26402: result: yes
configure:26418: checking whether isfinite is declared
configure:26448: cc -c -g -O2  conftest.c >&5
configure:26455: $? = 0
configure:26470: result: yes
configure:26486: checking whether signbit is declared
configure:26516: cc -c -g -O2  conftest.c >&5
configure:26523: $? = 0
configure:26538: result: yes
configure:26806: checking for struct stat.st_blksize
configure:26834: cc -c -g -O2  conftest.c >&5
configure:26841: $? = 0
configure:26899: result: yes
configure:26916: checking for IEEE floating point format
configure:26964: cc -o conftest.exe -g -O2   conftest.c  >&5
configure:26968: $? = 0
configure:26974: ./conftest.exe
configure:26978: $? = 0
configure:26994: result: yes
configure:27004: checking for size_t
configure:27032: cc -c -g -O2  conftest.c >&5
configure:27039: $? = 0
configure:27066: cc -c -g -O2  conftest.c >&5
conftest.c: In function `main':
conftest.c:88: error: parse error before ')' token
configure:27073: $? = 1
configure: failed program was:
| /* confdefs.h.  */
| #define PACKAGE_NAME "netCDF"
| #define PACKAGE_TARNAME "netcdf"
| #define PACKAGE_VERSION "4.0.1"
| #define PACKAGE_STRING "netCDF 4.0.1"
| #define PACKAGE_BUGREPORT "support@unidata.ucar.edu"
| #define PACKAGE "netcdf"
| #define VERSION "4.0.1"
| #define NCIO_MINBLOCKSIZE 256
| #define CHUNK_CACHE_SIZE 32000000
| #define CHUNK_CACHE_NELEMS 1000
| #define CHUNK_CACHE_PREEMPTION 0.75
| #define USE_EXTREME_NUMBERS 1
| #define TEMP_LARGE "."
| #define STDC_HEADERS 1
| #define HAVE_SYS_TYPES_H 1
| #define HAVE_SYS_STAT_H 1
| #define HAVE_STDLIB_H 1
| #define HAVE_STRING_H 1
| #define HAVE_MEMORY_H 1
| #define HAVE_STRINGS_H 1
| #define HAVE_INTTYPES_H 1
| #define HAVE_STDINT_H 1
| #define HAVE_UNISTD_H 1
| #define HAVE_DLFCN_H 1
| #define LT_OBJDIR ".libs/"
| #define pgiFortran 1
| #define NF_INT1_T byte
| #define NF_INT2_T integer*2
| #define NF_INT1_IS_C_SIGNED_CHAR 1
| #define NF_INT2_IS_C_SHORT 1
| #define NF_INT_IS_C_INT 1
| #define NF_REAL_IS_C_FLOAT 1
| #define NF_DOUBLEPRECISION_IS_C_DOUBLE 1
| #define NCBYTE_T byte
| #define NCSHORT_T integer*2
| #define HAVE_LOCALE_H 1
| #define HAVE__BOOL 1
| #define HAVE_STDBOOL_H 1
| #define HAVE_STRLCAT 1
| #define HAVE_STRERROR 1
| #define HAVE_SNPRINTF 1
| #define HAVE_ALLOCA_H 1
| #define HAVE_ALLOCA 1
| #define HAVE_DECL_ISNAN 1
| #define HAVE_DECL_ISINF 1
| #define HAVE_DECL_ISFINITE 1
| #define HAVE_DECL_SIGNBIT 1
| #define HAVE_STRUCT_STAT_ST_BLKSIZE 1
| #define HAVE_ST_BLKSIZE 1
| /* end confdefs.h.  */
| #include <stdio.h>
| #ifdef HAVE_SYS_TYPES_H
| # include <sys/types.h>
| #endif
| #ifdef HAVE_SYS_STAT_H
| # include <sys/stat.h>
| #endif
| #ifdef STDC_HEADERS
| # include <stdlib.h>
| # include <stddef.h>
| #else
| # ifdef HAVE_STDLIB_H
| #  include <stdlib.h>
| # endif
| #endif
| #ifdef HAVE_STRING_H
| # if !defined STDC_HEADERS && defined HAVE_MEMORY_H
| #  include <memory.h>
| # endif
| # include <string.h>
| #endif
| #ifdef HAVE_STRINGS_H
| # include <strings.h>
| #endif
| #ifdef HAVE_INTTYPES_H
| # include <inttypes.h>
| #endif
| #ifdef HAVE_STDINT_H
| # include <stdint.h>
| #endif
| #ifdef HAVE_UNISTD_H
| # include <unistd.h>
| #endif
| int
| main ()
| {
| if (sizeof ((size_t)))
| 	  return 0;
|   ;
|   return 0;
| }
configure:27096: result: yes
configure:27108: checking for off_t
configure:27136: cc -c -g -O2  conftest.c >&5
configure:27143: $? = 0
configure:27170: cc -c -g -O2  conftest.c >&5
conftest.c: In function `main':
conftest.c:88: error: parse error before ')' token
configure:27177: $? = 1
configure: failed program was:
| /* confdefs.h.  */
| #define PACKAGE_NAME "netCDF"
| #define PACKAGE_TARNAME "netcdf"
| #define PACKAGE_VERSION "4.0.1"
| #define PACKAGE_STRING "netCDF 4.0.1"
| #define PACKAGE_BUGREPORT "support@unidata.ucar.edu"
| #define PACKAGE "netcdf"
| #define VERSION "4.0.1"
| #define NCIO_MINBLOCKSIZE 256
| #define CHUNK_CACHE_SIZE 32000000
| #define CHUNK_CACHE_NELEMS 1000
| #define CHUNK_CACHE_PREEMPTION 0.75
| #define USE_EXTREME_NUMBERS 1
| #define TEMP_LARGE "."
| #define STDC_HEADERS 1
| #define HAVE_SYS_TYPES_H 1
| #define HAVE_SYS_STAT_H 1
| #define HAVE_STDLIB_H 1
| #define HAVE_STRING_H 1
| #define HAVE_MEMORY_H 1
| #define HAVE_STRINGS_H 1
| #define HAVE_INTTYPES_H 1
| #define HAVE_STDINT_H 1
| #define HAVE_UNISTD_H 1
| #define HAVE_DLFCN_H 1
| #define LT_OBJDIR ".libs/"
| #define pgiFortran 1
| #define NF_INT1_T byte
| #define NF_INT2_T integer*2
| #define NF_INT1_IS_C_SIGNED_CHAR 1
| #define NF_INT2_IS_C_SHORT 1
| #define NF_INT_IS_C_INT 1
| #define NF_REAL_IS_C_FLOAT 1
| #define NF_DOUBLEPRECISION_IS_C_DOUBLE 1
| #define NCBYTE_T byte
| #define NCSHORT_T integer*2
| #define HAVE_LOCALE_H 1
| #define HAVE__BOOL 1
| #define HAVE_STDBOOL_H 1
| #define HAVE_STRLCAT 1
| #define HAVE_STRERROR 1
| #define HAVE_SNPRINTF 1
| #define HAVE_ALLOCA_H 1
| #define HAVE_ALLOCA 1
| #define HAVE_DECL_ISNAN 1
| #define HAVE_DECL_ISINF 1
| #define HAVE_DECL_ISFINITE 1
| #define HAVE_DECL_SIGNBIT 1
| #define HAVE_STRUCT_STAT_ST_BLKSIZE 1
| #define HAVE_ST_BLKSIZE 1
| /* end confdefs.h.  */
| #include <stdio.h>
| #ifdef HAVE_SYS_TYPES_H
| # include <sys/types.h>
| #endif
| #ifdef HAVE_SYS_STAT_H
| # include <sys/stat.h>
| #endif
| #ifdef STDC_HEADERS
| # include <stdlib.h>
| # include <stddef.h>
| #else
| # ifdef HAVE_STDLIB_H
| #  include <stdlib.h>
| # endif
| #endif
| #ifdef HAVE_STRING_H
| # if !defined STDC_HEADERS && defined HAVE_MEMORY_H
| #  include <memory.h>
| # endif
| # include <string.h>
| #endif
| #ifdef HAVE_STRINGS_H
| # include <strings.h>
| #endif
| #ifdef HAVE_INTTYPES_H
| # include <inttypes.h>
| #endif
| #ifdef HAVE_STDINT_H
| # include <stdint.h>
| #endif
| #ifdef HAVE_UNISTD_H
| # include <unistd.h>
| #endif
| int
| main ()
| {
| if (sizeof ((off_t)))
| 	  return 0;
|   ;
|   return 0;
| }
configure:27200: result: yes
configure:27212: checking for ssize_t
configure:27240: cc -c -g -O2  conftest.c >&5
configure:27247: $? = 0
configure:27274: cc -c -g -O2  conftest.c >&5
conftest.c: In function `main':
conftest.c:88: error: parse error before ')' token
configure:27281: $? = 1
configure: failed program was:
| /* confdefs.h.  */
| #define PACKAGE_NAME "netCDF"
| #define PACKAGE_TARNAME "netcdf"
| #define PACKAGE_VERSION "4.0.1"
| #define PACKAGE_STRING "netCDF 4.0.1"
| #define PACKAGE_BUGREPORT "support@unidata.ucar.edu"
| #define PACKAGE "netcdf"
| #define VERSION "4.0.1"
| #define NCIO_MINBLOCKSIZE 256
| #define CHUNK_CACHE_SIZE 32000000
| #define CHUNK_CACHE_NELEMS 1000
| #define CHUNK_CACHE_PREEMPTION 0.75
| #define USE_EXTREME_NUMBERS 1
| #define TEMP_LARGE "."
| #define STDC_HEADERS 1
| #define HAVE_SYS_TYPES_H 1
| #define HAVE_SYS_STAT_H 1
| #define HAVE_STDLIB_H 1
| #define HAVE_STRING_H 1
| #define HAVE_MEMORY_H 1
| #define HAVE_STRINGS_H 1
| #define HAVE_INTTYPES_H 1
| #define HAVE_STDINT_H 1
| #define HAVE_UNISTD_H 1
| #define HAVE_DLFCN_H 1
| #define LT_OBJDIR ".libs/"
| #define pgiFortran 1
| #define NF_INT1_T byte
| #define NF_INT2_T integer*2
| #define NF_INT1_IS_C_SIGNED_CHAR 1
| #define NF_INT2_IS_C_SHORT 1
| #define NF_INT_IS_C_INT 1
| #define NF_REAL_IS_C_FLOAT 1
| #define NF_DOUBLEPRECISION_IS_C_DOUBLE 1
| #define NCBYTE_T byte
| #define NCSHORT_T integer*2
| #define HAVE_LOCALE_H 1
| #define HAVE__BOOL 1
| #define HAVE_STDBOOL_H 1
| #define HAVE_STRLCAT 1
| #define HAVE_STRERROR 1
| #define HAVE_SNPRINTF 1
| #define HAVE_ALLOCA_H 1
| #define HAVE_ALLOCA 1
| #define HAVE_DECL_ISNAN 1
| #define HAVE_DECL_ISINF 1
| #define HAVE_DECL_ISFINITE 1
| #define HAVE_DECL_SIGNBIT 1
| #define HAVE_STRUCT_STAT_ST_BLKSIZE 1
| #define HAVE_ST_BLKSIZE 1
| /* end confdefs.h.  */
| #include <stdio.h>
| #ifdef HAVE_SYS_TYPES_H
| # include <sys/types.h>
| #endif
| #ifdef HAVE_SYS_STAT_H
| # include <sys/stat.h>
| #endif
| #ifdef STDC_HEADERS
| # include <stdlib.h>
| # include <stddef.h>
| #else
| # ifdef HAVE_STDLIB_H
| #  include <stdlib.h>
| # endif
| #endif
| #ifdef HAVE_STRING_H
| # if !defined STDC_HEADERS && defined HAVE_MEMORY_H
| #  include <memory.h>
| # endif
| # include <string.h>
| #endif
| #ifdef HAVE_STRINGS_H
| # include <strings.h>
| #endif
| #ifdef HAVE_INTTYPES_H
| # include <inttypes.h>
| #endif
| #ifdef HAVE_STDINT_H
| # include <stdint.h>
| #endif
| #ifdef HAVE_UNISTD_H
| # include <unistd.h>
| #endif
| int
| main ()
| {
| if (sizeof ((ssize_t)))
| 	  return 0;
|   ;
|   return 0;
| }
configure:27304: result: yes
configure:27314: checking for ptrdiff_t
configure:27342: cc -c -g -O2  conftest.c >&5
configure:27349: $? = 0
configure:27376: cc -c -g -O2  conftest.c >&5
conftest.c: In function `main':
conftest.c:89: error: parse error before ')' token
configure:27383: $? = 1
configure: failed program was:
| /* confdefs.h.  */
| #define PACKAGE_NAME "netCDF"
| #define PACKAGE_TARNAME "netcdf"
| #define PACKAGE_VERSION "4.0.1"
| #define PACKAGE_STRING "netCDF 4.0.1"
| #define PACKAGE_BUGREPORT "support@unidata.ucar.edu"
| #define PACKAGE "netcdf"
| #define VERSION "4.0.1"
| #define NCIO_MINBLOCKSIZE 256
| #define CHUNK_CACHE_SIZE 32000000
| #define CHUNK_CACHE_NELEMS 1000
| #define CHUNK_CACHE_PREEMPTION 0.75
| #define USE_EXTREME_NUMBERS 1
| #define TEMP_LARGE "."
| #define STDC_HEADERS 1
| #define HAVE_SYS_TYPES_H 1
| #define HAVE_SYS_STAT_H 1
| #define HAVE_STDLIB_H 1
| #define HAVE_STRING_H 1
| #define HAVE_MEMORY_H 1
| #define HAVE_STRINGS_H 1
| #define HAVE_INTTYPES_H 1
| #define HAVE_STDINT_H 1
| #define HAVE_UNISTD_H 1
| #define HAVE_DLFCN_H 1
| #define LT_OBJDIR ".libs/"
| #define pgiFortran 1
| #define NF_INT1_T byte
| #define NF_INT2_T integer*2
| #define NF_INT1_IS_C_SIGNED_CHAR 1
| #define NF_INT2_IS_C_SHORT 1
| #define NF_INT_IS_C_INT 1
| #define NF_REAL_IS_C_FLOAT 1
| #define NF_DOUBLEPRECISION_IS_C_DOUBLE 1
| #define NCBYTE_T byte
| #define NCSHORT_T integer*2
| #define HAVE_LOCALE_H 1
| #define HAVE__BOOL 1
| #define HAVE_STDBOOL_H 1
| #define HAVE_STRLCAT 1
| #define HAVE_STRERROR 1
| #define HAVE_SNPRINTF 1
| #define HAVE_ALLOCA_H 1
| #define HAVE_ALLOCA 1
| #define HAVE_DECL_ISNAN 1
| #define HAVE_DECL_ISINF 1
| #define HAVE_DECL_ISFINITE 1
| #define HAVE_DECL_SIGNBIT 1
| #define HAVE_STRUCT_STAT_ST_BLKSIZE 1
| #define HAVE_ST_BLKSIZE 1
| #define HAVE_SSIZE_T 1
| /* end confdefs.h.  */
| #include <stdio.h>
| #ifdef HAVE_SYS_TYPES_H
| # include <sys/types.h>
| #endif
| #ifdef HAVE_SYS_STAT_H
| # include <sys/stat.h>
| #endif
| #ifdef STDC_HEADERS
| # include <stdlib.h>
| # include <stddef.h>
| #else
| # ifdef HAVE_STDLIB_H
| #  include <stdlib.h>
| # endif
| #endif
| #ifdef HAVE_STRING_H
| # if !defined STDC_HEADERS && defined HAVE_MEMORY_H
| #  include <memory.h>
| # endif
| # include <string.h>
| #endif
| #ifdef HAVE_STRINGS_H
| # include <strings.h>
| #endif
| #ifdef HAVE_INTTYPES_H
| # include <inttypes.h>
| #endif
| #ifdef HAVE_STDINT_H
| # include <stdint.h>
| #endif
| #ifdef HAVE_UNISTD_H
| # include <unistd.h>
| #endif
| int
| main ()
| {
| if (sizeof ((ptrdiff_t)))
| 	  return 0;
|   ;
|   return 0;
| }
configure:27406: result: yes
configure:27416: checking for uchar
configure:27444: cc -c -g -O2  conftest.c >&5
conftest.c: In function `main':
conftest.c:90: error: `uchar' undeclared (first use in this function)
conftest.c:90: error: (Each undeclared identifier is reported only once
conftest.c:90: error: for each function it appears in.)
configure:27451: $? = 1
configure: failed program was:
| /* confdefs.h.  */
| #define PACKAGE_NAME "netCDF"
| #define PACKAGE_TARNAME "netcdf"
| #define PACKAGE_VERSION "4.0.1"
| #define PACKAGE_STRING "netCDF 4.0.1"
| #define PACKAGE_BUGREPORT "support@unidata.ucar.edu"
| #define PACKAGE "netcdf"
| #define VERSION "4.0.1"
| #define NCIO_MINBLOCKSIZE 256
| #define CHUNK_CACHE_SIZE 32000000
| #define CHUNK_CACHE_NELEMS 1000
| #define CHUNK_CACHE_PREEMPTION 0.75
| #define USE_EXTREME_NUMBERS 1
| #define TEMP_LARGE "."
| #define STDC_HEADERS 1
| #define HAVE_SYS_TYPES_H 1
| #define HAVE_SYS_STAT_H 1
| #define HAVE_STDLIB_H 1
| #define HAVE_STRING_H 1
| #define HAVE_MEMORY_H 1
| #define HAVE_STRINGS_H 1
| #define HAVE_INTTYPES_H 1
| #define HAVE_STDINT_H 1
| #define HAVE_UNISTD_H 1
| #define HAVE_DLFCN_H 1
| #define LT_OBJDIR ".libs/"
| #define pgiFortran 1
| #define NF_INT1_T byte
| #define NF_INT2_T integer*2
| #define NF_INT1_IS_C_SIGNED_CHAR 1
| #define NF_INT2_IS_C_SHORT 1
| #define NF_INT_IS_C_INT 1
| #define NF_REAL_IS_C_FLOAT 1
| #define NF_DOUBLEPRECISION_IS_C_DOUBLE 1
| #define NCBYTE_T byte
| #define NCSHORT_T integer*2
| #define HAVE_LOCALE_H 1
| #define HAVE__BOOL 1
| #define HAVE_STDBOOL_H 1
| #define HAVE_STRLCAT 1
| #define HAVE_STRERROR 1
| #define HAVE_SNPRINTF 1
| #define HAVE_ALLOCA_H 1
| #define HAVE_ALLOCA 1
| #define HAVE_DECL_ISNAN 1
| #define HAVE_DECL_ISINF 1
| #define HAVE_DECL_ISFINITE 1
| #define HAVE_DECL_SIGNBIT 1
| #define HAVE_STRUCT_STAT_ST_BLKSIZE 1
| #define HAVE_ST_BLKSIZE 1
| #define HAVE_SSIZE_T 1
| #define HAVE_PTRDIFF_T 1
| /* end confdefs.h.  */
| #include <stdio.h>
| #ifdef HAVE_SYS_TYPES_H
| # include <sys/types.h>
| #endif
| #ifdef HAVE_SYS_STAT_H
| # include <sys/stat.h>
| #endif
| #ifdef STDC_HEADERS
| # include <stdlib.h>
| # include <stddef.h>
| #else
| # ifdef HAVE_STDLIB_H
| #  include <stdlib.h>
| # endif
| #endif
| #ifdef HAVE_STRING_H
| # if !defined STDC_HEADERS && defined HAVE_MEMORY_H
| #  include <memory.h>
| # endif
| # include <string.h>
| #endif
| #ifdef HAVE_STRINGS_H
| # include <strings.h>
| #endif
| #ifdef HAVE_INTTYPES_H
| # include <inttypes.h>
| #endif
| #ifdef HAVE_STDINT_H
| # include <stdint.h>
| #endif
| #ifdef HAVE_UNISTD_H
| # include <unistd.h>
| #endif
| int
| main ()
| {
| if (sizeof (uchar))
|        return 0;
|   ;
|   return 0;
| }
configure:27508: result: no
configure:27523: checking whether char is unsigned
configure:27551: cc -c -g -O2  conftest.c >&5
configure:27558: $? = 0
configure:27573: result: no
configure:27583: checking whether byte ordering is bigendian
configure:27608: cc -c -g -O2  conftest.c >&5
conftest.c:55: error: parse error before "is"
conftest.c:55: warning: data definition has no type or storage class
configure:27615: $? = 1
configure: failed program was:
| /* confdefs.h.  */
| #define PACKAGE_NAME "netCDF"
| #define PACKAGE_TARNAME "netcdf"
| #define PACKAGE_VERSION "4.0.1"
| #define PACKAGE_STRING "netCDF 4.0.1"
| #define PACKAGE_BUGREPORT "support@unidata.ucar.edu"
| #define PACKAGE "netcdf"
| #define VERSION "4.0.1"
| #define NCIO_MINBLOCKSIZE 256
| #define CHUNK_CACHE_SIZE 32000000
| #define CHUNK_CACHE_NELEMS 1000
| #define CHUNK_CACHE_PREEMPTION 0.75
| #define USE_EXTREME_NUMBERS 1
| #define TEMP_LARGE "."
| #define STDC_HEADERS 1
| #define HAVE_SYS_TYPES_H 1
| #define HAVE_SYS_STAT_H 1
| #define HAVE_STDLIB_H 1
| #define HAVE_STRING_H 1
| #define HAVE_MEMORY_H 1
| #define HAVE_STRINGS_H 1
| #define HAVE_INTTYPES_H 1
| #define HAVE_STDINT_H 1
| #define HAVE_UNISTD_H 1
| #define HAVE_DLFCN_H 1
| #define LT_OBJDIR ".libs/"
| #define pgiFortran 1
| #define NF_INT1_T byte
| #define NF_INT2_T integer*2
| #define NF_INT1_IS_C_SIGNED_CHAR 1
| #define NF_INT2_IS_C_SHORT 1
| #define NF_INT_IS_C_INT 1
| #define NF_REAL_IS_C_FLOAT 1
| #define NF_DOUBLEPRECISION_IS_C_DOUBLE 1
| #define NCBYTE_T byte
| #define NCSHORT_T integer*2
| #define HAVE_LOCALE_H 1
| #define HAVE__BOOL 1
| #define HAVE_STDBOOL_H 1
| #define HAVE_STRLCAT 1
| #define HAVE_STRERROR 1
| #define HAVE_SNPRINTF 1
| #define HAVE_ALLOCA_H 1
| #define HAVE_ALLOCA 1
| #define HAVE_DECL_ISNAN 1
| #define HAVE_DECL_ISINF 1
| #define HAVE_DECL_ISFINITE 1
| #define HAVE_DECL_SIGNBIT 1
| #define HAVE_STRUCT_STAT_ST_BLKSIZE 1
| #define HAVE_ST_BLKSIZE 1
| #define HAVE_SSIZE_T 1
| #define HAVE_PTRDIFF_T 1
| /* end confdefs.h.  */
| #if ! (defined __BIG_ENDIAN__ || defined __LITTLE_ENDIAN__)
| 	       neither is defined;
| 	     #endif
| 	     typedef int dummy;
| 
configure:27659: cc -c -g -O2  conftest.c >&5
configure:27666: $? = 0
configure:27698: cc -c -g -O2  conftest.c >&5
conftest.c: In function `main':
conftest.c:61: error: `not' undeclared (first use in this function)
conftest.c:61: error: (Each undeclared identifier is reported only once
conftest.c:61: error: for each function it appears in.)
conftest.c:61: error: parse error before "big"
configure:27705: $? = 1
configure: failed program was:
| /* confdefs.h.  */
| #define PACKAGE_NAME "netCDF"
| #define PACKAGE_TARNAME "netcdf"
| #define PACKAGE_VERSION "4.0.1"
| #define PACKAGE_STRING "netCDF 4.0.1"
| #define PACKAGE_BUGREPORT "support@unidata.ucar.edu"
| #define PACKAGE "netcdf"
| #define VERSION "4.0.1"
| #define NCIO_MINBLOCKSIZE 256
| #define CHUNK_CACHE_SIZE 32000000
| #define CHUNK_CACHE_NELEMS 1000
| #define CHUNK_CACHE_PREEMPTION 0.75
| #define USE_EXTREME_NUMBERS 1
| #define TEMP_LARGE "."
| #define STDC_HEADERS 1
| #define HAVE_SYS_TYPES_H 1
| #define HAVE_SYS_STAT_H 1
| #define HAVE_STDLIB_H 1
| #define HAVE_STRING_H 1
| #define HAVE_MEMORY_H 1
| #define HAVE_STRINGS_H 1
| #define HAVE_INTTYPES_H 1
| #define HAVE_STDINT_H 1
| #define HAVE_UNISTD_H 1
| #define HAVE_DLFCN_H 1
| #define LT_OBJDIR ".libs/"
| #define pgiFortran 1
| #define NF_INT1_T byte
| #define NF_INT2_T integer*2
| #define NF_INT1_IS_C_SIGNED_CHAR 1
| #define NF_INT2_IS_C_SHORT 1
| #define NF_INT_IS_C_INT 1
| #define NF_REAL_IS_C_FLOAT 1
| #define NF_DOUBLEPRECISION_IS_C_DOUBLE 1
| #define NCBYTE_T byte
| #define NCSHORT_T integer*2
| #define HAVE_LOCALE_H 1
| #define HAVE__BOOL 1
| #define HAVE_STDBOOL_H 1
| #define HAVE_STRLCAT 1
| #define HAVE_STRERROR 1
| #define HAVE_SNPRINTF 1
| #define HAVE_ALLOCA_H 1
| #define HAVE_ALLOCA 1
| #define HAVE_DECL_ISNAN 1
| #define HAVE_DECL_ISINF 1
| #define HAVE_DECL_ISFINITE 1
| #define HAVE_DECL_SIGNBIT 1
| #define HAVE_STRUCT_STAT_ST_BLKSIZE 1
| #define HAVE_ST_BLKSIZE 1
| #define HAVE_SSIZE_T 1
| #define HAVE_PTRDIFF_T 1
| /* end confdefs.h.  */
| #include <sys/types.h>
| 		#include <sys/param.h>
| 
| int
| main ()
| {
| #if BYTE_ORDER != BIG_ENDIAN
| 		 not big endian
| 		#endif
| 
|   ;
|   return 0;
| }
configure:27957: result: no
configure:27981: checking size of short
configure:28284: cc -o conftest.exe -g -O2   conftest.c  >&5
configure:28288: $? = 0
configure:28294: ./conftest.exe
configure:28298: $? = 0
configure:28322: result: 2
configure:28336: checking size of int
configure:28639: cc -o conftest.exe -g -O2   conftest.c  >&5
configure:28643: $? = 0
configure:28649: ./conftest.exe
configure:28653: $? = 0
configure:28677: result: 4
configure:28691: checking size of long
configure:28994: cc -o conftest.exe -g -O2   conftest.c  >&5
configure:28998: $? = 0
configure:29004: ./conftest.exe
configure:29008: $? = 0
configure:29032: result: 4
configure:29046: checking size of float
configure:29349: cc -o conftest.exe -g -O2   conftest.c  >&5
configure:29353: $? = 0
configure:29359: ./conftest.exe
configure:29363: $? = 0
configure:29387: result: 4
configure:29401: checking size of double
configure:29704: cc -o conftest.exe -g -O2   conftest.c  >&5
configure:29708: $? = 0
configure:29714: ./conftest.exe
configure:29718: $? = 0
configure:29742: result: 8
configure:29756: checking size of off_t
configure:30059: cc -o conftest.exe -g -O2   conftest.c  >&5
configure:30063: $? = 0
configure:30069: ./conftest.exe
configure:30073: $? = 0
configure:30097: result: 8
configure:30111: checking size of size_t
configure:30414: cc -o conftest.exe -g -O2   conftest.c  >&5
configure:30418: $? = 0
configure:30424: ./conftest.exe
configure:30428: $? = 0
configure:30452: result: 4
configure:30501: checking for catman
configure:30531: result: no
configure:30501: checking for makewhatis
configure:30531: result: no
configure:30501: checking for /usr/lib/makewhatis
configure:30531: result: no
configure:30551: checking for manual-page index command
configure:30553: result: 
configure:30564: checking what to call the output of the ftpbin target
configure:30573: result: binary-netcdf-4.0.1_nc3_gfortran_gfortran_g++.tar gfortran g++
configure:30576: checking binary distribution directory
configure:30584: result: /home/ftp/pub/binary/dummy_system
configure:31247: checking for dirent.h that defines DIR
configure:31276: cc -c -g -O2  conftest.c >&5
configure:31283: $? = 0
configure:31300: result: yes
configure:31314: checking for library containing opendir
configure:31355: cc -o conftest.exe -g -O2   conftest.c  >&5
configure:31362: $? = 0
configure:31393: result: none required
configure:31491: checking for ANSI C header files
configure:31659: result: yes
configure:31669: checking for sys/wait.h that is POSIX.1 compatible
configure:31705: cc -c -g -O2  conftest.c >&5
configure:31712: $? = 0
configure:31727: result: yes
configure:31737: checking whether time.h and sys/time.h may both be included
configure:31767: cc -c -g -O2  conftest.c >&5
configure:31774: $? = 0
configure:31789: result: yes
configure:31825: checking stdio.h usability
configure:31842: cc -c -g -O2  conftest.c >&5
configure:31849: $? = 0
configure:31863: result: yes
configure:31867: checking stdio.h presence
configure:31882: cc -E  conftest.c
configure:31889: $? = 0
configure:31903: result: yes
configure:31936: checking for stdio.h
configure:31945: result: yes
configure:31825: checking stdarg.h usability
configure:31842: cc -c -g -O2  conftest.c >&5
configure:31849: $? = 0
configure:31863: result: yes
configure:31867: checking stdarg.h presence
configure:31882: cc -E  conftest.c
configure:31889: $? = 0
configure:31903: result: yes
configure:31936: checking for stdarg.h
configure:31945: result: yes
configure:31825: checking errno.h usability
configure:31842: cc -c -g -O2  conftest.c >&5
configure:31849: $? = 0
configure:31863: result: yes
configure:31867: checking errno.h presence
configure:31882: cc -E  conftest.c
configure:31889: $? = 0
configure:31903: result: yes
configure:31936: checking for errno.h
configure:31945: result: yes
configure:31825: checking ctype.h usability
configure:31842: cc -c -g -O2  conftest.c >&5
configure:31849: $? = 0
configure:31863: result: yes
configure:31867: checking ctype.h presence
configure:31882: cc -E  conftest.c
configure:31889: $? = 0
configure:31903: result: yes
configure:31936: checking for ctype.h
configure:31945: result: yes
configure:31825: checking fcntl.h usability
configure:31842: cc -c -g -O2  conftest.c >&5
configure:31849: $? = 0
configure:31863: result: yes
configure:31867: checking fcntl.h presence
configure:31882: cc -E  conftest.c
configure:31889: $? = 0
configure:31903: result: yes
configure:31936: checking for fcntl.h
configure:31945: result: yes
configure:31825: checking malloc.h usability
configure:31842: cc -c -g -O2  conftest.c >&5
configure:31849: $? = 0
configure:31863: result: yes
configure:31867: checking malloc.h presence
configure:31882: cc -E  conftest.c
configure:31889: $? = 0
configure:31903: result: yes
configure:31936: checking for malloc.h
configure:31945: result: yes
configure:31814: checking for stdlib.h
configure:31821: result: yes
configure:31814: checking for string.h
configure:31821: result: yes
configure:31814: checking for strings.h
configure:31821: result: yes
configure:31814: checking for unistd.h
configure:31821: result: yes
configure:31814: checking for sys/stat.h
configure:31821: result: yes
configure:31967: checking for strchr
configure:32023: cc -o conftest.exe -g -O2   conftest.c  >&5
conftest.c:99: warning: conflicting types for built-in function 'strchr'
configure:32030: $? = 0
configure:32052: result: yes
configure:31967: checking for strrchr
configure:32023: cc -o conftest.exe -g -O2   conftest.c  >&5
conftest.c:100: warning: conflicting types for built-in function 'strrchr'
configure:32030: $? = 0
configure:32052: result: yes
configure:31967: checking for mktemp
configure:32023: cc -o conftest.exe -g -O2   conftest.c  >&5
configure:32030: $? = 0
configure:32052: result: yes
configure:31967: checking for strcat
configure:32023: cc -o conftest.exe -g -O2   conftest.c  >&5
conftest.c:102: warning: conflicting types for built-in function 'strcat'
configure:32030: $? = 0
configure:32052: result: yes
configure:31967: checking for strcpy
configure:32023: cc -o conftest.exe -g -O2   conftest.c  >&5
conftest.c:103: warning: conflicting types for built-in function 'strcpy'
configure:32030: $? = 0
configure:32052: result: yes
configure:32067: checking for vprintf
configure:32123: cc -o conftest.exe -g -O2   conftest.c  >&5
conftest.c:104: warning: conflicting types for built-in function 'vprintf'
configure:32130: $? = 0
configure:32152: result: yes
configure:32160: checking for _doprnt
configure:32216: cc -o conftest.exe -g -O2   conftest.c  >&5
/cygdrive/e/Temp/ccIIlUAf.o: In function `main':
/cygdrive/d/dam_ar/third_party_src/netcdf-4.0.1/conftest.c:116: undefined reference to `__doprnt'
collect2: ld returned 1 exit status
configure:32223: $? = 1
configure: failed program was:
| /* confdefs.h.  */
| #define PACKAGE_NAME "netCDF"
| #define PACKAGE_TARNAME "netcdf"
| #define PACKAGE_VERSION "4.0.1"
| #define PACKAGE_STRING "netCDF 4.0.1"
| #define PACKAGE_BUGREPORT "support@unidata.ucar.edu"
| #define PACKAGE "netcdf"
| #define VERSION "4.0.1"
| #define NCIO_MINBLOCKSIZE 256
| #define CHUNK_CACHE_SIZE 32000000
| #define CHUNK_CACHE_NELEMS 1000
| #define CHUNK_CACHE_PREEMPTION 0.75
| #define USE_EXTREME_NUMBERS 1
| #define TEMP_LARGE "."
| #define STDC_HEADERS 1
| #define HAVE_SYS_TYPES_H 1
| #define HAVE_SYS_STAT_H 1
| #define HAVE_STDLIB_H 1
| #define HAVE_STRING_H 1
| #define HAVE_MEMORY_H 1
| #define HAVE_STRINGS_H 1
| #define HAVE_INTTYPES_H 1
| #define HAVE_STDINT_H 1
| #define HAVE_UNISTD_H 1
| #define HAVE_DLFCN_H 1
| #define LT_OBJDIR ".libs/"
| #define pgiFortran 1
| #define NF_INT1_T byte
| #define NF_INT2_T integer*2
| #define NF_INT1_IS_C_SIGNED_CHAR 1
| #define NF_INT2_IS_C_SHORT 1
| #define NF_INT_IS_C_INT 1
| #define NF_REAL_IS_C_FLOAT 1
| #define NF_DOUBLEPRECISION_IS_C_DOUBLE 1
| #define NCBYTE_T byte
| #define NCSHORT_T integer*2
| #define HAVE_LOCALE_H 1
| #define HAVE__BOOL 1
| #define HAVE_STDBOOL_H 1
| #define HAVE_STRLCAT 1
| #define HAVE_STRERROR 1
| #define HAVE_SNPRINTF 1
| #define HAVE_ALLOCA_H 1
| #define HAVE_ALLOCA 1
| #define HAVE_DECL_ISNAN 1
| #define HAVE_DECL_ISINF 1
| #define HAVE_DECL_ISFINITE 1
| #define HAVE_DECL_SIGNBIT 1
| #define HAVE_STRUCT_STAT_ST_BLKSIZE 1
| #define HAVE_ST_BLKSIZE 1
| #define HAVE_SSIZE_T 1
| #define HAVE_PTRDIFF_T 1
| #define SIZEOF_SHORT 2
| #define SIZEOF_INT 4
| #define SIZEOF_LONG 4
| #define SIZEOF_FLOAT 4
| #define SIZEOF_DOUBLE 8
| #define SIZEOF_OFF_T 8
| #define SIZEOF_SIZE_T 4
| #define HAVE_DIRENT_H 1
| #define STDC_HEADERS 1
| #define HAVE_SYS_WAIT_H 1
| #define TIME_WITH_SYS_TIME 1
| #define HAVE_STDIO_H 1
| #define HAVE_STDARG_H 1
| #define HAVE_ERRNO_H 1
| #define HAVE_CTYPE_H 1
| #define HAVE_FCNTL_H 1
| #define HAVE_MALLOC_H 1
| #define HAVE_STDLIB_H 1
| #define HAVE_STRING_H 1
| #define HAVE_STRINGS_H 1
| #define HAVE_UNISTD_H 1
| #define HAVE_SYS_STAT_H 1
| #define HAVE_STRCHR 1
| #define HAVE_STRRCHR 1
| #define HAVE_MKTEMP 1
| #define HAVE_STRCAT 1
| #define HAVE_STRCPY 1
| #define HAVE_VPRINTF 1
| /* end confdefs.h.  */
| /* Define _doprnt to an innocuous variant, in case <limits.h> declares _doprnt.
|    For example, HP-UX 11i <limits.h> declares gettimeofday.  */
| #define _doprnt innocuous__doprnt
| 
| /* System header to define __stub macros and hopefully few prototypes,
|     which can conflict with char _doprnt (); below.
|     Prefer <limits.h> to <assert.h> if __STDC__ is defined, since
|     <limits.h> exists even on freestanding compilers.  */
| 
| #ifdef __STDC__
| # include <limits.h>
| #else
| # include <assert.h>
| #endif
| 
| #undef _doprnt
| 
| /* Override any GCC internal prototype to avoid an error.
|    Use char because int might match the return type of a GCC
|    builtin and then its argument prototype would still apply.  */
| #ifdef __cplusplus
| extern "C"
| #endif
| char _doprnt ();
| /* The GNU C library defines this for functions which it implements
|     to always fail with ENOSYS.  Some functions are actually named
|     something starting with __ and the normal name is an alias.  */
| #if defined __stub__doprnt || defined __stub____doprnt
| choke me
| #endif
| 
| int
| main ()
| {
| return _doprnt ();
|   ;
|   return 0;
| }
configure:32243: result: no
configure:32638: checking whether ncgen4 should be built
configure:32646: result: no
configure:32737: generating header files and makefiles
configure:33118: creating ./config.status

## ---------------------- ##
## Running config.status. ##
## ---------------------- ##

This file was extended by netCDF config.status 4.0.1, which was
generated by GNU Autoconf 2.62.  Invocation command line was

  CONFIG_FILES    = 
  CONFIG_HEADERS  = 
  CONFIG_LINKS    = 
  CONFIG_COMMANDS = 
  $ ./config.status 

on l00022

config.status:1372: creating Makefile
config.status:1372: creating nc-config
config.status:1372: creating netcdf.pc
config.status:1372: creating man4/Makefile
config.status:1372: creating fortran/Makefile
config.status:1372: creating libsrc/Makefile
config.status:1372: creating libsrc4/Makefile
config.status:1372: creating nctest/Makefile
config.status:1372: creating nc_test4/Makefile
config.status:1372: creating nc_test/Makefile
config.status:1372: creating ncdump/Makefile
config.status:1372: creating ncgen/Makefile
config.status:1372: creating nf_test/Makefile
config.status:1372: creating cxx/Makefile
config.status:1372: creating cxx4/Makefile
config.status:1372: creating f90/Makefile
config.status:1372: creating examples/Makefile
config.status:1372: creating examples/C/Makefile
config.status:1372: creating examples/CDL/Makefile
config.status:1372: creating examples/CXX/Makefile
config.status:1372: creating examples/CXX4/Makefile
config.status:1372: creating examples/F90/Makefile
config.status:1372: creating examples/F77/Makefile
config.status:1372: creating win32/Makefile
config.status:1372: creating win32/NET/Makefile
config.status:1372: creating win32/NET/libsrc/Makefile
config.status:1372: creating win32/NET/ncdump/Makefile
config.status:1372: creating win32/NET/ncgen/Makefile
config.status:1372: creating win32/NET/examples/Makefile
config.status:1372: creating win32/NET/nctest/Makefile
config.status:1372: creating win32/NET/nc_test/Makefile
config.status:1372: creating libncdap3/Makefile
config.status:1372: creating libncdap3/oc/Makefile
config.status:1372: creating ncdap_test/Makefile
config.status:1372: creating ncdap_test/expected3/Makefile
config.status:1372: creating ncdap_test/testdata3/Makefile
config.status:1372: creating ncgen4/Makefile
config.status:1372: creating ncdump/cdl4/Makefile
config.status:1372: creating ncdump/expected4/Makefile
config.status:1372: creating config.h
config.status:1372: creating fortran/nfconfig1.inc
config.status:1646: executing depfiles commands
config.status:1646: executing libtool commands

## ---------------- ##
## Cache variables. ##
## ---------------- ##

ac_cv_build=i686-pc-cygwin
ac_cv_c_bigendian=no
ac_cv_c_char_unsigned=no
ac_cv_c_compiler_gnu=yes
ac_cv_c_const=yes
ac_cv_c_ieeefloat=yes
ac_cv_cxx_compiler_gnu=yes
ac_cv_env_CCC_set=
ac_cv_env_CCC_value=
ac_cv_env_CC_set=
ac_cv_env_CC_value=
ac_cv_env_CFLAGS_set=
ac_cv_env_CFLAGS_value=
ac_cv_env_CPPFLAGS_set=
ac_cv_env_CPPFLAGS_value=
ac_cv_env_CPP_set=
ac_cv_env_CPP_value=
ac_cv_env_CXXCPP_set=
ac_cv_env_CXXCPP_value=
ac_cv_env_CXXFLAGS_set=
ac_cv_env_CXXFLAGS_value=
ac_cv_env_CXX_set=
ac_cv_env_CXX_value=
ac_cv_env_F77_set=
ac_cv_env_F77_value=
ac_cv_env_FCFLAGS_set=
ac_cv_env_FCFLAGS_value=
ac_cv_env_FC_set=set
ac_cv_env_FC_value=gfortran
ac_cv_env_FFLAGS_set=
ac_cv_env_FFLAGS_value=
ac_cv_env_LDFLAGS_set=
ac_cv_env_LDFLAGS_value=
ac_cv_env_LIBS_set=
ac_cv_env_LIBS_value=
ac_cv_env_build_alias_set=
ac_cv_env_build_alias_value=
ac_cv_env_host_alias_set=
ac_cv_env_host_alias_value=
ac_cv_env_target_alias_set=
ac_cv_env_target_alias_value=
ac_cv_exeext=.exe
ac_cv_f77_compiler_gnu=yes
ac_cv_fc_compiler_gnu=yes
ac_cv_fc_srcext_f90=none
ac_cv_func__doprnt=no
ac_cv_func_alloca_works=yes
ac_cv_func_mktemp=yes
ac_cv_func_snprintf=yes
ac_cv_func_strcat=yes
ac_cv_func_strchr=yes
ac_cv_func_strcpy=yes
ac_cv_func_strerror=yes
ac_cv_func_strlcat=yes
ac_cv_func_strrchr=yes
ac_cv_func_vprintf=yes
ac_cv_have_decl_isfinite=yes
ac_cv_have_decl_isinf=yes
ac_cv_have_decl_isnan=yes
ac_cv_have_decl_signbit=yes
ac_cv_header_ctype_h=yes
ac_cv_header_dirent_dirent_h=yes
ac_cv_header_dlfcn_h=yes
ac_cv_header_errno_h=yes
ac_cv_header_fcntl_h=yes
ac_cv_header_inttypes_h=yes
ac_cv_header_locale_h=yes
ac_cv_header_malloc_h=yes
ac_cv_header_memory_h=yes
ac_cv_header_stdarg_h=yes
ac_cv_header_stdbool_h=yes
ac_cv_header_stdc=yes
ac_cv_header_stdint_h=yes
ac_cv_header_stdio_h=yes
ac_cv_header_stdlib_h=yes
ac_cv_header_string_h=yes
ac_cv_header_strings_h=yes
ac_cv_header_sys_stat_h=yes
ac_cv_header_sys_types_h=yes
ac_cv_header_sys_wait_h=yes
ac_cv_header_time=yes
ac_cv_header_unistd_h=yes
ac_cv_host=i686-pc-cygwin
ac_cv_member_struct_stat_st_blksize=yes
ac_cv_objext=o
ac_cv_path_EGREP='/usr/bin/grep -E'
ac_cv_path_FGREP='/usr/bin/grep -F'
ac_cv_path_GREP=/usr/bin/grep
ac_cv_path_SED=/usr/bin/sed
ac_cv_path_install='/usr/bin/install -c'
ac_cv_path_mkdir=/usr/bin/mkdir
ac_cv_prog_AWK=gawk
ac_cv_prog_CPP='cc -E'
ac_cv_prog_CXXCPP='g++ -E'
ac_cv_prog_NM='/usr/bin/nm -B'
ac_cv_prog_ac_ct_AR=ar
ac_cv_prog_ac_ct_CC=cc
ac_cv_prog_ac_ct_CXX=g++
ac_cv_prog_ac_ct_RANLIB=ranlib
ac_cv_prog_ac_ct_STRIP=strip
ac_cv_prog_cc_c89=
ac_cv_prog_cc_cc_c_o=yes
ac_cv_prog_cc_g=yes
ac_cv_prog_cxx_g=yes
ac_cv_prog_f77_g=yes
ac_cv_prog_f90_uppercase_mod=yes
ac_cv_prog_fc_g=yes
ac_cv_prog_make_make_set=yes
ac_cv_search_opendir='none required'
ac_cv_sizeof_double=8
ac_cv_sizeof_float=4
ac_cv_sizeof_int=4
ac_cv_sizeof_long=4
ac_cv_sizeof_off_t=8
ac_cv_sizeof_short=2
ac_cv_sizeof_size_t=4
ac_cv_sys_file_offset_bits=no
ac_cv_sys_largefile_CC=no
ac_cv_type__Bool=yes
ac_cv_type_off_t=yes
ac_cv_type_ptrdiff_t=yes
ac_cv_type_size_t=yes
ac_cv_type_ssize_t=yes
ac_cv_type_uchar=no
ac_cv_working_alloca_h=yes
am_cv_CC_dependencies_compiler_type=gcc3
am_cv_CXX_dependencies_compiler_type=gcc3
ax_cv_f90_modflag=-I
lt_cv_deplibs_check_method='file_magic ^x86 archive import|^x86 DLL'
lt_cv_file_magic_cmd=func_win32_libid
lt_cv_file_magic_test_file=
lt_cv_ld_reload_flag=-r
lt_cv_nm_interface='BSD nm'
lt_cv_objdir=.libs
lt_cv_path_LD=/usr/i686-pc-cygwin/bin/ld.exe
lt_cv_path_LDCXX=/usr/i686-pc-cygwin/bin/ld.exe
lt_cv_path_NM='/usr/bin/nm -B'
lt_cv_prog_compiler_c_o=yes
lt_cv_prog_compiler_c_o_CXX=yes
lt_cv_prog_compiler_c_o_F77=yes
lt_cv_prog_compiler_c_o_FC=yes
lt_cv_prog_compiler_pic_works=yes
lt_cv_prog_compiler_pic_works_CXX=yes
lt_cv_prog_compiler_pic_works_F77=yes
lt_cv_prog_compiler_pic_works_FC=yes
lt_cv_prog_compiler_rtti_exceptions=no
lt_cv_prog_compiler_static_works=yes
lt_cv_prog_compiler_static_works_CXX=yes
lt_cv_prog_compiler_static_works_F77=yes
lt_cv_prog_compiler_static_works_FC=yes
lt_cv_prog_gnu_ld=yes
lt_cv_prog_gnu_ldcxx=yes
lt_cv_sys_global_symbol_pipe='sed -n -e '\''s/^.*[	 ]\([ABCDGIRSTW][ABCDGIRSTW]*\)[	 ][	 ]*_\([_A-Za-z][_A-Za-z0-9]*\)$/\1 _\2 \2/p'\'''
lt_cv_sys_global_symbol_to_c_name_address='sed -n -e '\''s/^: \([^ ]*\) $/  {\"\1\", (void *) 0},/p'\'' -e '\''s/^[ABCDGIRSTW]* \([^ ]*\) \([^ ]*\)$/  {"\2", (void *) \&\2},/p'\'''
lt_cv_sys_global_symbol_to_c_name_address_lib_prefix='sed -n -e '\''s/^: \([^ ]*\) $/  {\"\1\", (void *) 0},/p'\'' -e '\''s/^[ABCDGIRSTW]* \([^ ]*\) \(lib[^ ]*\)$/  {"\2", (void *) \&\2},/p'\'' -e '\''s/^[ABCDGIRSTW]* \([^ ]*\) \([^ ]*\)$/  {"lib\2", (void *) \&\2},/p'\'''
lt_cv_sys_global_symbol_to_cdecl='sed -n -e '\''s/^T .* \(.*\)$/extern int \1();/p'\'' -e '\''s/^[ABCDGIRSTW]* .* \(.*\)$/extern char \1;/p'\'''
lt_cv_sys_max_cmd_len=8192

## ----------------- ##
## Output variables. ##
## ----------------- ##

ACLOCAL='${SHELL} /cygdrive/d/dam_ar/third_party_src/netcdf-4.0.1/missing --run aclocal-1.10'
ALLOCA=''
AMDEPBACKSLASH='\'
AMDEP_FALSE='#'
AMDEP_TRUE=''
AMTAR='${SHELL} /cygdrive/d/dam_ar/third_party_src/netcdf-4.0.1/missing --run tar'
AR='ar'
AUTOCONF='${SHELL} /cygdrive/d/dam_ar/third_party_src/netcdf-4.0.1/missing --run autoconf'
AUTOHEADER='${SHELL} /cygdrive/d/dam_ar/third_party_src/netcdf-4.0.1/missing --run autoheader'
AUTOMAKE='${SHELL} /cygdrive/d/dam_ar/third_party_src/netcdf-4.0.1/missing --run automake-1.10'
AWK='gawk'
BINFILE_NAME='binary-netcdf-4.0.1_nc3_gfortran_gfortran_g++.tar'
BUILD_BENCHMARKS_FALSE=''
BUILD_BENCHMARKS_TRUE='#'
BUILD_CXX4_FALSE=''
BUILD_CXX4_TRUE='#'
BUILD_CXX_FALSE='#'
BUILD_CXX_TRUE=''
BUILD_C_FALSE='#'
BUILD_C_TRUE=''
BUILD_DAP4_FALSE=''
BUILD_DAP4_TRUE='#'
BUILD_DAP_FALSE=''
BUILD_DAP_TRUE='#'
BUILD_DLL_FALSE=''
BUILD_DLL_TRUE='#'
BUILD_EXAMPLES_FALSE='#'
BUILD_EXAMPLES_TRUE=''
BUILD_F77_FALSE='#'
BUILD_F77_TRUE=''
BUILD_F90_FALSE='#'
BUILD_F90_TRUE=''
BUILD_NCGEN4_FALSE=''
BUILD_NCGEN4_TRUE='#'
BUILD_PARALLEL_FALSE=''
BUILD_PARALLEL_TRUE='#'
BUILD_SEPARATE_FORTRAN_FALSE=''
BUILD_SEPARATE_FORTRAN_TRUE='#'
BUILD_SHARED_FALSE=''
BUILD_SHARED_TRUE='#'
BUILD_UTILITIES_FALSE='#'
BUILD_UTILITIES_TRUE=''
BUILD_V2_FALSE='#'
BUILD_V2_TRUE=''
CC='cc'
CCDEPMODE='depmode=gcc3'
CFLAGS='-g -O2'
CPP='cc -E'
CPPFLAGS=''
CROSS_COMPILING_FALSE=''
CROSS_COMPILING_TRUE='#'
CURLDIR=''
CURL_CFLAGS=''
CURL_LIBS=''
CXX='g++'
CXXCPP='g++ -E'
CXXDEPMODE='depmode=gcc3'
CXXFLAGS='-g -O2'
CYGPATH_W='cygpath -w'
DEFS='-DHAVE_CONFIG_H'
DEPDIR='.deps'
DSYMUTIL=''
DUMPBIN=''
ECHO_C=''
ECHO_N='-n'
ECHO_T=''
EGREP='/usr/bin/grep -E'
ENABLE_DAP_REMOTE_TESTS_FALSE=''
ENABLE_DAP_REMOTE_TESTS_TRUE='#'
EXEEXT='.exe'
EXTRA_EXAMPLE_TESTS_FALSE=''
EXTRA_EXAMPLE_TESTS_TRUE='#'
EXTRA_TESTS_FALSE=''
EXTRA_TESTS_TRUE='#'
F77='gfortran'
FC='gfortran'
FCFLAGS='-g -O2'
FCFLAGS_f90=''
FFLAGS='-g -O2'
FGREP='/usr/bin/grep -F'
FTPBINDIR='/home/ftp/pub/binary/dummy_system'
GREP='/usr/bin/grep'
HAS_CXX='yes'
HAS_DAP='no'
HAS_F77='yes'
HAS_F90='yes'
HAS_NC2='yes'
HAS_NC4='no'
HDF5DIR=''
INSTALL_DATA='${INSTALL} -m 644'
INSTALL_DOCS_FALSE=''
INSTALL_DOCS_TRUE='#'
INSTALL_PROGRAM='${INSTALL}'
INSTALL_SCRIPT='${INSTALL}'
INSTALL_STRIP_PROGRAM='$(install_sh) -c -s'
INTERNAL_OCLIB_FALSE=''
INTERNAL_OCLIB_TRUE='#'
LARGE_FILE_TESTS_FALSE=''
LARGE_FILE_TESTS_TRUE='#'
LD='/usr/i686-pc-cygwin/bin/ld.exe'
LDFLAGS=''
LIBOBJS=''
LIBS=''
LIBTOOL='$(SHELL) $(top_builddir)/libtool'
LIPO=''
LN_S='ln -s'
LTLIBOBJS=''
MAKEINFO='${SHELL} /cygdrive/d/dam_ar/third_party_src/netcdf-4.0.1/missing --run makeinfo'
MAKEWHATIS_CMD=''
MKDIR_P='/usr/bin/mkdir -p'
MOD_FLAG='-I'
NC_FLIBS='-lnetcdf'
NC_LIBS='-lnetcdf'
NETCDF_C_LIB=''
NM='/usr/bin/nm -B'
NMEDIT=''
NMFLAGS=''
OBJEXT='o'
OCLIB_CFLAGS=''
OCLIB_LIBS=''
OTOOL64=''
OTOOL=''
PACKAGE='netcdf'
PACKAGE_BUGREPORT='support@unidata.ucar.edu'
PACKAGE_NAME='netCDF'
PACKAGE_STRING='netCDF 4.0.1'
PACKAGE_TARNAME='netcdf'
PACKAGE_VERSION='4.0.1'
PATH_SEPARATOR=':'
RANLIB='ranlib'
SED='/usr/bin/sed'
SET_MAKE=''
SHAREEXT='lib'
SHELL='/bin/sh'
STRIP='strip'
SZLIBDIR=''
TEST_F77_FALSE='#'
TEST_F77_TRUE=''
TEST_PARALLEL_FALSE=''
TEST_PARALLEL_TRUE='#'
UPPER_CASE_MOD_FALSE='#'
UPPER_CASE_MOD_TRUE=''
USE_FFIO_FALSE=''
USE_FFIO_TRUE='#'
USE_HDF5_DIR_FALSE=''
USE_HDF5_DIR_TRUE='#'
USE_LOGGING_FALSE=''
USE_LOGGING_TRUE='#'
USE_NETCDF4_FALSE=''
USE_NETCDF4_TRUE='#'
USE_NETCDF_C_LIB_DIR_FALSE=''
USE_NETCDF_C_LIB_DIR_TRUE='#'
USE_RENAMEV3_FALSE=''
USE_RENAMEV3_TRUE='#'
USE_SZLIB_DIR_FALSE=''
USE_SZLIB_DIR_TRUE='#'
USE_VALGRIND_TESTS_FALSE=''
USE_VALGRIND_TESTS_TRUE='#'
USE_ZLIB_DIR_FALSE=''
USE_ZLIB_DIR_TRUE='#'
VERSION='4.0.1'
WHATIS='whatis'
ZLIBDIR=''
ac_ct_CC='cc'
ac_ct_CXX='g++'
ac_ct_DUMPBIN=''
ac_ct_F77=''
ac_ct_FC=''
am__fastdepCC_FALSE='#'
am__fastdepCC_TRUE=''
am__fastdepCXX_FALSE='#'
am__fastdepCXX_TRUE=''
am__include='include'
am__isrc=''
am__leading_dot='.'
am__quote=''
am__tar='${AMTAR} chof - "$$tardir"'
am__untar='${AMTAR} xf -'
bindir='${exec_prefix}/bin'
build='i686-pc-cygwin'
build_alias=''
build_cpu='i686'
build_os='cygwin'
build_vendor='pc'
datadir='${datarootdir}'
datarootdir='${prefix}/share'
docdir='${datarootdir}/doc/${PACKAGE_TARNAME}'
dvidir='${docdir}'
exec_prefix='${prefix}'
host='i686-pc-cygwin'
host_alias=''
host_cpu='i686'
host_os='cygwin'
host_vendor='pc'
htmldir='${docdir}'
includedir='${prefix}/include'
infodir='${datarootdir}/info'
install_sh='$(SHELL) /cygdrive/d/dam_ar/third_party_src/netcdf-4.0.1/install-sh'
libdir='${exec_prefix}/lib'
libexecdir='${exec_prefix}/libexec'
localedir='${datarootdir}/locale'
localstatedir='${prefix}/var'
lt_ECHO='echo'
mandir='${datarootdir}/man'
mkdir_p='/usr/bin/mkdir -p'
oldincludedir='/usr/include'
pdfdir='${docdir}'
prefix='/cygdrive/D/dam_ar/opt/netcdf'
prog=''
program_transform_name='s,x,x,'
psdir='${docdir}'
sbindir='${exec_prefix}/sbin'
sharedstatedir='${prefix}/com'
sysconfdir='${prefix}/etc'
target_alias=''

## ----------- ##
## confdefs.h. ##
## ----------- ##

#define PACKAGE_NAME "netCDF"
#define PACKAGE_TARNAME "netcdf"
#define PACKAGE_VERSION "4.0.1"
#define PACKAGE_STRING "netCDF 4.0.1"
#define PACKAGE_BUGREPORT "support@unidata.ucar.edu"
#define PACKAGE "netcdf"
#define VERSION "4.0.1"
#define NCIO_MINBLOCKSIZE 256
#define CHUNK_CACHE_SIZE 32000000
#define CHUNK_CACHE_NELEMS 1000
#define CHUNK_CACHE_PREEMPTION 0.75
#define USE_EXTREME_NUMBERS 1
#define TEMP_LARGE "."
#define STDC_HEADERS 1
#define HAVE_SYS_TYPES_H 1
#define HAVE_SYS_STAT_H 1
#define HAVE_STDLIB_H 1
#define HAVE_STRING_H 1
#define HAVE_MEMORY_H 1
#define HAVE_STRINGS_H 1
#define HAVE_INTTYPES_H 1
#define HAVE_STDINT_H 1
#define HAVE_UNISTD_H 1
#define HAVE_DLFCN_H 1
#define LT_OBJDIR ".libs/"
#define pgiFortran 1
#define NF_INT1_T byte
#define NF_INT2_T integer*2
#define NF_INT1_IS_C_SIGNED_CHAR 1
#define NF_INT2_IS_C_SHORT 1
#define NF_INT_IS_C_INT 1
#define NF_REAL_IS_C_FLOAT 1
#define NF_DOUBLEPRECISION_IS_C_DOUBLE 1
#define NCBYTE_T byte
#define NCSHORT_T integer*2
#define HAVE_LOCALE_H 1
#define HAVE__BOOL 1
#define HAVE_STDBOOL_H 1
#define HAVE_STRLCAT 1
#define HAVE_STRERROR 1
#define HAVE_SNPRINTF 1
#define HAVE_ALLOCA_H 1
#define HAVE_ALLOCA 1
#define HAVE_DECL_ISNAN 1
#define HAVE_DECL_ISINF 1
#define HAVE_DECL_ISFINITE 1
#define HAVE_DECL_SIGNBIT 1
#define HAVE_STRUCT_STAT_ST_BLKSIZE 1
#define HAVE_ST_BLKSIZE 1
#define HAVE_SSIZE_T 1
#define HAVE_PTRDIFF_T 1
#define SIZEOF_SHORT 2
#define SIZEOF_INT 4
#define SIZEOF_LONG 4
#define SIZEOF_FLOAT 4
#define SIZEOF_DOUBLE 8
#define SIZEOF_OFF_T 8
#define SIZEOF_SIZE_T 4
#define HAVE_DIRENT_H 1
#define STDC_HEADERS 1
#define HAVE_SYS_WAIT_H 1
#define TIME_WITH_SYS_TIME 1
#define HAVE_STDIO_H 1
#define HAVE_STDARG_H 1
#define HAVE_ERRNO_H 1
#define HAVE_CTYPE_H 1
#define HAVE_FCNTL_H 1
#define HAVE_MALLOC_H 1
#define HAVE_STDLIB_H 1
#define HAVE_STRING_H 1
#define HAVE_STRINGS_H 1
#define HAVE_UNISTD_H 1
#define HAVE_SYS_STAT_H 1
#define HAVE_STRCHR 1
#define HAVE_STRRCHR 1
#define HAVE_MKTEMP 1
#define HAVE_STRCAT 1
#define HAVE_STRCPY 1
#define HAVE_VPRINTF 1
#define USE_DAP4 1

configure: exit 0
