Import started at 2015-01-21 10:47:43
Delete old records

Animalia      Amphibia

Animalia      Aves
Already in TaxonWoRMS : Anas acuta
Already in TaxonWoRMS : Anas clypeata
Already in TaxonWoRMS : Anas crecca
Already in TaxonWoRMS : Anas penelope
Already in TaxonWoRMS : Anas platyrhynchos
Already in TaxonWoRMS : Anas querquedula
Already in TaxonWoRMS : Anas strepera
Already in TaxonWoRMS : Anser albifrons
Already in TaxonWoRMS : Anser anser
Already in TaxonWoRMS : Anser brachyrhynchus
  but different author         : Baillon, 1834
  aquo                         : (Baillon, 1833)
Already in TaxonWoRMS : Anser fabalis
Already in TaxonWoRMS : Aythya ferina
Already in TaxonWoRMS : Aythya fuligula
Already in TaxonWoRMS : Aythya marila
Already in TaxonWoRMS : Branta bernicla
Already in TaxonWoRMS : Branta canadensis
Already in TaxonWoRMS : Branta leucopsis
Already in TaxonWoRMS : Bucephala albeola
Already in TaxonWoRMS : Bucephala clangula
Already in TaxonWoRMS : Clangula hyemalis
Already in TaxonWoRMS : Cygnus columbianus
Already in TaxonWoRMS : Cygnus cygnus
Already in TaxonWoRMS : Cygnus olor
  but different author         : (Gmelin, 1789)
  aquo                         : (Gmelin, 1803)
Already in TaxonWoRMS : Melanitta fusca
Already in TaxonWoRMS : Melanitta nigra
Already in TaxonWoRMS : Melanitta perspicillata
Already in TaxonWoRMS : Mergellus albellus
Already in TaxonWoRMS : Mergus merganser
Already in TaxonWoRMS : Mergus serrator
Already in TaxonWoRMS : Polysticta stelleri
Already in TaxonWoRMS : Somateria mollissima
Already in TaxonWoRMS : Somateria spectabilis
Already in TaxonWoRMS : Tadorna tadorna
Already in TaxonWoRMS : Alca torda
Already in TaxonWoRMS : Alle alle
Already in TaxonWoRMS : Cepphus grylle
Already in TaxonWoRMS : Fratercula arctica
Already in TaxonWoRMS : Uria aalge
Already in TaxonWoRMS : Uria lomvia
Already in TaxonWoRMS : Charadrius alexandrinus
Already in TaxonWoRMS : Charadrius dubius
Already in TaxonWoRMS : Charadrius hiaticula
Already in TaxonWoRMS : Charadrius morinellus
Already in TaxonWoRMS : Pluvialis apricaria
Already in TaxonWoRMS : Pluvialis fulva
Already in TaxonWoRMS : Pluvialis squatarola
Already in TaxonWoRMS : Haematopus ostralegus
  but different Family         : Charadriidae
  aquo                         : Haematopodidae
Already in TaxonWoRMS : Chlidonias leucopterus
  but different Family         : Sternidae
  aquo                         : Laridae
Already in TaxonWoRMS : Chlidonias niger
  but different Family         : Sternidae
  aquo                         : Laridae
Already in TaxonWoRMS : Gelochelidon nilotica
  but different Family         : Sternidae
  aquo                         : Laridae
Already in TaxonWoRMS : Larus argentatus
Already in TaxonWoRMS : Larus atricilla
Already in TaxonWoRMS : Larus audouinii
Already in TaxonWoRMS : Larus cachinnans
Already in TaxonWoRMS : Larus canus
Already in TaxonWoRMS : Larus delawarensis
Already in TaxonWoRMS : Larus glaucoides
Already in TaxonWoRMS : Larus hyperboreus
Already in TaxonWoRMS : Larus marinus
Already in TaxonWoRMS : Larus melanocephalus
Already in TaxonWoRMS : Larus michahellis
  but different author         : J.F. Naumann, 1840
  aquo                         : Naumann, 1840
Already in TaxonWoRMS : Larus minutus
  but different status         : unaccepted
  aquo                         : accepted
Already in TaxonWoRMS : Larus philadelphia
  but different author         : (Ord, 1815)
  aquo                         : Ord, 1815
Already in TaxonWoRMS : Larus pipixcan
  but different author         : Wagler, 1813
  aquo                         : Wagler, 1831
Already in TaxonWoRMS : Larus ridibundus
  but different status         : unaccepted
  aquo                         : accepted
Already in TaxonWoRMS : Larus sabini
  but different status         : unaccepted
  aquo                         : accepted
Already in TaxonWoRMS : Pagophila eburnea
Already in TaxonWoRMS : Rissa tridactyla
Already in TaxonWoRMS : Sterna albifrons
  but different status         : unaccepted
  aquo                         : accepted
  but different Family         : Sternidae
  aquo                         : Laridae
Already in TaxonWoRMS : Sterna anaethetus
  but different status         : unaccepted
  aquo                         : accepted
  but different Family         : Sternidae
  aquo                         : Laridae
Already in TaxonWoRMS : Sterna caspia
  but different status         : unaccepted
  aquo                         : accepted
  but different Family         : Sternidae
  aquo                         : Laridae
Already in TaxonWoRMS : Sterna dougallii
  but different Family         : Sternidae
  aquo                         : Laridae
Already in TaxonWoRMS : Sterna hirundo
  but different Family         : Sternidae
  aquo                         : Laridae
Already in TaxonWoRMS : Sterna paradisaea
  but different Family         : Sternidae
  aquo                         : Laridae
Already in TaxonWoRMS : Sterna sandvicensis
  but different Family         : Sternidae
  aquo                         : Laridae
Already in TaxonWoRMS : Himantopus himantopus
Already in TaxonWoRMS : Recurvirostra avosetta
Already in TaxonWoRMS : Actitis hypoleucos
  but different author         : Linnaeus, 1758
  aquo                         : (Linnaeus, 1758)
Already in TaxonWoRMS : Arenaria interpres
  but different Genus          : Arenaria
  aquo                         : Arenaria [AVES]
Already in TaxonWoRMS : Calidris alba
Already in TaxonWoRMS : Calidris alpina
Already in TaxonWoRMS : Calidris bairdii
Already in TaxonWoRMS : Calidris canutus
Already in TaxonWoRMS : Calidris ferruginea
  but different author         : (Pontoppidan 1763)
  aquo                         : (Pontoppidan, 1763)
Already in TaxonWoRMS : Calidris fuscicollis
Already in TaxonWoRMS : Calidris maritima
  but different author         : (Brn++nnich, 1764)
  aquo                         : (Brünnich, 1764)
Already in TaxonWoRMS : Calidris melanotos
Already in TaxonWoRMS : Calidris minuta
Already in TaxonWoRMS : Calidris temminckii
Already in TaxonWoRMS : Limicola falcinellus
Already in TaxonWoRMS : Limnodromus scolopaceus
Already in TaxonWoRMS : Limosa lapponica
Already in TaxonWoRMS : Numenius arquata
Already in TaxonWoRMS : Numenius phaeopus
Already in TaxonWoRMS : Phalaropus fulicarius
  but different Family         : Phalaropodidae
  aquo                         : Scolopacidae
Already in TaxonWoRMS : Phalaropus lobatus
  but different Family         : Phalaropodidae
  aquo                         : Scolopacidae
Already in TaxonWoRMS : Philomachus pugnax
Already in TaxonWoRMS : Tringa erythropus
Already in TaxonWoRMS : Tringa nebularia
Already in TaxonWoRMS : Tringa stagnatilis
Already in TaxonWoRMS : Tringa totanus
Already in TaxonWoRMS : Xenus cinereus
  but different author         : (Gn++ldenstn++dt, 1775)
  aquo                         : (Güldenstädt, 1775)
Already in TaxonWoRMS : Stercorarius longicaudus
Already in TaxonWoRMS : Stercorarius parasiticus
Already in TaxonWoRMS : Stercorarius pomarinus
Already in TaxonWoRMS : Stercorarius skua
  but different author         : (Brunnich, 1764)
  aquo                         : Brünnich, 1764
Already in TaxonWoRMS : Egretta garzetta
  but different author         : (Linnaeus, 1766)
  aquo                         : (Linnaeus, 1758)
Already in TaxonWoRMS : Gavia adamsii
  but different Order          : Gaviiformes
  aquo                         : Ciconiiformes
Already in TaxonWoRMS : Gavia arctica
  but different Order          : Gaviiformes
  aquo                         : Ciconiiformes
Already in TaxonWoRMS : Gavia immer
  but different author         : (Brn++nnich, 1764)
  aquo                         : (Brünnich, 1764)
  but different Order          : Gaviiformes
  aquo                         : Ciconiiformes
Already in TaxonWoRMS : Gavia stellata
  but different Order          : Gaviiformes
  aquo                         : Ciconiiformes
Already in TaxonWoRMS : Hydrobates pelagicus
  but different Order          : Procellariiformes
  aquo                         : Ciconiiformes
Already in TaxonWoRMS : Oceanodroma leucorhoa
  but different author         : (Vieillot, 1818)
  aquo                         : (Vieillot, 1817)
  but different Order          : Procellariiformes
  aquo                         : Ciconiiformes
Already in TaxonWoRMS : Pelagodroma marina
  but different author         : (Latham, 1790)
  aquo                         : (Linnaeus, 1758)
  but different Order          : Procellariiformes
  aquo                         : Ciconiiformes
Already in TaxonWoRMS : Phalacrocorax aristotelis
  but different Order          : Pelecaniformes
  aquo                         : Ciconiiformes
Already in TaxonWoRMS : Phalacrocorax carbo
  but different Order          : Pelecaniformes
  aquo                         : Ciconiiformes
Already in TaxonWoRMS : Bulweria bulwerii
  but different author         : (Jardine & Selby, 1828)
  aquo                         : (Jardine et Selby, 1828)
  but different Order          : Procellariiformes
  aquo                         : Ciconiiformes
Already in TaxonWoRMS : Fulmarus glacialis
  but different Order          : Procellariiformes
  aquo                         : Ciconiiformes
Already in TaxonWoRMS : Puffinus gravis
  but different Order          : Procellariiformes
  aquo                         : Ciconiiformes
Already in TaxonWoRMS : Puffinus griseus
  but different Order          : Procellariiformes
  aquo                         : Ciconiiformes
Already in TaxonWoRMS : Puffinus mauretanicus
  but different Order          : Procellariiformes
  aquo                         : Ciconiiformes
Already in TaxonWoRMS : Puffinus puffinus
  but different author         : (Brn++nnich, 1764)
  aquo                         : (Brünnich, 1764)
  but different Order          : Procellariiformes
  aquo                         : Ciconiiformes
Already in TaxonWoRMS : Morus bassanus
  but different author         : (Linnaeus, 1758)
  aquo                         : (C. Linnaeus, 1758)
  but different Order          : Pelecaniformes
  aquo                         : Ciconiiformes
  but different Genus          : Morus
  aquo                         : Morus [AVES]
Already in TaxonWoRMS : Platalea leucorodia
Already in TaxonWoRMS : Haliaeetus albicilla
Already in TaxonWoRMS : Podiceps auritus
Already in TaxonWoRMS : Podiceps cristatus
Already in TaxonWoRMS : Podiceps grisegena
Already in TaxonWoRMS : Podiceps nigricollis
Already in TaxonWoRMS : Podilymbus podiceps
Already in TaxonWoRMS : Tachybaptus ruficollis

Animalia      Mammalia
Already in TaxonWoRMS : Lutra lutra
Already in TaxonWoRMS : Odobenus rosmarus
Already in TaxonWoRMS : Halichoerus grypus
Already in TaxonWoRMS : Pagophilus groenlandicus
Already in TaxonWoRMS : Phoca vitulina
Already in TaxonWoRMS : Pusa hispida
  but different author         : Schreber, 1775
  aquo                         : (Schreber, 1775)
Already in TaxonWoRMS : Balaenoptera acutorostrata
  but different author         : Lacn++pn++de, 1804
  aquo                         : Lacépède, 1804
  but different Order          : Cetartiodactyla
  aquo                         : Cetacea
Already in TaxonWoRMS : Balaenoptera borealis
  but different Order          : Cetartiodactyla
  aquo                         : Cetacea
Already in TaxonWoRMS : Balaenoptera musculus
  but different Order          : Cetartiodactyla
  aquo                         : Cetacea
Already in TaxonWoRMS : Balaenoptera physalus
  but different Order          : Cetartiodactyla
  aquo                         : Cetacea
Already in TaxonWoRMS : Megaptera novaeangliae
  but different Order          : Cetartiodactyla
  aquo                         : Cetacea
Already in TaxonWoRMS : Delphinus delphis
  but different Order          : Cetartiodactyla
  aquo                         : Cetacea
Already in TaxonWoRMS : Globicephala melas
  but different Order          : Cetartiodactyla
  aquo                         : Cetacea
Already in TaxonWoRMS : Lagenorhynchus acutus
  but different Order          : Cetartiodactyla
  aquo                         : Cetacea
Already in TaxonWoRMS : Lagenorhynchus albirostris
  but different Order          : Cetartiodactyla
  aquo                         : Cetacea
Already in TaxonWoRMS : Stenella coeruleoalba
  but different Order          : Cetartiodactyla
  aquo                         : Cetacea
Already in TaxonWoRMS : Tursiops truncatus
  but different Order          : Cetartiodactyla
  aquo                         : Cetacea
Already in TaxonWoRMS : Phocoena phocoena
  but different Order          : Cetartiodactyla
  aquo                         : Cetacea
Already in TaxonWoRMS : Physeter catodon
  but different status         : unaccepted
  aquo                         : accepted
  but different Order          : Cetartiodactyla
  aquo                         : Cetacea
Already in TaxonWoRMS : Hyperoodon ampullatus
  but different author         : (Forster, 1770)
  aquo                         : Forster, 1770
  but different Order          : Cetartiodactyla
  aquo                         : Cetacea
Already in TaxonWoRMS : Mesoplodon bidens
  but different Order          : Cetartiodactyla
  aquo                         : Cetacea
Already in TaxonWoRMS : Mesoplodon densirostris
  but different author         : (de Blainville, 1817)
  aquo                         : (Blainville, 1817)
  but different Order          : Cetartiodactyla
  aquo                         : Cetacea

Animalia      Reptilia
Already in TaxonWoRMS : Dermochelys coriacea
  but different Family         : Dermochelyidae
  aquo                         : Dermochelydae

Plantae
Already in TaxonWoRMS : Bangia fuscopurpurea
  but different author         : (Dillwyn) Lyngbye, 1819
  aquo                         : (L.W. Dillwyn 1807) H.C. Lyngbye 1819
Already in TaxonWoRMS : Bangiadulcis atropurpurea
  but different author         : (Roth) W.A. Nelson, 2007
  aquo                         : (A.W. Roth 1806) W.A. Nelson 2007
Already in TaxonWoRMS : Ceramium rubrum
  but different author         : C.Agardh, 1811
  aquo                         : (W. Hudson) C.A. Agardh 1811
  but different status         : unaccepted
  aquo                         : accepted
Already in TaxonWoRMS : Gracilaria verrucosa
  but different author         : (Hudson) Papenfuss, 1950
  aquo                         : (W. Hudson) G.F. Papenfuss 1950
  but different status         : unaccepted
  aquo                         : accepted
Already in TaxonWoRMS : Bryopsis hypnoides
  but different author         : J.V.Lamouroux, 1809
  aquo                         : J.V.F. Lamouroux 1809
Already in TaxonWoRMS : Scherffelia dubia
  but different author         : (Perty) Pascher, 1911
  aquo                         : (J.A.M. Perty 1852) A.A. Pascher 1911
  but different Class          : Prasinophyceae
  aquo                         : Chlorodendrophyceae
Already in TaxonWoRMS : Tetraselmis contracta
  but different author         : (N.Carter) Butcher
  aquo                         : (N. Carter 1937) R.W. Butcher 1959
  but different Class          : Prasinophyceae
  aquo                         : Chlorodendrophyceae
Already in TaxonWoRMS : Tetraselmis cordiformis
  but different author         : (N.Carter) Stein, 1878
  aquo                         : (H.J. Carter 1858) S.F.N. Stein 1878
  but different Class          : Prasinophyceae
  aquo                         : Chlorodendrophyceae
Already in TaxonWoRMS : Tetraselmis subcordiformis
  but different author         : (Wille) Butcher, 1959
  aquo                         : (J.N.F. Wille 1903) R.W. Butcher 1959
  but different Class          : Prasinophyceae
  aquo                         : Chlorodendrophyceae
Already in TaxonWoRMS : Schizochlamys gelatinosa
  but different author         : A. Braun in Kn++tzing, 1849
  aquo                         : A.K.H. Braun ex F.T. Kützing 1849
  but different Family         : Chaetopeltidaceae
  aquo                         : Schizochlamydaceae
Already in TaxonWoRMS : Sphaerocystis planctonica
  but different author         : (Korshikov) Bourelly, 1966
  aquo                         : (O.A. Korshikov 1953) P.P.C. Bourrelly 1966 ex B. Fott 1974
  but different Order          : Tetrasporales
  aquo                         : Chlorococcales
  but different Family         : Palmellaceae
  aquo                         : Sphaerocystidaceae
Already in TaxonWoRMS : Asteromonas gracilis
  but different author         : Artari, 1913
  aquo                         : A.P. Artari 1913
  but different Order          : Volvocales
  aquo                         : Dunaliellales
Already in TaxonWoRMS : Asteromonas phacus
  but different author         : Pascher, 1926
  aquo                         : A.A. Pascher 1926
  but different Order          : Volvocales
  aquo                         : Dunaliellales
Already in TaxonWoRMS : Korshikoviella limnetica
  but different author         : (Lemmermann) P. C. Silva
  aquo                         : (E.J. Lemmermann 1903) P.C. Silva 1959
  but different Order          : Chlorococcales
  aquo                         : Sphaeropleales
  but different Family         : Sphaeropleaceae
  aquo                         : Characiaceae
Already in TaxonWoRMS : Pseudoschroederia robusta
  but different author         : (Korshikov) Hegewald & Schnepf
  aquo                         : (O.A. Korshikov 1953) E.H. Hegewald et E. Schnepf 1986
  but different Order          : Chlorococcales
  aquo                         : Sphaeropleales
Already in TaxonWoRMS : Schroederia setigera
  but different author         : (Schrn++der) Lemmermann, 1898
  aquo                         : (J.L.B. Schröder 1897) E.J. Lemmermann 1898
  but different Family         : Neochloridaceae
  aquo                         : Characiaceae
Already in TaxonWoRMS : Pediastrum boryanum
  but different author         : (Turpin) Meneghini, 1840
  aquo                         : (P.J.F. Turpin 1828) G.G.A. Meneghini 1840
Already in TaxonWoRMS : Pediastrum duplex
  but different author         : Meyen, 1829
  aquo                         : F.J.F. Meyen 1829
Already in TaxonWoRMS : Pediastrum integrum
  but different author         : Nn++geli, 1849
  aquo                         : C.W. Nägeli 1849
Already in TaxonWoRMS : Pediastrum simplex
  but different author         : Meyen, 1829
  aquo                         : F.J.F. Meyen 1829
Already in TaxonWoRMS : Pediastrum tetras
  but different author         : (Ehrenberg) Ralfs, 1844
  aquo                         : (C.G. Ehrenberg 1838) ex J. Ralfs 1845
  but different status         : unaccepted
  aquo                         : accepted
Already in TaxonWoRMS : Tetraedron triangulare
  but different author         : Korshikov
  aquo                         : O.A. Korshikov 1953
  but different Family         : Neochloridaceae
  aquo                         : Hydrodictyaceae
Already in TaxonWoRMS : Coenococcus planctonicus
  but different author         : Korshikov, 1953
  aquo                         : O.A. Korshikov 1953
  but different status         : accepted
  aquo                         : temporary name
  but different Order          : Chlorococcales
  aquo                         : Sphaeropleales
Already in TaxonWoRMS : Coenococcus polycoccus
  but different author         : (Korshikov) Hindn++k, 1977
  aquo                         : (O.A. Korshikov 1953) F. Hindák 1977
  but different Order          : Chlorococcales
  aquo                         : Sphaeropleales
Already in TaxonWoRMS : Coelastrum astroideum
  but different author         : De Notaris, 1867
  aquo                         : G. De Notaris 1867
Already in TaxonWoRMS : Coelastrum cambricum
  but different author         : W. Archer, 1868
  aquo                         : W. Archer 1868
  but different status         : unaccepted
  aquo                         : accepted
Already in TaxonWoRMS : Coelastrum microporum
  but different author         : Nn++geli in A. Braun, 1855
  aquo                         : C.W. Nägeli in A.K.H. Braun 1855
Already in TaxonWoRMS : Coelastrum pulchrum
  but different author         : Schmidle, 1892
  aquo                         : W. Schmidle 1892
Already in TaxonWoRMS : Coelastrum sphaericum
  but different author         : Nn++geli, 1849
  aquo                         : C.W. Nägeli 1849
Already in TaxonWoRMS : Desmodesmus bicellularis
  but different author         : (R.Chodat) S.S.An, T.Friedl & E.Hegewald
  aquo                         : (R.H. Chodat 1926) S.S. An, T. Friedl et E.H. Hegewald 1999
Already in TaxonWoRMS : Desmodesmus communis
  but different author         : (E.Hegewald) E.Hegewald
  aquo                         : (E.H. Hegewald 1977) E.H. Hegewald 2000 (ICBN: nom. illeg.)
Already in TaxonWoRMS : Desmodesmus maximus
  but different author         : (W. West & G.S. West) E. Hegewald
  aquo                         : (W. West et G.S. West 1895) E.H. Hegewald 2000
Already in TaxonWoRMS : Scenedesmus acutiformis
  but different author         : Schrn++der, 1897
  aquo                         : J.L.B. Schröder 1897
  but different status         : unaccepted
  aquo                         : accepted
Already in TaxonWoRMS : Scenedesmus arcuatus
  but different author         : Lemmermann, 1899
  aquo                         : (E.J. Lemmermann 1898) E.J. Lemmermann 1899
Already in TaxonWoRMS : Scenedesmus bernardii
  but different author         : G.M. Smith, 1916
  aquo                         : G.M. Smith 1916
  but different status         : unaccepted
  aquo                         : accepted
Already in TaxonWoRMS : Scenedesmus ecornis
  but different author         : (Ehrenberg) Chodat
  aquo                         : (C.G. Ehrenberg 1834 ex J. Ralfs 1845) R.H. Chodat 1926
Already in TaxonWoRMS : Scenedesmus ellipticus
  but different author         : Corda, 1835
  aquo                         : A.K.J. Corda 1835
Already in TaxonWoRMS : Scenedesmus granulatus
  but different author         : W. West & G.S. West, 1897
  aquo                         : W. West et G.S. West 1897
Already in TaxonWoRMS : Scenedesmus magnus
  but different author         : Meyen, 1829
  aquo                         : F.J.F. Meyen 1829
Already in TaxonWoRMS : Scenedesmus obliquus
  but different author         : (Turpin) Kn++tzing, 1833
  aquo                         : (P.J.F. Turpin 1828) F.T. Kützing 1834 ('1833')
Already in TaxonWoRMS : Kirchneriella lunaris
  but different author         : (Kirchner) K. Mn++bius, 1894
  aquo                         : (E.O.O. Von Kirchner 1878) M. Möbius 1894
  but different Family         : Ankistrodesmaceae
  aquo                         : Selenastraceae
Already in TaxonWoRMS : Kirchneriella obesa
  but different author         : (G.S. West) Schmidle, 1893
  aquo                         : (W. West 1892) W. West et G.S. West 1894
  but different status         : accepted
  aquo                         : temporary name
  but different Family         : Ankistrodesmaceae
  aquo                         : Selenastraceae
Already in TaxonWoRMS : Monoraphidium arcuatum
  but different author         : (Korshikov) Hindn++k, 1970
  aquo                         : (O.A. Korshikov 1953) F. Hindák 1970
  but different Family         : Ankistrodesmaceae
  aquo                         : Selenastraceae
Already in TaxonWoRMS : Monoraphidium contortum
  but different author         : (Thuret) Komn++rkovn++-Legnerovn++, 1969
  aquo                         : (G.A. Thuret ex L.A. De Brébisson 1856) J. Komárková-Legnerová 1969
  but different Family         : Ankistrodesmaceae
  aquo                         : Selenastraceae
Already in TaxonWoRMS : Monoraphidium convolutum
  but different author         : (Corda) Komn++rkovn++-Legnerovn++, 1969
  aquo                         : (A.K.J. Corda 1838) J. Komárková-Legnerová 1969
  but different Family         : Ankistrodesmaceae
  aquo                         : Selenastraceae
Already in TaxonWoRMS : Monoraphidium griffithii
  but different author         : (Berkeley) Komn++rkovn++-Legnerovn++, 1969
  aquo                         : (M.J. Berkeley 1854) J. Komárková-Legnerová 1969
  but different Family         : Ankistrodesmaceae
  aquo                         : Selenastraceae
Already in TaxonWoRMS : Monoraphidium irregulare
  but different author         : (G.M.Smith) Komn++rkovn++-Legnerovn++
  aquo                         : (G.M. Smith 1922) J. Komárková-Legnerová 1969
  but different Family         : Ankistrodesmaceae
  aquo                         : Selenastraceae
Already in TaxonWoRMS : Monoraphidium komarkovae
  but different author         : Nygaard, 1979
  aquo                         : G. Nygaard 1978 (ICBN: nom. inval.)
  but different Family         : Ankistrodesmaceae
  aquo                         : Selenastraceae
Already in TaxonWoRMS : Monoraphidium minutum
  but different author         : (Nn++geli) Komn++rkovn++-legnerovn++, 1969
  aquo                         : (C.W. Nägeli 1849) J. Komárková-Legnerová 1969
  but different Family         : Ankistrodesmaceae
  aquo                         : Selenastraceae
Already in TaxonWoRMS : Monoraphidium tortile
  but different author         : (West & West) Komn++rkovn++-Legnerovn++, 1969
  aquo                         : (W. West et G.S. West 1912) J. Komárková-Legnerová 1969
  but different Family         : Ankistrodesmaceae
  aquo                         : Selenastraceae
Already in TaxonWoRMS : Quadrigula closterioides
  but different author         : (Bohlin) Printz, 1915
  aquo                         : (K.H. Bohlin 1897) K.H.O. Printz 1916 (?1915?)
  but different status         : accepted
  aquo                         : temporary name
  but different Family         : Ankistrodesmaceae
  aquo                         : Selenastraceae
Already in TaxonWoRMS : Brachiomonas submarina
  but different author         : NULL
  aquo                         : K.H. Bohlin 1898 ("1897")
Already in TaxonWoRMS : Golenkinia radiata
  but different author         : Chodat, 1894
  aquo                         : R.H. Chodat 1894
  but different status         : accepted
  aquo                         : temporary name
  but different Order          : Chlorococcales
  aquo                         : Volvocales
Already in TaxonWoRMS : Tetrabaena socialis
  but different author         : (Dujardin) H.Nozaki & M.Itoh, 1994
  aquo                         : (F. Dujardin 1841) H. Nozaki et M. Itoh 1994
Already in TaxonWoRMS : Treubaria crassispina
  but different author         : Smith, 1926
  aquo                         : G.M. Smith 1926
  but different Order          : Chlorococcales
  aquo                         : Volvocales
Already in TaxonWoRMS : Treubaria planctonica
  but different author         : (Smith) Korshikov
  aquo                         : (G.M. Smith 1922) O.A. Korshikov 1953 ex B. Fott & L. Kovácik 1975
  but different Order          : Chlorococcales
  aquo                         : Volvocales
Already in TaxonWoRMS : Treubaria triappendiculata
  but different author         : Bernard, 1908
  aquo                         : C.J. Bernard 1908
  but different Order          : Chlorococcales
  aquo                         : Volvocales
Already in TaxonWoRMS : Eudorina elegans
  but different author         : Ehrenberg, 1832
  aquo                         : C.G. Ehrenberg 1832 ("1831")
Already in TaxonWoRMS : Crucigenia lauterbornii
  but different author         : (Schmidle) Schmidle 1900
  aquo                         : (W. Schmidle 1896) W. Schmidle 1900
  but different Class          : Trebouxiophyceae
  aquo                         : Chlorophyta incertae sedis
  but different Order          : NULL
  aquo                         : 
  but different Family         : NULL
  aquo                         : 
Already in TaxonWoRMS : Crucigenia quadrata
  but different author         : Morren, 1830
  aquo                         : C.F.A. Morren 1830
  but different Class          : Trebouxiophyceae
  aquo                         : Chlorophyta incertae sedis
  but different Order          : NULL
  aquo                         : 
  but different Family         : NULL
  aquo                         : 
Already in TaxonWoRMS : Palmodictyon varium
  but different author         : (Nn++geli) Lemmermann, 1915
  aquo                         : (C.W. Nägeli 1849) E.J. Lemmermann 1915*
  but different Class          : Chlorophyceae
  aquo                         : Chlorophyta incertae sedis
  but different Order          : Chlorococcales
  aquo                         : 
  but different Family         : Radiococcaceae
  aquo                         : 
Already in TaxonWoRMS : Palmodictyon viride
  but different author         : Kn++tzing, 1845
  aquo                         : F.T. Kützing 1845
  but different Class          : Chlorophyceae
  aquo                         : Chlorophyta incertae sedis
  but different Order          : Chlorococcales
  aquo                         : 
  but different Family         : Radiococcaceae
  aquo                         : 
Already in TaxonWoRMS : Pseudoscourfieldia marina
  but different author         : (J.Throndsen) I.Manton, 1975
  aquo                         : (J. Throndsen 1969) I. Manton 1975
  but different Class          : Prasinophyceae
  aquo                         : Chlorophyta incertae sedis
Already in TaxonWoRMS : Pseudotetrastrum punctatum
  but different author         : Hindn++k, 1977
  aquo                         : (W. Schmidle 1900) F. Hindák 1977
  but different Class          : Chlorophyceae
  aquo                         : Chlorophyta incertae sedis
  but different Order          : Sphaeropleales
  aquo                         : Pseudoscourfieldiales
  but different Family         : Scenedesmaceae
  aquo                         : Pycnococcaceae
Already in TaxonWoRMS : Pyramimonas amylifera
  but different author         : Conrad, 1939
  aquo                         : W. Conrad 1939 ('Pyramidomonas')
  but different Class          : Prasinophyceae
  aquo                         : Chlorophyta incertae sedis
  but different Family         : Pyramimonadaceae
  aquo                         : Halosphaeraceae
Already in TaxonWoRMS : Pyramimonas disomata
  but different author         : Butcher ex McFadden, Hill & Wetherbee, 1986
  aquo                         : R.W. Butcher 1959 ex McFadden, D.R.A. Hill et R. Wetherbee 1986
  but different Class          : Prasinophyceae
  aquo                         : Chlorophyta incertae sedis
  but different Family         : Pyramimonadaceae
  aquo                         : Halosphaeraceae
Already in TaxonWoRMS : Pyramimonas grossii
  but different author         : Parke, 1949
  aquo                         : M. Parke 1949
  but different Class          : Prasinophyceae
  aquo                         : Chlorophyta incertae sedis
  but different Family         : Pyramimonadaceae
  aquo                         : Halosphaeraceae
Already in TaxonWoRMS : Pyramimonas longicauda
  but different author         : L.Van Meel, 1969
  aquo                         : L. Van Meel 1969
  but different Class          : Prasinophyceae
  aquo                         : Chlorophyta incertae sedis
  but different Family         : Pyramimonadaceae
  aquo                         : Halosphaeraceae
Already in TaxonWoRMS : Pyramimonas tetrarhynchus
  but different author         : Schmarda, 1850
  aquo                         : L.K. Schmarda 1849
  but different Class          : Prasinophyceae
  aquo                         : Chlorophyta incertae sedis
  but different Family         : Pyramimonadaceae
  aquo                         : Halosphaeraceae
Already in TaxonWoRMS : Pterosperma polygonum
  but different author         : NULL
  aquo                         : C.E.H. Ostenfeld in C.E.H. Ostenfeld et E.J. Schmidt 1901
  but different Class          : Prasinophyceae
  aquo                         : Chlorophyta incertae sedis
  but different Family         : Pyramimonadaceae
  aquo                         : Pterospermataceae
Already in TaxonWoRMS : Pterosperma vanhoeffenii
  but different author         : (Jn++rgensen) Ostenfeld, 1899
  aquo                         : (E.H. Jørgensen 1899) C.H. Ostenfeld 1901
  but different Class          : Prasinophyceae
  aquo                         : Chlorophyta incertae sedis
  but different Family         : Pyramimonadaceae
  aquo                         : Pterospermataceae
Already in TaxonWoRMS : Tetrastrum staurogeniaeforme
  but different author         : (Schroeder) Lemmerman, 1900
  aquo                         : (J.L.B. Schröder 1897) E.J. Lemmermann 1900
  but different Class          : Chlorophyceae
  aquo                         : Chlorophyta incertae sedis
  but different Order          : Sphaeropleales
  aquo                         : Scourfieldiales
  but different Family         : Scenedesmaceae
  aquo                         : Scourfieldiaceae
Already in TaxonWoRMS : Tetrastrum triacanthum
  but different author         : Korshikov
  aquo                         : O.A. Korshikov 1939
  but different Class          : Chlorophyceae
  aquo                         : Chlorophyta incertae sedis
  but different Order          : Sphaeropleales
  aquo                         : Scourfieldiales
  but different Family         : Scenedesmaceae
  aquo                         : Scourfieldiaceae
Already in TaxonWoRMS : Tetrastrum triangulare
  but different author         : (Chodat) Komn++rek, 1974
  aquo                         : (R.H. Chodat 1900) J. Komárek 1974
  but different Class          : Chlorophyceae
  aquo                         : Chlorophyta incertae sedis
  but different Order          : Sphaeropleales
  aquo                         : Scourfieldiales
  but different Family         : Scenedesmaceae
  aquo                         : Scourfieldiaceae
Already in TaxonWoRMS : Chaetomorpha linum
  but different author         : (O.F.Mn++ller) Kn++tzing, 1845
  aquo                         : (O.F. Müller) F.T. Kützing 1845
  but different Class          : Ulvophyceae
  aquo                         : Cladophorophyceae
Already in TaxonWoRMS : Cladophora fracta
  but different author         : (O.F.Mn++ller ex Vahl) Kn++tzing, 1843
  aquo                         : (O.F. Müller ex M. Vahl) F.T. Kützing 1843
  but different Class          : Ulvophyceae
  aquo                         : Cladophorophyceae
Already in TaxonWoRMS : Rhizoclonium riparium
  but different author         : (Roth) Harvey, 1849
  aquo                         : (A.W. Roth) W.H. Harvey 1849
  but different Class          : Ulvophyceae
  aquo                         : Cladophorophyceae
Already in TaxonWoRMS : Micromonas pusilla
  but different author         : (Butcher) I.Manton & M.Parke, 1960
  aquo                         : (R.W. Butcher 1952) I. Manton et M. Parke 1960
Already in TaxonWoRMS : Nephroselmis discoidea
  but different author         : Skuja, 1948
  aquo                         : H.L. Skuja 1948
Already in TaxonWoRMS : Nephroselmis olivacea
  but different author         : F.Stein, 1878
  aquo                         : S.F.N. Stein 1878
Already in TaxonWoRMS : Pedinomonas minutissima
  but different author         : Skuja, 1956
  aquo                         : H.L. Skuja 1956
Already in TaxonWoRMS : Actinastrum hantzschii
  but different author         : Lagerheim, 1882
  aquo                         : N.G. Von Lagerheim 1882
  but different status         : accepted
  aquo                         : temporary name
Already in TaxonWoRMS : Closteriopsis acicularis
  but different author         : (Chodat) Belcher & Swale, 1962
  aquo                         : (G.M. Smith 1926) J.H. Belcher et E.M.F. Swale 1962
Already in TaxonWoRMS : Dictyosphaerium ehrenbergianum
  but different author         : Nn++geli, 1849
  aquo                         : C.W. Nägeli 1849
  but different status         : accepted
  aquo                         : temporary name
Already in TaxonWoRMS : Dictyosphaerium pulchellum
  but different author         : H.C. Wood, 1873
  aquo                         : H.C. Wood Jr. 1872
  but different status         : accepted
  aquo                         : temporary name
Already in TaxonWoRMS : Dictyosphaerium subsolitarium
  but different author         : Van Goor, 1924
  aquo                         : A.C.J. van Goor 1924
  but different status         : accepted
  aquo                         : temporary name
Already in TaxonWoRMS : Dictyosphaerium granulatum
  but different author         : Hindn++k, 1977
  aquo                         : F. Hindák 1977
Already in TaxonWoRMS : Hegewaldia parvula
  but different author         : (Woronichin) Proschold, Bock, Luo & L Krienitz, 2010
  aquo                         : (N.N. Woronichin 1929) T. Pröschold, C. Bock, W. Luo et L. Krienitz 2010
Already in TaxonWoRMS : Koliella spiralis
  but different author         : NULL
  aquo                         : H. Kuosa 1988
  but different Family         : Koliellaceae
  aquo                         : Chlorellaceae
Already in TaxonWoRMS : Micractinium pusillum
  but different author         : Fresenius, 1858
  aquo                         : J.B.G.W. Fresenius 1858
Already in TaxonWoRMS : Crucigeniella apiculata
  but different author         : (Lemmermann) Komn++rek, 1974
  aquo                         : (E.J. Lemmermann 1898) J. Komárek 1974
  but different Order          : NULL
  aquo                         : Chlorellales
  but different Family         : NULL
  aquo                         : Oocystaceae
Already in TaxonWoRMS : Crucigeniella rectangularis
  but different author         : (Nn++geli) Komn++rek, 1974
  aquo                         : ([C.W. Nägeli] ex A.K.H. Braun 1855) J. Komárek 1974
  but different Order          : NULL
  aquo                         : Chlorellales
  but different Family         : NULL
  aquo                         : Oocystaceae
Already in TaxonWoRMS : Lagerheimia citriformis
  but different author         : (Snow) Collins, 1909
  aquo                         : (J.W. Snow 1902) S.F. Collins 1918
  but different Order          : Oocystales
  aquo                         : Chlorellales
Already in TaxonWoRMS : Lagerheimia genevensis
  but different author         : (Chodat) Chodat, 1895
  aquo                         : (R.H. Chodat 1894) R.H. Chodat 1895
  but different Order          : Oocystales
  aquo                         : Chlorellales
Already in TaxonWoRMS : Lagerheimia longiseta
  but different author         : (Lemmermann) Printz, 1914
  aquo                         : (E.J. Lemmermann 1898) J.N.F. Wille 1909
  but different Order          : Oocystales
  aquo                         : Chlorellales
Already in TaxonWoRMS : Lagerheimia quadriseta
  but different author         : (Lemmermann) G.M. Smith
  aquo                         : (E.J. Lemmermann 1898) G.M. Smith 1926
  but different status         : unaccepted
  aquo                         : accepted
  but different Order          : Oocystales
  aquo                         : Chlorellales
Already in TaxonWoRMS : Lagerheimia subsalsa
  but different author         : Lemmermann, 1898
  aquo                         : E.J. Lemmermann 1898
  but different Order          : Oocystales
  aquo                         : Chlorellales
Already in TaxonWoRMS : Oocystis borgei
  but different author         : J. Snow, 1903
  aquo                         : J.W. Snow 1903
  but different Order          : Oocystales
  aquo                         : Chlorellales
Already in TaxonWoRMS : Oocystis lacustris
  but different author         : Chodat, 1897
  aquo                         : R.H. Chodat 1897
  but different Order          : Oocystales
  aquo                         : Chlorellales
Already in TaxonWoRMS : Oocystis parva
  but different author         : W. West & G.S. West, 1898
  aquo                         : W. West et G.S. West 1898
  but different Order          : Oocystales
  aquo                         : Chlorellales
Already in TaxonWoRMS : Oocystis solitaria
  but different author         : Wittrock in Wittrock & Nordstedt, 1879
  aquo                         : V.B. Wittrock in V.B. Wittrock et C.F.O. Nordstedt 1879
  but different Order          : Oocystales
  aquo                         : Chlorellales
Already in TaxonWoRMS : Oocystis submarina
  but different author         : Lagerheim
  aquo                         : N.G. Von Lagerheim 1886
  but different Order          : Oocystales
  aquo                         : Chlorellales
Already in TaxonWoRMS : Siderocystopsis punctifera
  but different author         : (Bolochonzew) Hegewald & Schnepf, 1984
  aquo                         : (E.N. Bolonchonzew 1903) E.H. Hegewald et E. Schnepf 1984
  but different Kingdom        : Bacteria
  aquo                         : Plantae
  but different Phylum         : Cyanobacteria
  aquo                         : Chlorophyta
  but different Class          : Cyanophyceae
  aquo                         : Trebouxiophyceae
  but different Order          : Chroococcales
  aquo                         : Chlorellales
  but different Family         : Chroococcales incertae sedis
  aquo                         : Oocystaceae
Already in TaxonWoRMS : Microthamnion kuetzingianum
  but different author         : Nn++geli, 1849
  aquo                         : C.W. Nägeli ex F.T. Kützing 1849
  but different Class          : Pleurastrophyceae
  aquo                         : Trebouxiophyceae
  but different Order          : Pleurastrales
  aquo                         : Microthamniales
  but different Family         : Pleurastraceae
  aquo                         : Microthamniaceae
Already in TaxonWoRMS : Microthamnion strictissimum
  but different author         : Rabenhorst, 1859
  aquo                         : G.L. Rabenhorst 1863
  but different status         : unaccepted
  aquo                         : accepted
  but different Class          : Pleurastrophyceae
  aquo                         : Trebouxiophyceae
  but different Order          : Pleurastrales
  aquo                         : Microthamniales
  but different Family         : Pleurastraceae
  aquo                         : Microthamniaceae
Already in TaxonWoRMS : Enteromorpha intestinalis
  but different author         : (Linnaeus) Nees, 1820
  aquo                         : (C. Linnaeus) C.G.D. Nees von Esenbeck 1820
  but different status         : unaccepted
  aquo                         : accepted
  but different Order          : Ulvales
  aquo                         : Ulotrichales
Already in TaxonWoRMS : Enteromorpha prolifera
  but different author         : (O.F. Mn++ller) J. Agardh, 1883
  aquo                         : (O.F. Müller) J. Agardh 1883
  but different status         : unaccepted
  aquo                         : accepted
  but different Order          : Ulvales
  aquo                         : Ulotrichales
Already in TaxonWoRMS : Calliergon giganteum
  but different author         : (Schimp.) Kindb.
  aquo                         : (W.P. Schimper) N.C. Kindberg 1894
  but different Phylum         : Magnoliophyta
  aquo                         : Streptophyta
  but different Class          : Equisetopsida
  aquo                         : Bryopsida
  but different Family         : Amblystegiaceae
  aquo                         : Calliergonaceae
Already in TaxonWoRMS : Fontinalis antipyretica
  but different author         : Hedw.
  aquo                         : J. Hedwig 1801
  but different Phylum         : Magnoliophyta
  aquo                         : Streptophyta
  but different Class          : Equisetopsida
  aquo                         : Bryopsida
  but different Order          : Isobryales
  aquo                         : Hypnales
Already in TaxonWoRMS : Chara aspera
  but different author         : Detharding ex Willdenow, 1809
  aquo                         : G.G. Detharding ex C.L. Von Willdenow 1809
Already in TaxonWoRMS : Chara connivens
  but different author         : Salzmann ex A.Braun, 1835
  aquo                         : P. Salzmann ex A.C.H. Braun 1835
Already in TaxonWoRMS : Chara globularis
  but different author         : Thuiller, 1799
  aquo                         : J.L. Thuillier 1799
Already in TaxonWoRMS : Chara virgata
  but different author         : Kn++tzing, 1834
  aquo                         : F.T. Kützing 1834
Already in TaxonWoRMS : Nitella hyalina
  but different author         : (De Candolle) C.Agardh, 1824
  aquo                         : (A.P. De Candolle in J.B.A.P. de M. De Lamarck et A.P. De Candolle) C.A. Agardh 1824
Already in TaxonWoRMS : Nitella opaca
  but different author         : (C.Agardh ex Bruzelius) C.Agardh, 1824
  aquo                         : (A.S.B. Bruzelius) C.A. Agardh 1824
Already in TaxonWoRMS : Nitellopsis obtusa
  but different author         : (A.N.Desvaux) J.Groves, 1919
  aquo                         : (N.A. Desvaux in J.L.A. Loiseleur-Deslongchamps) J. Groves 1919
Already in TaxonWoRMS : Tolypella glomerata
  but different author         : (Desvaux) Leonhardi, 1863
  aquo                         : (N.A. Desvaux in J.L.A. Loiseleur-Deslongchamps) H. Von Leonhardi 1863
Already in TaxonWoRMS : Tolypella intricata
  but different author         : (Trentepohl ex Roth) H.von Leonhardi, 1863
  aquo                         : (J.F. Trentepohl ex A.W. Roth) H. Von Leonhardi 1863
Already in TaxonWoRMS : Tolypella prolifera
  but different author         : (Ziz ex A.Braun) Leonhardi, 1863
  aquo                         : (J.B. Ziz ex A.C.H. Braun) H. Von Leonhardi 1863
Already in TaxonWoRMS : Ruppia cirrhosa
  but different author         : (Petagna) Grande
  aquo                         : (V. Petagna) L. Grande 1918
  but different Phylum         : Magnoliophyta
  aquo                         : Streptophyta
  but different Class          : Equisetopsida
  aquo                         : Spermatopsida
  but different Family         : Ruppiaceae
  aquo                         : Potamogetonaceae
Already in TaxonWoRMS : Ruppia maritima
  but different author         : Linnaeus
  aquo                         : C. Linnaeus 1753
  but different Phylum         : Magnoliophyta
  aquo                         : Streptophyta
  but different Class          : Equisetopsida
  aquo                         : Spermatopsida
  but different Family         : Ruppiaceae
  aquo                         : Potamogetonaceae
Already in TaxonWoRMS : Zostera marina
  but different author         : Linnaeus, 1753
  aquo                         : C. Linnaeus 1753
  but different Phylum         : Magnoliophyta
  aquo                         : Streptophyta
  but different Class          : Equisetopsida
  aquo                         : Spermatopsida
Already in TaxonWoRMS : Armeria maritima
  but different author         : Mill.
  aquo                         : C.L. Von Willdenow 1809
  but different Phylum         : Magnoliophyta
  aquo                         : Streptophyta
  but different Class          : Equisetopsida
  aquo                         : Spermatopsida
Already in TaxonWoRMS : Limonium vulgare
  but different author         : Mill.
  aquo                         : P. Miller 1768
  but different Phylum         : Magnoliophyta
  aquo                         : Streptophyta
  but different Class          : Equisetopsida
  aquo                         : Spermatopsida
Already in TaxonWoRMS : Spartina anglica
  but different author         : C.E. Hubbard
  aquo                         : C.E. Hubbard 1978
  but different status         : unaccepted
  aquo                         : accepted
  but different Phylum         : Magnoliophyta
  aquo                         : Streptophyta
  but different Class          : Equisetopsida
  aquo                         : Spermatopsida
Already in TaxonWoRMS : Spartina maritima
  but different author         : (Curt.) Fernald
  aquo                         : (W. Curtis) M.L. Fernald 1916
  but different Phylum         : Magnoliophyta
  aquo                         : Streptophyta
  but different Class          : Equisetopsida
  aquo                         : Spermatopsida
Already in TaxonWoRMS : Closterium acutum
  but different author         : (Lyngb.) Brn++bisson in Ralfs, 1848
  aquo                         : L.A. De Brébisson [1845] ex J. Ralfs 1848
  but different Order          : Zygnematales
  aquo                         : Desmidiales
Already in TaxonWoRMS : Closterium ehrenbergii
  but different author         : Meneghini ex Ralfs, 1848
  aquo                         : G.G.A. Meneghini 1840 ex J. Ralfs 1848
  but different status         : accepted
  aquo                         : temporary name
  but different Order          : Zygnematales
  aquo                         : Desmidiales
Already in TaxonWoRMS : Closterium kuetzingii
  but different author         : Brn++bisson, 1856
  aquo                         : L.A. De Brébisson 1856
  but different Order          : Zygnematales
  aquo                         : Desmidiales
Already in TaxonWoRMS : Closterium parvulum
  but different author         : Nn++geli, 1849
  aquo                         : C.W. Nägeli 1849
  but different Order          : Zygnematales
  aquo                         : Desmidiales
Already in TaxonWoRMS : Cosmarium crenulatum
  but different author         : Nn++geli, 1849
  aquo                         : sensu P.F.M. Coesel 1991
  but different status         : accepted
  aquo                         : temporary name
  but different Order          : Zygnematales
  aquo                         : Desmidiales
Already in TaxonWoRMS : Staurastrum paradoxum
  but different author         : Meyen ex Ralfs, 1848
  aquo                         : F.J.F. Meyen 1829 ex J. Ralfs 1848
  but different Order          : Zygnematales
  aquo                         : Desmidiales
Already in TaxonWoRMS : Staurodesmus cuspidatus
  but different author         : (Brn++bisson) Teiling, 1967
  aquo                         : ([L.A. De Brébisson in C.L. Chevalier 1839] ex J. Ralfs 1848) E.J.S. Teiling 1948
  but different Order          : Zygnematales
  aquo                         : Desmidiales
Already in TaxonWoRMS : Elakatothrix gelatinosa
  but different author         : Wille, 1898
  aquo                         : J.N.F. Wille 1898
  but different Phylum         : Streptophyta
  aquo                         : Viridiplantae incertae sedis
  but different Class          : Klebsormidiophyceae
  aquo                         : 
  but different Order          : Klebsormidiales
  aquo                         : 
  but different Family         : Elakatotrichaceae
  aquo                         : 
Already in TaxonWoRMS : Elakatothrix genevensis
  but different author         : (Reverdin) Hindak
  aquo                         : (L. Reverdin 1919) F. Hindák 1962
  but different Phylum         : Streptophyta
  aquo                         : Viridiplantae incertae sedis
  but different Class          : Klebsormidiophyceae
  aquo                         : 
  but different Order          : Klebsormidiales
  aquo                         : 
  but different Family         : Elakatotrichaceae
  aquo                         : 

Updates from SL2003
  adding from SL2003   : Aceras anthropophorum
  adding from SL2003   : Agrostemma githago
  adding from SL2003   : Ajuga chamaepitys
  adding from SL2003   : Allium carinatum
  adding from SL2003   : Alyssum alyssoides
  adding from SL2003   : Calammophila baltica (x)
  adding from SL2003   : Anacamptis pyramidalis
  conflict with SL2003 : Anagallis arvensis ssp. arvensis
    dutch (SL, Aquo)   : Rood guichelheil Rode guichelheil
  adding from SL2003   : Pulsatilla vulgaris
  adding from SL2003   : Anemone ranunculoides
  adding from SL2003   : Antennaria dioica
  adding from SL2003   : Anthemis cotula
  adding from SL2003   : Anthericum liliago
  adding from SL2003   : Anthoxanthum aristatum
  adding from SL2003   : Anthyllis vulneraria
  adding from SL2003   : Aphanes inexpectata
  adding from SL2003   : Arabis hirsuta ssp. hirsuta
  adding from SL2003   : Arctium tomentosum
  adding from SL2003   : Aristolochia clematitis
  adding from SL2003   : Armeria maritima
  conflict with SL2003 : Armoracia rusticana
    dutch (SL, Aquo)   : Mierik           Mierikswortel
  adding from SL2003   : Arnoseris minima
  adding from SL2003   : Artemisia campestris ssp. campestris
  adding from SL2003   : Artemisia campestris ssp. maritima
  adding from SL2003   : Seriphidium maritimum
  adding from SL2003   : Arum italicum
  adding from SL2003   : Asparagus officinalis ssp. officinalis
  adding from SL2003   : Asparagus officinalis ssp. prostratus
  adding from SL2003   : Asperugo procumbens
  adding from SL2003   : Galium glaucum
  adding from SL2003   : Aster tradescantii
  adding from SL2003   : Aster tripolium
  adding from SL2003   : Astragalus glycyphyllos
  adding from SL2003   : Atropa bella-donna
  adding from SL2003   : Avena fatua
  adding from SL2003   : Azolla mexicana
  adding from SL2003   : Ballota nigra ssp. foetida
  adding from SL2003   : Botrychium lunaria
  adding from SL2003   : Brachypodium pinnatum
  adding from SL2003   : Brachypodium sylvaticum
  adding from SL2003   : Bromopsis ramosa ssp. benekenii
  adding from SL2003   : Bromopsis erecta
  adding from SL2003   : Bromus lepidus
  adding from SL2003   : Bromopsis ramosa ssp. ramosa
  adding from SL2003   : Bromus secalinus
  adding from SL2003   : Anisantha tectorum
  adding from SL2003   : Bunias orientalis
  adding from SL2003   : Bunium bulbocastanum
  adding from SL2003   : Calepina irregularis
  adding from SL2003   : Callitriche hamulata
  adding from SL2003   : Calystegia sepium
  adding from SL2003   : Calystegia soldanella
  adding from SL2003   : Camelina sativa ssp. alyssum
  adding from SL2003   : Campanula glomerata
  adding from SL2003   : Campanula latifolia
  conflict with SL2003 : Capsella bursa-pastoris
    dutch (SL, Aquo)   : Herderstasje     Gewoon herderstasje
  adding from SL2003   : Arabis arenosa
  adding from SL2003   : Carduus tenuiflorus
  adding from SL2003   : Carex digitata
  adding from SL2003   : Carex ericetorum
  adding from SL2003   : Carex ligerica
  adding from SL2003   : Carex muricata
  adding from SL2003   : Carex praecox
  adding from SL2003   : Carex reichenbachii
  adding from SL2003   : Carlina vulgaris
  adding from SL2003   : Catapodium rigidum
  adding from SL2003   : Centaurea calcitrapa
  adding from SL2003   : Anagallis minima
  adding from SL2003   : Cephalanthera damasonium
  adding from SL2003   : Cephalanthera longifolia
  adding from SL2003   : Cephalanthera rubra
  adding from SL2003   : Cerastium diffusum
  adding from SL2003   : Cerastium brachypetalum
  adding from SL2003   : Cerastium pumilum
  adding from SL2003   : Ceterach officinarum
  adding from SL2003   : Chenopodium chenopodioides
  adding from SL2003   : Chenopodium foliosum
  adding from SL2003   : Chenopodium hybridum
  adding from SL2003   : Chenopodium vulvaria
  adding from SL2003   : Tanacetum parthenium
  adding from SL2003   : Chrysanthemum segetum
  adding from SL2003   : Circaea intermedia (x)
  adding from SL2003   : Cirsium acaule
  adding from SL2003   : Cirsium eriophorum
  adding from SL2003   : Claytonia perfoliata
  adding from SL2003   : Coeloglossum viride
  adding from SL2003   : Potentilla palustris
  adding from SL2003   : Corallorhiza trifida
  adding from SL2003   : Corispermum intermedium
  adding from SL2003   : Corispermum marschallii
  adding from SL2003   : Cornus suecica
  adding from SL2003   : Corrigiola litoralis
  adding from SL2003   : Corydalis cava
  adding from SL2003   : Crepis tectorum
  adding from SL2003   : Cucubalus baccifer
  adding from SL2003   : Cuscuta epilinum
  adding from SL2003   : Cuscuta epithymum
  adding from SL2003   : Vincetoxicum hirundinaria
  adding from SL2003   : Dactylis polygama
  adding from SL2003   : Daphne mezereum
  adding from SL2003   : Spergularia segetalis
  adding from SL2003   : Consolida regalis
  adding from SL2003   : Descurainia sophia
  adding from SL2003   : Dianthus armeria
  adding from SL2003   : Dianthus carthusianorum
  adding from SL2003   : Digitaria sanguinalis
  adding from SL2003   : Doronicum plantagineum
  adding from SL2003   : Draba muralis
  adding from SL2003   : Drosera longifolia
  adding from SL2003   : Gymnocarpium dryopteris
  adding from SL2003   : Echinodorus ranunculoides
  adding from SL2003   : Echinodorus repens
  adding from SL2003   : Eleocharis palustris
  adding from SL2003   : Leymus arenarius
  adding from SL2003   : Epipactis atrorubens
  update from SL2003   : Epipactis helleborine
    dutch name         : Brede wespenorchis
  adding from SL2003   : Equisetum hyemale
  adding from SL2003   : Equisetum litorale (x)
  adding from SL2003   : Equisetum ramosissimum
  conflict with SL2003 : Equisetum sylvaticum
    dutch (SL, Aquo)   : Bospaardenstaart Bospaardestaart
  conflict with SL2003 : Equisetum telmateia
    dutch (SL, Aquo)   : Reuzenpaardenstaart            Reuzenpaardestaart
  adding from SL2003   : Equisetum trachyodon (x)
  adding from SL2003   : Erica cinerea
  adding from SL2003   : Erysimum hieracifolium
  conflict with SL2003 : Eupatorium cannabinum
    dutch (SL, Aquo)   : Koninginnenkruid Koninginnekruid
  adding from SL2003   : Euphorbia cyparissias
  adding from SL2003   : Euphorbia exigua
  adding from SL2003   : Euphorbia paralias
  adding from SL2003   : Euphorbia peplus
  adding from SL2003   : Euphorbia platyphyllos
  adding from SL2003   : Euphorbia seguieriana
  adding from SL2003   : Euphorbia stricta
  adding from SL2003   : Euphrasia rostkoviana
  adding from SL2003   : Filago arvensis
  adding from SL2003   : Filago vulgaris
  adding from SL2003   : Filago pyramidata
  adding from SL2003   : Fragaria moschata
  conflict with SL2003 : Fumaria officinalis
    dutch (SL, Aquo)   : Gewone duivenkervel            Gewone duivekervel
  adding from SL2003   : Gagea lutea
  adding from SL2003   : Gagea pratensis
  adding from SL2003   : Gagea villosa
  adding from SL2003   : Galeopsis angustifolia
  adding from SL2003   : Galium pumilum
  adding from SL2003   : Galium sylvaticum
  adding from SL2003   : Galium tricornutum
  adding from SL2003   : Genista germanica
  adding from SL2003   : Genista tinctoria
  adding from SL2003   : Gentianella campestris
  adding from SL2003   : Gentianella ciliata
  adding from SL2003   : Gentiana cruciata
  adding from SL2003   : Gentianella germanica
  adding from SL2003   : Geranium phaeum
  adding from SL2003   : Glaucium flavum
  adding from SL2003   : Gnaphalium sylvaticum
  adding from SL2003   : Goodyera repens
  adding from SL2003   : Helictotrichon pratense
  adding from SL2003   : Helictotrichon pubescens
  adding from SL2003   : Helleborus viridis ssp. occidentalis
  adding from SL2003   : Himantoglossum hircinum
  adding from SL2003   : Hippocrepis comosa
  adding from SL2003   : Holosteum umbellatum
  adding from SL2003   : Hypericum dubium
  adding from SL2003   : Hypericum montanum
  adding from SL2003   : Hypochaeris glabra
  adding from SL2003   : Hypochaeris maculata
  adding from SL2003   : Inula salicina
  adding from SL2003   : Juncus alpinoarticulatus ssp. atricapillus
  adding from SL2003   : Juncus alpinoarticulatus ssp. alpinoarticulatus
  conflict with SL2003 : Juniperus communis
    dutch (SL, Aquo)   : Jeneverbes       Juniperus
  adding from SL2003   : Koeleria pyramidata
  adding from SL2003   : Petrorhagia prolifera
  adding from SL2003   : Lactuca saligna
  adding from SL2003   : Lamiastrum galeobdolon s. str.
  adding from SL2003   : Lamium maculatum s. str.
  adding from SL2003   : Lamium confertum
  adding from SL2003   : Lamium purpureum
  adding from SL2003   : Lathyrus aphaca
  adding from SL2003   : Lathyrus linifolius
  adding from SL2003   : Lathyrus niger
  adding from SL2003   : Lathyrus sylvestris
  adding from SL2003   : Legousia hybrida
  adding from SL2003   : Legousia speculum-veneris
  adding from SL2003   : Leonurus cardiaca
  adding from SL2003   : Lepidium graminifolium
  adding from SL2003   : Lepidium latifolium
  adding from SL2003   : Lilium bulbiferum ssp. croceum
  adding from SL2003   : Limonium vulgare
  adding from SL2003   : Linaria arvensis
  adding from SL2003   : Linnaea borealis
  adding from SL2003   : Listera cordata
  adding from SL2003   : Listera ovata
  adding from SL2003   : Lithospermum arvense
  adding from SL2003   : Lolium remotum
  adding from SL2003   : Lolium temulentum
  adding from SL2003   : Lotus corniculatus var. corniculatus
  adding from SL2003   : Luzula luzuloides
  adding from SL2003   : Lychnis flos-cuculi
  adding from SL2003   : Lycium barbarum
  adding from SL2003   : Lycopodium annotinum
  adding from SL2003   : Lycopodium clavatum
  adding from SL2003   : Diphasiastrum tristachyum
  adding from SL2003   : Malva pusilla
  adding from SL2003   : Marrubium vulgare
  adding from SL2003   : Matricaria recutita
  adding from SL2003   : Medicago minima
  adding from SL2003   : Medicago varia (x)
  adding from SL2003   : Melampyrum arvense
  adding from SL2003   : Mentha verticillata (x)
  adding from SL2003   : Mespilus germanica
  adding from SL2003   : Mibora minima
  adding from SL2003   : Milium effusum
  adding from SL2003   : Milium vernale
  adding from SL2003   : Minuartia hybrida
  adding from SL2003   : Moenchia erecta
  adding from SL2003   : Moneses uniflora
  adding from SL2003   : Monotropa hypopitys
  adding from SL2003   : Montia fontana ssp. chondrosperma
  adding from SL2003   : Muscari comosum
  update from SL2003   : Myosotis scorpioides
    dutch name         : Moerasvergeet-mij-nietje
  adding from SL2003   : Myosotis stricta
  adding from SL2003   : Stellaria aquatica
  conflict with SL2003 : Myosurus minimus
    dutch (SL, Aquo)   : Muizenstaart     Muizestaart
  adding from SL2003   : Myrrhis odorata
  conflict with SL2003 : Narcissus pseudonarcissus ssp. pseudonarcissus
    dutch (SL, Aquo)   : Wilde narcis     Wilde narcis s.s.
  adding from SL2003   : Nardus stricta
  adding from SL2003   : Rorippa microphylla
  adding from SL2003   : Rorippa nasturtium-aquaticum
  adding from SL2003   : Neottia nidus-avis
  adding from SL2003   : Nepeta cataria
  adding from SL2003   : Nicandra physalodes
  adding from SL2003   : Oenothera erythrosepala
  adding from SL2003   : Oenothera parviflora
  adding from SL2003   : Onobrychis viciifolia
  adding from SL2003   : Ophrys insectifera
  adding from SL2003   : Orchis coriophora
  adding from SL2003   : Dactylorhiza fuchsii
  update from SL2003   : Dactylorhiza maculata
    dutch name         : Gevlekte orchis
  adding from SL2003   : Orchis mascula
  adding from SL2003   : Orchis militaris
  adding from SL2003   : Orchis morio
  adding from SL2003   : Orchis purpurea
  adding from SL2003   : Orchis simia
  adding from SL2003   : Orchis ustulata
  adding from SL2003   : Ornithogalum nutans
  adding from SL2003   : Orobanche lutea
  adding from SL2003   : Orobanche picridis
  adding from SL2003   : Orobanche purpurea
  adding from SL2003   : Orobanche ramosa
  adding from SL2003   : Orobanche reticulata
  adding from SL2003   : Orobanche caryophyllacea
  adding from SL2003   : Oxalis corniculata
  adding from SL2003   : Oxalis fontana
  adding from SL2003   : Oxycoccus macrocarpos
  adding from SL2003   : Oxycoccus palustris
  adding from SL2003   : Parietaria officinalis
  adding from SL2003   : Petroselinum segetum
  adding from SL2003   : Phleum arenarium
  adding from SL2003   : Phyteuma spicatum ssp. spicatum
  conflict with SL2003 : Plantago major ssp. major
    dutch (SL, Aquo)   : Grote weegbree   Grote weegbree s.s.
  adding from SL2003   : Platanthera chlorantha
  adding from SL2003   : Poa bulbosa
  adding from SL2003   : Poa chaixii
  adding from SL2003   : Poa pratensis
  adding from SL2003   : Fallopia dumetorum
  adding from SL2003   : Polystichum aculeatum
  adding from SL2003   : Populus canescens (x)
  adding from SL2003   : Portulaca oleracea
  adding from SL2003   : Potamogeton zizii (x)
  adding from SL2003   : Potentilla intermedia
  adding from SL2003   : Potentilla verna
  adding from SL2003   : Pulmonaria montana
  adding from SL2003   : Pyrola minor
  adding from SL2003   : Pyrus communis
  adding from SL2003   : Orthilia secunda
  adding from SL2003   : Ranunculus ficaria ssp. bulbilifer
  adding from SL2003   : Ranunculus omiophyllus
  adding from SL2003   : Rhinanthus alectorolophus
  adding from SL2003   : Rosa arvensis
  adding from SL2003   : Rosa pimpinellifolia
  adding from SL2003   : Rubia tinctorum
  adding from SL2003   : Rubus saxatilis
  adding from SL2003   : Rumex pratensis (x)
  adding from SL2003   : Rumex scutatus
  adding from SL2003   : Ruppia maritima
  adding from SL2003   : Ruppia cirrhosa
  adding from SL2003   : Salsola kali ssp. kali
  adding from SL2003   : Salvia verbenaca
  adding from SL2003   : Salvia verticillata
  adding from SL2003   : Clinopodium acinos
  adding from SL2003   : Clinopodium menthifolium
  adding from SL2003   : Saxifraga granulata s. str.
  adding from SL2003   : Scandix pecten-veneris
  update from SL2003   : Scleranthus annuus
    dutch name         : Eenjarige hardbloem
  adding from SL2003   : Scleranthus perennis
  adding from SL2003   : Scorzonera humilis
  adding from SL2003   : Scrophularia vernalis
  adding from SL2003   : Sedum cepaea
  adding from SL2003   : Sedum sexangulare
  adding from SL2003   : Senecio aquaticus
  adding from SL2003   : Senecio erucifolius
  adding from SL2003   : Senecio fluviatilis
  adding from SL2003   : Senecio ovatus
  adding from SL2003   : Senecio paludosus
  adding from SL2003   : Serratula tinctoria
  adding from SL2003   : Sesleria albicans
  adding from SL2003   : Setaria pumila
  adding from SL2003   : Setaria viridis
  adding from SL2003   : Danthonia decumbens
  adding from SL2003   : Silene conica
  adding from SL2003   : Silene gallica
  adding from SL2003   : Silene nutans
  adding from SL2003   : Silene otites
  adding from SL2003   : Sisymbrium altissimum
  adding from SL2003   : Sisymbrium loeselii
  adding from SL2003   : Sisymbrium orientale
  adding from SL2003   : Sisymbrium austriacum ssp. chrysanthum
  adding from SL2003   : Sisymbrium supinum
  adding from SL2003   : Solanum triflorum
  adding from SL2003   : Spartina maritima
  adding from SL2003   : Spartina anglica
  adding from SL2003   : Spergula morisonii
  adding from SL2003   : Spergularia media ssp. angustata
  adding from SL2003   : Spergularia marina
  adding from SL2003   : Spiranthes spiralis
  conflict with SL2003 : Stellaria neglecta
    dutch (SL, Aquo)   : Heggenvogelmuur  Heggevogelmuur
  conflict with SL2003 : Suaeda maritima
    dutch (SL, Aquo)   : Schorrenkruid    Klein schorrenkruid
  adding from SL2003   : Teesdalia nudicaulis
  adding from SL2003   : Teucrium botrys
  adding from SL2003   : Teucrium chamaedrys ssp. germanicum
  adding from SL2003   : Teucrium montanum
  adding from SL2003   : Thesium humifusum
  adding from SL2003   : Thlaspi perfoliatum
  adding from SL2003   : Thymus serpyllum
  adding from SL2003   : Tilia platyphyllos
  adding from SL2003   : Crassula tillaea
  adding from SL2003   : Torilis arvensis
  adding from SL2003   : Torilis nodosa
  adding from SL2003   : Tragopogon pratensis ssp. orientalis
  adding from SL2003   : Tragopogon porrifolius
  adding from SL2003   : Trientalis europaea
  adding from SL2003   : Trifolium micranthum
  adding from SL2003   : Trifolium scabrum
  adding from SL2003   : Trifolium striatum
  adding from SL2003   : Trifolium subterraneum
  adding from SL2003   : Tuberaria guttata
  adding from SL2003   : Tulipa sylvestris
  adding from SL2003   : Arabis glabra
  adding from SL2003   : Valerianella carinata
  adding from SL2003   : Valerianella dentata
  adding from SL2003   : Valerianella rimosa
  adding from SL2003   : Verbascum blattaria
  adding from SL2003   : Verbascum lychnitis
  adding from SL2003   : Veronica opaca
  adding from SL2003   : Veronica polita
  adding from SL2003   : Veronica praecox
  adding from SL2003   : Veronica prostrata
  adding from SL2003   : Veronica austriaca ssp. teucrium
  adding from SL2003   : Veronica triphyllos
  adding from SL2003   : Veronica verna
  adding from SL2003   : Vicia lathyroides
  adding from SL2003   : Viola hirta
  adding from SL2003   : Viola rupestris
  adding from SL2003   : Vulpia bromoides
  adding from SL2003   : Zannichellia palustris ssp. palustris
  adding from SL2003   : Zannichellia palustris ssp. pedicellata
  adding from SL2003   : Zostera marina
  adding from SL2003   : Zostera noltii
  adding from SL2003   : Galeopsis pubescens
  adding from SL2003   : Hieracium peleterianum
  adding from SL2003   : Polygonum oxyspermum ssp. raii
  adding from SL2003   : Thymus praecox
  adding from SL2003   : Epipactis muelleri
  adding from SL2003   : Filago lutescens
  adding from SL2003   : Lathyrus japonicus
  adding from SL2003   : Alchemilla vulgaris
  adding from SL2003   : Alchemilla filicaulis
  adding from SL2003   : Alchemilla monticola
  adding from SL2003   : Arabis hirsuta ssp. sagittata
  adding from SL2003   : Arenaria leptoclados
  adding from SL2003   : Festuca cinerea
  update from SL2003   : Festuca ovina
    dutch name         : Genaald schapengras
  update from SL2003   : Hypericum maculatum
    dutch name         : Gevlekt hertshooi
  update from SL2003   : Odontites vernus ssp. vernus
    dutch name         : Akkerogentroost
  adding from SL2003   : Ranunculus polyanthemos ssp. polyanthemoides
  update from SL2003   : Sagina apetala ssp. apetala
    dutch name         : Donkere vetmuur
  adding from SL2003   : Sagina apetala ssp. erecta
  adding from SL2003   : Salsola kali ssp. ruthenica
  adding from SL2003   : Zannichellia palustris ssp. major
  adding from SL2003   : Allium paradoxum
  adding from SL2003   : Glyceria pedicellata (x)
  adding from SL2003   : Asplenium viride
  adding from SL2003   : Carex divulsa
  adding from SL2003   : Potamogeton fluitans (x)
  adding from SL2003   : Anemone apennina
  adding from SL2003   : Scilla siehei
  adding from SL2003   : Crocus tommasinianus
  adding from SL2003   : Crocus vernus
  adding from SL2003   : Leucojum vernum
  adding from SL2003   : Saxifraga granulata Plena
  adding from SL2003   : Adonis aestivalis
  adding from SL2003   : Potamogeton decipiens (x)
  adding from SL2003   : Epilobium tetragonum
  adding from SL2003   : Alchemilla micans
  adding from SL2003   : Alchemilla subcrenata
  adding from SL2003   : Abutilon theophrasti
  adding from SL2003   : Amaranthus albus
  adding from SL2003   : Ambrosia psilostachya
  adding from SL2003   : Amsinckia menziesii
  adding from SL2003   : Anagallis arvensis ssp. foemina
  adding from SL2003   : Anchusa ochroleuca
  adding from SL2003   : Artemisia biennis
  adding from SL2003   : Chondrilla juncea
  adding from SL2003   : Claytonia sibirica
  adding from SL2003   : Cuscuta campestris
  adding from SL2003   : Euphorbia lathyrus
  adding from SL2003   : Fumaria muralis ssp. boraei
  adding from SL2003   : Fumaria capreolata
  adding from SL2003   : Galeopsis ladanum
  adding from SL2003   : Hordeum jubatum
  adding from SL2003   : Lagurus ovatus
  adding from SL2003   : Lepidium densiflorum
  adding from SL2003   : Lepidium heterophyllum
  adding from SL2003   : Lepidium virginicum
  adding from SL2003   : Linaria repens
  adding from SL2003   : Panicum capillare
  adding from SL2003   : Plantago arenaria
  adding from SL2003   : Coincya monensis ssp. recurvata
  adding from SL2003   : Solanum nigrum ssp. schultesii
  adding from SL2003   : Solanum physalifolium
  adding from SL2003   : Sorghum halepense
  adding from SL2003   : Vicia lutea
  adding from SL2003   : Vicia tenuifolia
  adding from SL2003   : Amaranthus blitoides
  adding from SL2003   : Ceratochloa carinata
  adding from SL2003   : Hirschfeldia incana
  adding from SL2003   : Rapistrum rugosum
  adding from SL2003   : Scutellaria columnae
  adding from SL2003   : Mentha rotundifolia (x)
  adding from SL2003   : Phacelia tanacetifolia
  adding from SL2003   : Phytolacca esculenta
  adding from SL2003   : Rubus laciniatus
  adding from SL2003   : Eranthis hyemalis
  adding from SL2003   : Lunaria annua
  adding from SL2003   : Pentaglottis sempervirens
  adding from SL2003   : Rosa majalis
  adding from SL2003   : Scilla bifolia
  adding from SL2003   : Scilla siberica
  adding from SL2003   : Lamiastrum galeobdolon Florentinum
  conflict with SL2003 : Erodium cicutarium
    dutch (SL, Aquo)   : Gewone reigersbek              Reigersbek
  adding from SL2003   : Helianthemum nummularium
  adding from SL2003   : Malus sylvestris
  adding from SL2003   : Aronia prunifolia (x)
  adding from SL2003   : Polystichum setiferum
  conflict with SL2003 : Rubus corylifolius
    dutch (SL, Aquo)   : Hazelaarbraam    Hazelaarsbraam
  adding from SL2003   : Mahonia aquifolium
  adding from SL2003   : Phytolacca americana
  adding from SL2003   : Ribes alpinum
  adding from SL2003   : Viburnum lantana
  adding from SL2003   : Matteuccia struthiopteris
  adding from SL2003   : Senecio jacobaea
  adding from SL2003   : Lychnis coronaria
  adding from SL2003   : Galium palustre
  adding from SL2003   : Falcaria vulgaris
  adding from SL2003   : Lactuca virosa
  adding from SL2003   : Syringa vulgaris
  adding from SL2003   : Ranunculus polyanthemos ssp. nemorosus
  adding from SL2003   : Clinopodium calamintha
  adding from SL2003   : Ajuga pyramidalis
  adding from SL2003   : Apera interrupta
  adding from SL2003   : Montia fontana ssp. fontana
  adding from SL2003   : Salicornia pusilla
  adding from SL2003   : Taraxacum officinale
  adding from SL2003   : Herniaria hirsuta
  adding from SL2003   : Geranium purpureum
  adding from SL2003   : Geranium lucidum
  adding from SL2003   : Vulpia ciliata ssp. ciliata
  adding from SL2003   : Vulpia ciliata ssp. ambigua
  adding from SL2003   : Carex crawfordii
  adding from SL2003   : Chenopodium pumilio
  adding from SL2003   : Arctium minus
  update from SL2003   : Bidens radiata
    dutch name         : Riviertandzaad
  adding from SL2003   : Bupleurum falcatum
  conflict with SL2003 : Callitriche brutia
    dutch (SL, Aquo)   : Gesteeld sterrenkroos          Haaksterrenkroos
  adding from SL2003   : Conopodium majus
  adding from SL2003   : Elytrigia arenosa
  adding from SL2003   : Lamium maculatum Variegatum
  adding from SL2003   : Lotus corniculatus var. sativus
  adding from SL2003   : Polycarpon tetraphyllum
  adding from SL2003   : Rorippa armoracioides (x)
  update from SL2003   : Xanthium strumarium
    dutch name         : Late stekelnoot
  adding from SL2003   : Chenopodium ambrosioides
  adding from SL2003   : Dittrichia graveolens
  adding from SL2003   : Erigeron karvinskianus
  adding from SL2003   : Helleborus foetidus
  adding from SL2003   : Micropyrum tenellum
  adding from SL2003   : Pseudofumaria alba
  adding from SL2003   : Malva parviflora
  adding from SL2003   : Potamogeton sparganifolius (x)
  adding from SL2003   : Prunus mahaleb
  adding from SL2003   : Rubus phoenicolasius
  adding from SL2003   : Ulmus laevis
  adding from SL2003   : Vincetoxicum nigrum
  adding from SL2003   : Vulpia fasciculata
  adding from SL2003   : Cotoneaster integerrimus
  adding from SL2003   : Chenopodium botrys
  adding from SL2003   : Tragopogon dubius
  adding from SL2003   : Berberis thunbergii
  adding from SL2003   : Melissa officinalis
  adding from SL2003   : Scirpoides holoschoenus
  adding from SL2003   : Stachys recta
  adding from SL2003   : Vulpia membranacea
  adding from SL2003   : Amaranthus hybridus ssp. bouchonii
  adding from SL2003   : Anisantha diandra
  adding from SL2003   : Centaurea stoebe
  adding from SL2003   : Amaranthus hybridus ssp. hybridus
  adding from SL2003   : Asclepias syriaca
  adding from SL2003   : Conyza sumatrensis
  adding from SL2003   : Panicum schinzii
  adding from SL2003   : Rosa agrestis
  adding from SL2003   : Rosa caesia
  adding from SL2003   : Rosa columnifera
  adding from SL2003   : Rosa corymbifera
  adding from SL2003   : Rosa dumalis
  adding from SL2003   : Rosa elliptica
  adding from SL2003   : Rosa micrantha
  adding from SL2003   : Rosa pseudoscabriuscula
  adding from SL2003   : Rosa sherardii
  adding from SL2003   : Rosa subcanina
  adding from SL2003   : Rosa subcollina
  adding from SL2003   : Rosa tomentella
  adding from SL2003   : Rosa tomentosa
  adding from SL2003   : Rosa villosa
  adding from SL2003   : Sanguisorba minor ssp. minor
  adding from SL2003   : Vicia sativa ssp. segetalis
  adding from SL2003   : Panicum dichotomiflorum
  conflict with SL2003 : Elytrigia atherica
    dutch (SL, Aquo)   : Strandkweek      Zeekweek
Closed at 2015-01-21 10:49:29
